<?xml version="1.0" encoding="UTF-8"?>
<testsuite xmlns:xsi="http://www.w3.org/2001/XMLSchema-instance" xsi:noNamespaceSchemaLocation="https://maven.apache.org/surefire/maven-surefire-plugin/xsd/surefire-test-report-3.0.xsd" version="3.0" name="TestSuite" time="20.951" tests="46" errors="0" skipped="0" failures="6">
  <properties>
[...]
</properties>
  <testcase name="bookingDatesErrorMsg[null, 2025-12-01, 400, [must not be null], Validate Error Msg - Checkin Date is null](1)" classname="com.booking.TesNGBooking.CreateBookingTest" time="0.555">
    <system-out><![CDATA[Request method:	POST
Request URI:	https://automationintesting.online/api/auth/login
Proxy:			<none>
Request params:	<none>
Query params:	<none>
Form params:	<none>
Path params:	<none>
Headers:		Authorization=YWRtaW46cGFzc3dvcmQ=
				Accept=*/*
				Content-Type=text/plain; charset=ISO-8859-1
Cookies:		<none>
Multiparts:		<none>
Body:
{"password":"password","username":"admin"}
Request method:	POST
Request URI:	https://automationintesting.online/api/auth/login
Proxy:			<none>
Request params:	<none>
Query params:	<none>
Form params:	<none>
Path params:	<none>
Headers:		Authorization=YWRtaW46cGFzc3dvcmQ=
				Accept=*/*
				Content-Type=text/plain; charset=ISO-8859-1
Cookies:		<none>
Multiparts:		<none>
Body:
{"password":"password","username":"admin"}
HTTP/1.1 200 OK
Date: Mon, 14 Jul 2025 13:27:05 GMT
Content-Type: application/json
Transfer-Encoding: chunked
Connection: keep-alive
Report-To: {"group":"cf-nel","max_age":604800,"endpoints":[{"url":"https://a.nel.cloudflare.com/report/v4?s=gBGvSqcm7tgBiBscdHeE%2F9Qv7Rfv%2BVtv%2F1F62YbsWiP7acdiOcH%2F2hq1nB6FjOStodSJ6XjID%2FQDPyJfMskpnbX8BNbXfPPPiYhAjpnUU2dtBxtieC7ZAIxh"}]}
Nel: {"report_to":"cf-nel","success_fraction":0.0,"max_age":604800}
Cf-Cache-Status: DYNAMIC
Content-Encoding: gzip
Server: cloudflare
CF-RAY: 95f15affcf7f7e84-MAA
alt-svc: h3=":443"; ma=86400

{
    "token": "M416bqy0WDHcCwZF"
}
Request method:	POST
Request URI:	https://automationintesting.online/api/booking
Proxy:			<none>
Request params:	<none>
Query params:	<none>
Form params:	<none>
Path params:	<none>
Headers:		Accept=*/*
				Content-Type=application/json
Cookies:		<none>
Multiparts:		<none>
Body:
{
    "roomid": 1,
    "firstname": "Siva",
    "lastname": "Kumari",
    "depositpaid": true,
    "email": "test1@gmail.com",
    "phone": "24433234324",
    "bookingdates": {
        "checkin": null,
        "checkout": "2025-12-01"
    }
}
HTTP/1.1 400 Bad Request
Date: Mon, 14 Jul 2025 13:27:06 GMT
Content-Type: application/json
Transfer-Encoding: chunked
Connection: keep-alive
Report-To: {"group":"cf-nel","max_age":604800,"endpoints":[{"url":"https://a.nel.cloudflare.com/report/v4?s=AFD88LEedsneyBR2XwOedFDQlRTLY2Qt%2FbebZvBYmEElnuzsPIVoO%2FAjp6KYkgUwTfvzcJA0%2FLmKacuk4zaP3RnAi3tCMpTlHjhvGwjrMJWeZclF03lXjpIW"}]}
Nel: {"report_to":"cf-nel","success_fraction":0.0,"max_age":604800}
Cf-Cache-Status: DYNAMIC
Server: cloudflare
CF-RAY: 95f15b072d90b85b-MAA
alt-svc: h3=":443"; ma=86400

{
    "errors": [
        "must not be null"
    ]
}
Response Status Code is :400
Response Data is :[must not be null]
]]></system-out>
    <system-err><![CDATA[SLF4J: Failed to load class "org.slf4j.impl.StaticLoggerBinder".
SLF4J: Defaulting to no-operation (NOP) logger implementation
SLF4J: See http://www.slf4j.org/codes.html#StaticLoggerBinder for further details.
]]></system-err>
  </testcase>
  <testcase name="bookingDatesErrorMsg[2025-12-01, null, 400, [must not be null], Validate Error Msg - CheckOut Date is null](2)" classname="com.booking.TesNGBooking.CreateBookingTest" time="0.278">
    <system-out><![CDATA[Request method:	POST
Request URI:	https://automationintesting.online/api/booking
Proxy:			<none>
Request params:	<none>
Query params:	<none>
Form params:	<none>
Path params:	<none>
Headers:		Accept=*/*
				Content-Type=application/json
Cookies:		<none>
Multiparts:		<none>
Body:
{
    "roomid": 1,
    "firstname": "Siva",
    "lastname": "Kumari",
    "depositpaid": true,
    "email": "test1@gmail.com",
    "phone": "24433234324",
    "bookingdates": {
        "checkin": "2025-12-01",
        "checkout": null
    }
}
HTTP/1.1 400 Bad Request
Date: Mon, 14 Jul 2025 13:27:06 GMT
Content-Type: application/json
Transfer-Encoding: chunked
Connection: keep-alive
Report-To: {"group":"cf-nel","max_age":604800,"endpoints":[{"url":"https://a.nel.cloudflare.com/report/v4?s=ohS7OLPcgHHfq0oBxKE3PoWE%2FdlhQFUkfcvSAWcznjFS%2F%2BBkkKOlgjpQ28qTzqyPBw7dGIanjlxjrPjNkWJIDQXhg64fHLNf5%2FEt3gOrve7ppGzYMu4cP4oG"}]}
Nel: {"report_to":"cf-nel","success_fraction":0.0,"max_age":604800}
Cf-Cache-Status: DYNAMIC
Server: cloudflare
CF-RAY: 95f15b095b7f7ed6-MAA
alt-svc: h3=":443"; ma=86400

{
    "errors": [
        "must not be null"
    ]
}
Response Status Code is :400
Response Data is :[must not be null]
]]></system-out>
  </testcase>
  <testcase name="bookingDatesErrorMsg[null, null, 400, [must not be null, must not be null], Validate Error Msg - CheckOut Date is null](3)" classname="com.booking.TesNGBooking.CreateBookingTest" time="0.459">
    <system-out><![CDATA[Request method:	POST
Request URI:	https://automationintesting.online/api/booking
Proxy:			<none>
Request params:	<none>
Query params:	<none>
Form params:	<none>
Path params:	<none>
Headers:		Accept=*/*
				Content-Type=application/json
Cookies:		<none>
Multiparts:		<none>
Body:
{
    "roomid": 1,
    "firstname": "Siva",
    "lastname": "Kumari",
    "depositpaid": true,
    "email": "test1@gmail.com",
    "phone": "24433234324",
    "bookingdates": {
        "checkin": null,
        "checkout": null
    }
}
HTTP/1.1 400 Bad Request
Date: Mon, 14 Jul 2025 13:27:07 GMT
Content-Type: application/json
Transfer-Encoding: chunked
Connection: keep-alive
Report-To: {"group":"cf-nel","max_age":604800,"endpoints":[{"url":"https://a.nel.cloudflare.com/report/v4?s=VjKJVCbqsqZlfgXbqWhf%2BVQsKT6t7wsoy7HeN2FRZw1SyGIwPLSPKiNuQdQ%2FbsnbUJchDLXVzmlwuZKh4Wn8NkaKN6VyV0phDZ3zqzMfknu6h8wDw0Z8wYxf"}]}
Nel: {"report_to":"cf-nel","success_fraction":0.0,"max_age":604800}
Cf-Cache-Status: DYNAMIC
Server: cloudflare
CF-RAY: 95f15b0b7f587ef9-MAA
alt-svc: h3=":443"; ma=86400

{
    "errors": [
        "must not be null",
        "must not be null"
    ]
}
Response Status Code is :400
Response Data is :[must not be null, must not be null]
]]></system-out>
  </testcase>
  <testcase name="bookingDatesErrorMsg[2025/12/01, 2025-12-02, 400, [Failed to create booking], Validate Error Msg - Checkin Date format pattern is wrong](4)" classname="com.booking.TesNGBooking.CreateBookingTest" time="0.445">
    <system-out><![CDATA[Request method:	POST
Request URI:	https://automationintesting.online/api/booking
Proxy:			<none>
Request params:	<none>
Query params:	<none>
Form params:	<none>
Path params:	<none>
Headers:		Accept=*/*
				Content-Type=application/json
Cookies:		<none>
Multiparts:		<none>
Body:
{
    "roomid": 1,
    "firstname": "Siva",
    "lastname": "Kumari",
    "depositpaid": true,
    "email": "test1@gmail.com",
    "phone": "24433234324",
    "bookingdates": {
        "checkin": "2025/12/01",
        "checkout": "2025-12-02"
    }
}
HTTP/1.1 400 Bad Request
Date: Mon, 14 Jul 2025 13:27:07 GMT
Content-Type: application/json
Transfer-Encoding: chunked
Connection: keep-alive
Report-To: {"group":"cf-nel","max_age":604800,"endpoints":[{"url":"https://a.nel.cloudflare.com/report/v4?s=yRrgFm4t110ODow4S37lPhY8zgNUdQU1oLNPpqYQ6AbzLPZinjrsPdzlBa3RojXakqSF0fPp7hKCzGZqJ9QvHJqmJk8M%2Baej3FpX05mQUePwc4MuTj1ee%2F3w"}]}
Nel: {"report_to":"cf-nel","success_fraction":0.0,"max_age":604800}
Cf-Cache-Status: DYNAMIC
Server: cloudflare
CF-RAY: 95f15b0e38f17f46-MAA
alt-svc: h3=":443"; ma=86400

{
    "errors": [
        "Failed to create booking"
    ]
}
Response Status Code is :400
Response Data is :[Failed to create booking]
]]></system-out>
  </testcase>
  <testcase name="bookingDatesErrorMsg[2025-12-01, 2025/12/02, 400, [Failed to create booking], Validate Error Msg - CheckOut Date format pattern is wrong](5)" classname="com.booking.TesNGBooking.CreateBookingTest" time="0.273">
    <system-out><![CDATA[Request method:	POST
Request URI:	https://automationintesting.online/api/booking
Proxy:			<none>
Request params:	<none>
Query params:	<none>
Form params:	<none>
Path params:	<none>
Headers:		Accept=*/*
				Content-Type=application/json
Cookies:		<none>
Multiparts:		<none>
Body:
{
    "roomid": 1,
    "firstname": "Siva",
    "lastname": "Kumari",
    "depositpaid": true,
    "email": "test1@gmail.com",
    "phone": "24433234324",
    "bookingdates": {
        "checkin": "2025-12-01",
        "checkout": "2025/12/02"
    }
}
HTTP/1.1 400 Bad Request
Date: Mon, 14 Jul 2025 13:27:07 GMT
Content-Type: application/json
Transfer-Encoding: chunked
Connection: keep-alive
Report-To: {"group":"cf-nel","max_age":604800,"endpoints":[{"url":"https://a.nel.cloudflare.com/report/v4?s=EUHNh56%2FtQTrcGaybKfS1nrnB9JqdZeBVmXwQ3R4Gi3vQTFypRf7%2FM8WSyIOBYV%2BEoHB64wU%2FCk5mXw0nFg%2Fq5F44WtCqISbN2EgmKhfYUlFeCC17RKFpa4e"}]}
Nel: {"report_to":"cf-nel","success_fraction":0.0,"max_age":604800}
Cf-Cache-Status: DYNAMIC
Server: cloudflare
CF-RAY: 95f15b10beca7edc-MAA
alt-svc: h3=":443"; ma=86400

{
    "errors": [
        "Failed to create booking"
    ]
}
Response Status Code is :400
Response Data is :[Failed to create booking]
]]></system-out>
  </testcase>
  <testcase name="bookingDatesErrorMsg[2025-12-01, 2025-12-02, 400, [Both Dates are Same], Validate Error Msg - Both Checkin and Checkout date is Same](6)" classname="com.booking.TesNGBooking.CreateBookingTest" time="0.227">
    <failure message="Status Code is Wrong expected [400] but found [500]" type="java.lang.AssertionError"><![CDATA[java.lang.AssertionError: Status Code is Wrong expected [400] but found [500]
	at org.testng.Assert.fail(Assert.java:110)
	at org.testng.Assert.failNotEquals(Assert.java:1413)
	at org.testng.Assert.assertEqualsImpl(Assert.java:149)
	at org.testng.Assert.assertEquals(Assert.java:131)
	at org.testng.Assert.assertEquals(Assert.java:1264)
	at com.booking.TesNGBooking.CreateBookingTest.bookingDatesErrorMsg(CreateBookingTest.java:79)
	at java.base/jdk.internal.reflect.NativeMethodAccessorImpl.invoke0(Native Method)
	at java.base/jdk.internal.reflect.NativeMethodAccessorImpl.invoke(NativeMethodAccessorImpl.java:77)
	at java.base/jdk.internal.reflect.DelegatingMethodAccessorImpl.invoke(DelegatingMethodAccessorImpl.java:43)
	at java.base/java.lang.reflect.Method.invoke(Method.java:568)
	at org.testng.internal.invokers.MethodInvocationHelper.invokeMethod(MethodInvocationHelper.java:139)
	at org.testng.internal.invokers.TestInvoker.invokeMethod(TestInvoker.java:677)
	at org.testng.internal.invokers.TestInvoker.invokeTestMethod(TestInvoker.java:221)
	at org.testng.internal.invokers.MethodRunner.runInSequence(MethodRunner.java:50)
	at org.testng.internal.invokers.TestInvoker$MethodInvocationAgent.invoke(TestInvoker.java:962)
	at org.testng.internal.invokers.TestInvoker.invokeTestMethods(TestInvoker.java:194)
	at org.testng.internal.invokers.TestMethodWorker.invokeTestMethods(TestMethodWorker.java:148)
	at org.testng.internal.invokers.TestMethodWorker.run(TestMethodWorker.java:128)
	at java.base/java.util.ArrayList.forEach(ArrayList.java:1511)
	at org.testng.TestRunner.privateRun(TestRunner.java:806)
	at org.testng.TestRunner.run(TestRunner.java:601)
	at org.testng.SuiteRunner.runTest(SuiteRunner.java:433)
	at org.testng.SuiteRunner.runSequentially(SuiteRunner.java:427)
	at org.testng.SuiteRunner.privateRun(SuiteRunner.java:387)
	at org.testng.SuiteRunner.run(SuiteRunner.java:330)
	at org.testng.SuiteRunnerWorker.runSuite(SuiteRunnerWorker.java:52)
	at org.testng.SuiteRunnerWorker.run(SuiteRunnerWorker.java:95)
	at org.testng.TestNG.runSuitesSequentially(TestNG.java:1256)
	at org.testng.TestNG.runSuitesLocally(TestNG.java:1176)
	at org.testng.TestNG.runSuites(TestNG.java:1099)
	at org.testng.TestNG.run(TestNG.java:1067)
	at org.apache.maven.surefire.testng.TestNGExecutor.run(TestNGExecutor.java:324)
	at org.apache.maven.surefire.testng.TestNGXmlTestSuite.execute(TestNGXmlTestSuite.java:74)
	at org.apache.maven.surefire.testng.TestNGProvider.invoke(TestNGProvider.java:123)
	at org.apache.maven.surefire.booter.ForkedBooter.runSuitesInProcess(ForkedBooter.java:456)
	at org.apache.maven.surefire.booter.ForkedBooter.execute(ForkedBooter.java:169)
	at org.apache.maven.surefire.booter.ForkedBooter.run(ForkedBooter.java:595)
	at org.apache.maven.surefire.booter.ForkedBooter.main(ForkedBooter.java:581)
]]></failure>
    <system-out><![CDATA[Request method:	POST
Request URI:	https://automationintesting.online/api/booking
Proxy:			<none>
Request params:	<none>
Query params:	<none>
Form params:	<none>
Path params:	<none>
Headers:		Accept=*/*
				Content-Type=application/json
Cookies:		<none>
Multiparts:		<none>
Body:
{
    "roomid": 1,
    "firstname": "Siva",
    "lastname": "Kumari",
    "depositpaid": true,
    "email": "test1@gmail.com",
    "phone": "24433234324",
    "bookingdates": {
        "checkin": "2025-12-01",
        "checkout": "2025-12-02"
    }
}
HTTP/1.1 500 Internal Server Error
Date: Mon, 14 Jul 2025 13:27:08 GMT
Content-Type: application/json
Transfer-Encoding: chunked
Connection: keep-alive
Report-To: {"group":"cf-nel","max_age":604800,"endpoints":[{"url":"https://a.nel.cloudflare.com/report/v4?s=%2FmOiiXYh62xj5VKCtV9%2FCsfs1zNWOGbGRho%2BPwrCSWExfGeyLCegDFhVwEVkKHW%2B8%2FbxmX9%2BKXGdzfBiWlJ1cyY241GfEHI1D7L2uBivVhiavx18cKmLB7bM"}]}
Nel: {"report_to":"cf-nel","success_fraction":0.0,"max_age":604800}
Cf-Cache-Status: DYNAMIC
Server: cloudflare
CF-RAY: 95f15b126fbf7f10-MAA
alt-svc: h3=":443"; ma=86400

[
    
]
Response Status Code is :500
]]></system-out>
  </testcase>
  <testcase name="bookingDatesErrorMsg[2024-12-01, 2025-11-30, 400, [Checkin Date is less than Current Date], Validate Error Msg - Checkin Date is less than Current Date](7)" classname="com.booking.TesNGBooking.CreateBookingTest" time="0.304">
    <failure message="Status Code is Wrong expected [400] but found [500]" type="java.lang.AssertionError"><![CDATA[java.lang.AssertionError: Status Code is Wrong expected [400] but found [500]
	at org.testng.Assert.fail(Assert.java:110)
	at org.testng.Assert.failNotEquals(Assert.java:1413)
	at org.testng.Assert.assertEqualsImpl(Assert.java:149)
	at org.testng.Assert.assertEquals(Assert.java:131)
	at org.testng.Assert.assertEquals(Assert.java:1264)
	at com.booking.TesNGBooking.CreateBookingTest.bookingDatesErrorMsg(CreateBookingTest.java:79)
	at java.base/jdk.internal.reflect.NativeMethodAccessorImpl.invoke0(Native Method)
	at java.base/jdk.internal.reflect.NativeMethodAccessorImpl.invoke(NativeMethodAccessorImpl.java:77)
	at java.base/jdk.internal.reflect.DelegatingMethodAccessorImpl.invoke(DelegatingMethodAccessorImpl.java:43)
	at java.base/java.lang.reflect.Method.invoke(Method.java:568)
	at org.testng.internal.invokers.MethodInvocationHelper.invokeMethod(MethodInvocationHelper.java:139)
	at org.testng.internal.invokers.TestInvoker.invokeMethod(TestInvoker.java:677)
	at org.testng.internal.invokers.TestInvoker.invokeTestMethod(TestInvoker.java:221)
	at org.testng.internal.invokers.MethodRunner.runInSequence(MethodRunner.java:50)
	at org.testng.internal.invokers.TestInvoker$MethodInvocationAgent.invoke(TestInvoker.java:962)
	at org.testng.internal.invokers.TestInvoker.invokeTestMethods(TestInvoker.java:194)
	at org.testng.internal.invokers.TestMethodWorker.invokeTestMethods(TestMethodWorker.java:148)
	at org.testng.internal.invokers.TestMethodWorker.run(TestMethodWorker.java:128)
	at java.base/java.util.ArrayList.forEach(ArrayList.java:1511)
	at org.testng.TestRunner.privateRun(TestRunner.java:806)
	at org.testng.TestRunner.run(TestRunner.java:601)
	at org.testng.SuiteRunner.runTest(SuiteRunner.java:433)
	at org.testng.SuiteRunner.runSequentially(SuiteRunner.java:427)
	at org.testng.SuiteRunner.privateRun(SuiteRunner.java:387)
	at org.testng.SuiteRunner.run(SuiteRunner.java:330)
	at org.testng.SuiteRunnerWorker.runSuite(SuiteRunnerWorker.java:52)
	at org.testng.SuiteRunnerWorker.run(SuiteRunnerWorker.java:95)
	at org.testng.TestNG.runSuitesSequentially(TestNG.java:1256)
	at org.testng.TestNG.runSuitesLocally(TestNG.java:1176)
	at org.testng.TestNG.runSuites(TestNG.java:1099)
	at org.testng.TestNG.run(TestNG.java:1067)
	at org.apache.maven.surefire.testng.TestNGExecutor.run(TestNGExecutor.java:324)
	at org.apache.maven.surefire.testng.TestNGXmlTestSuite.execute(TestNGXmlTestSuite.java:74)
	at org.apache.maven.surefire.testng.TestNGProvider.invoke(TestNGProvider.java:123)
	at org.apache.maven.surefire.booter.ForkedBooter.runSuitesInProcess(ForkedBooter.java:456)
	at org.apache.maven.surefire.booter.ForkedBooter.execute(ForkedBooter.java:169)
	at org.apache.maven.surefire.booter.ForkedBooter.run(ForkedBooter.java:595)
	at org.apache.maven.surefire.booter.ForkedBooter.main(ForkedBooter.java:581)
]]></failure>
    <system-out><![CDATA[Request method:	POST
Request URI:	https://automationintesting.online/api/booking
Proxy:			<none>
Request params:	<none>
Query params:	<none>
Form params:	<none>
Path params:	<none>
Headers:		Accept=*/*
				Content-Type=application/json
Cookies:		<none>
Multiparts:		<none>
Body:
{
    "roomid": 1,
    "firstname": "Siva",
    "lastname": "Kumari",
    "depositpaid": true,
    "email": "test1@gmail.com",
    "phone": "24433234324",
    "bookingdates": {
        "checkin": "2024-12-01",
        "checkout": "2025-11-30"
    }
}
HTTP/1.1 500 Internal Server Error
Date: Mon, 14 Jul 2025 13:27:08 GMT
Content-Type: application/json
Transfer-Encoding: chunked
Connection: keep-alive
Report-To: {"group":"cf-nel","max_age":604800,"endpoints":[{"url":"https://a.nel.cloudflare.com/report/v4?s=i5VCAA1AyNi3u4VK2AC8Jy3Gz6wrulcQ%2Bx68T7y7AVNn8nk3oWnYk2TzA2bxD5D9gVI5uvb1DxJjwnzLEORe7UdVexm5ZfWURyIOwhj9qi2IwIAc8qDarsPP"}]}
Nel: {"report_to":"cf-nel","success_fraction":0.0,"max_age":604800}
Cf-Cache-Status: DYNAMIC
Server: cloudflare
CF-RAY: 95f15b145b697e6f-MAA
alt-svc: h3=":443"; ma=86400

[
    
]
Response Status Code is :500
]]></system-out>
  </testcase>
  <testcase name="bookingDatesErrorMsg[2025-12-01, 2024-11-30, 400, [Checkout Date is less than Current Date], Validate Error Msg - Checkout Date is less than Current Date](8)" classname="com.booking.TesNGBooking.CreateBookingTest" time="0.219">
    <failure message="Status Code is Wrong expected [400] but found [500]" type="java.lang.AssertionError"><![CDATA[java.lang.AssertionError: Status Code is Wrong expected [400] but found [500]
	at org.testng.Assert.fail(Assert.java:110)
	at org.testng.Assert.failNotEquals(Assert.java:1413)
	at org.testng.Assert.assertEqualsImpl(Assert.java:149)
	at org.testng.Assert.assertEquals(Assert.java:131)
	at org.testng.Assert.assertEquals(Assert.java:1264)
	at com.booking.TesNGBooking.CreateBookingTest.bookingDatesErrorMsg(CreateBookingTest.java:79)
	at java.base/jdk.internal.reflect.NativeMethodAccessorImpl.invoke0(Native Method)
	at java.base/jdk.internal.reflect.NativeMethodAccessorImpl.invoke(NativeMethodAccessorImpl.java:77)
	at java.base/jdk.internal.reflect.DelegatingMethodAccessorImpl.invoke(DelegatingMethodAccessorImpl.java:43)
	at java.base/java.lang.reflect.Method.invoke(Method.java:568)
	at org.testng.internal.invokers.MethodInvocationHelper.invokeMethod(MethodInvocationHelper.java:139)
	at org.testng.internal.invokers.TestInvoker.invokeMethod(TestInvoker.java:677)
	at org.testng.internal.invokers.TestInvoker.invokeTestMethod(TestInvoker.java:221)
	at org.testng.internal.invokers.MethodRunner.runInSequence(MethodRunner.java:50)
	at org.testng.internal.invokers.TestInvoker$MethodInvocationAgent.invoke(TestInvoker.java:962)
	at org.testng.internal.invokers.TestInvoker.invokeTestMethods(TestInvoker.java:194)
	at org.testng.internal.invokers.TestMethodWorker.invokeTestMethods(TestMethodWorker.java:148)
	at org.testng.internal.invokers.TestMethodWorker.run(TestMethodWorker.java:128)
	at java.base/java.util.ArrayList.forEach(ArrayList.java:1511)
	at org.testng.TestRunner.privateRun(TestRunner.java:806)
	at org.testng.TestRunner.run(TestRunner.java:601)
	at org.testng.SuiteRunner.runTest(SuiteRunner.java:433)
	at org.testng.SuiteRunner.runSequentially(SuiteRunner.java:427)
	at org.testng.SuiteRunner.privateRun(SuiteRunner.java:387)
	at org.testng.SuiteRunner.run(SuiteRunner.java:330)
	at org.testng.SuiteRunnerWorker.runSuite(SuiteRunnerWorker.java:52)
	at org.testng.SuiteRunnerWorker.run(SuiteRunnerWorker.java:95)
	at org.testng.TestNG.runSuitesSequentially(TestNG.java:1256)
	at org.testng.TestNG.runSuitesLocally(TestNG.java:1176)
	at org.testng.TestNG.runSuites(TestNG.java:1099)
	at org.testng.TestNG.run(TestNG.java:1067)
	at org.apache.maven.surefire.testng.TestNGExecutor.run(TestNGExecutor.java:324)
	at org.apache.maven.surefire.testng.TestNGXmlTestSuite.execute(TestNGXmlTestSuite.java:74)
	at org.apache.maven.surefire.testng.TestNGProvider.invoke(TestNGProvider.java:123)
	at org.apache.maven.surefire.booter.ForkedBooter.runSuitesInProcess(ForkedBooter.java:456)
	at org.apache.maven.surefire.booter.ForkedBooter.execute(ForkedBooter.java:169)
	at org.apache.maven.surefire.booter.ForkedBooter.run(ForkedBooter.java:595)
	at org.apache.maven.surefire.booter.ForkedBooter.main(ForkedBooter.java:581)
]]></failure>
    <system-out><![CDATA[Request method:	POST
Request URI:	https://automationintesting.online/api/booking
Proxy:			<none>
Request params:	<none>
Query params:	<none>
Form params:	<none>
Path params:	<none>
Headers:		Accept=*/*
				Content-Type=application/json
Cookies:		<none>
Multiparts:		<none>
Body:
{
    "roomid": 1,
    "firstname": "Siva",
    "lastname": "Kumari",
    "depositpaid": true,
    "email": "test1@gmail.com",
    "phone": "24433234324",
    "bookingdates": {
        "checkin": "2025-12-01",
        "checkout": "2024-11-30"
    }
}
HTTP/1.1 500 Internal Server Error
Date: Mon, 14 Jul 2025 13:27:08 GMT
Content-Type: application/json
Transfer-Encoding: chunked
Connection: keep-alive
Report-To: {"group":"cf-nel","max_age":604800,"endpoints":[{"url":"https://a.nel.cloudflare.com/report/v4?s=ckiSHOjAG%2B%2BNeEnYECVWp1E0%2FoiO5Jpll9IORhGQfNB4qbtwNJNdxDR2Eu4AG4DtFhW%2FNTyaEgCfDwyzqGSKOQ1jmhRPw%2FmzmFJUoNsYeaQKRTt1YE85nru5"}]}
Nel: {"report_to":"cf-nel","success_fraction":0.0,"max_age":604800}
Cf-Cache-Status: DYNAMIC
Server: cloudflare
CF-RAY: 95f15b15cea8182b-MAA
alt-svc: h3=":443"; ma=86400

[
    
]
Response Status Code is :500
]]></system-out>
  </testcase>
  <testcase name="bookingDatesErrorMsg[2025-12-01, 2025-11-30, 400, [Checkout Date is less than Checkin], Validate Error Msg - Checkout Date is less than Checkin](9)" classname="com.booking.TesNGBooking.CreateBookingTest" time="0.441">
    <failure message="Status Code is Wrong expected [400] but found [500]" type="java.lang.AssertionError"><![CDATA[java.lang.AssertionError: Status Code is Wrong expected [400] but found [500]
	at org.testng.Assert.fail(Assert.java:110)
	at org.testng.Assert.failNotEquals(Assert.java:1413)
	at org.testng.Assert.assertEqualsImpl(Assert.java:149)
	at org.testng.Assert.assertEquals(Assert.java:131)
	at org.testng.Assert.assertEquals(Assert.java:1264)
	at com.booking.TesNGBooking.CreateBookingTest.bookingDatesErrorMsg(CreateBookingTest.java:79)
	at java.base/jdk.internal.reflect.NativeMethodAccessorImpl.invoke0(Native Method)
	at java.base/jdk.internal.reflect.NativeMethodAccessorImpl.invoke(NativeMethodAccessorImpl.java:77)
	at java.base/jdk.internal.reflect.DelegatingMethodAccessorImpl.invoke(DelegatingMethodAccessorImpl.java:43)
	at java.base/java.lang.reflect.Method.invoke(Method.java:568)
	at org.testng.internal.invokers.MethodInvocationHelper.invokeMethod(MethodInvocationHelper.java:139)
	at org.testng.internal.invokers.TestInvoker.invokeMethod(TestInvoker.java:677)
	at org.testng.internal.invokers.TestInvoker.invokeTestMethod(TestInvoker.java:221)
	at org.testng.internal.invokers.MethodRunner.runInSequence(MethodRunner.java:50)
	at org.testng.internal.invokers.TestInvoker$MethodInvocationAgent.invoke(TestInvoker.java:962)
	at org.testng.internal.invokers.TestInvoker.invokeTestMethods(TestInvoker.java:194)
	at org.testng.internal.invokers.TestMethodWorker.invokeTestMethods(TestMethodWorker.java:148)
	at org.testng.internal.invokers.TestMethodWorker.run(TestMethodWorker.java:128)
	at java.base/java.util.ArrayList.forEach(ArrayList.java:1511)
	at org.testng.TestRunner.privateRun(TestRunner.java:806)
	at org.testng.TestRunner.run(TestRunner.java:601)
	at org.testng.SuiteRunner.runTest(SuiteRunner.java:433)
	at org.testng.SuiteRunner.runSequentially(SuiteRunner.java:427)
	at org.testng.SuiteRunner.privateRun(SuiteRunner.java:387)
	at org.testng.SuiteRunner.run(SuiteRunner.java:330)
	at org.testng.SuiteRunnerWorker.runSuite(SuiteRunnerWorker.java:52)
	at org.testng.SuiteRunnerWorker.run(SuiteRunnerWorker.java:95)
	at org.testng.TestNG.runSuitesSequentially(TestNG.java:1256)
	at org.testng.TestNG.runSuitesLocally(TestNG.java:1176)
	at org.testng.TestNG.runSuites(TestNG.java:1099)
	at org.testng.TestNG.run(TestNG.java:1067)
	at org.apache.maven.surefire.testng.TestNGExecutor.run(TestNGExecutor.java:324)
	at org.apache.maven.surefire.testng.TestNGXmlTestSuite.execute(TestNGXmlTestSuite.java:74)
	at org.apache.maven.surefire.testng.TestNGProvider.invoke(TestNGProvider.java:123)
	at org.apache.maven.surefire.booter.ForkedBooter.runSuitesInProcess(ForkedBooter.java:456)
	at org.apache.maven.surefire.booter.ForkedBooter.execute(ForkedBooter.java:169)
	at org.apache.maven.surefire.booter.ForkedBooter.run(ForkedBooter.java:595)
	at org.apache.maven.surefire.booter.ForkedBooter.main(ForkedBooter.java:581)
]]></failure>
    <system-out><![CDATA[Request method:	POST
Request URI:	https://automationintesting.online/api/booking
Proxy:			<none>
Request params:	<none>
Query params:	<none>
Form params:	<none>
Path params:	<none>
Headers:		Accept=*/*
				Content-Type=application/json
Cookies:		<none>
Multiparts:		<none>
Body:
{
    "roomid": 1,
    "firstname": "Siva",
    "lastname": "Kumari",
    "depositpaid": true,
    "email": "test1@gmail.com",
    "phone": "24433234324",
    "bookingdates": {
        "checkin": "2025-12-01",
        "checkout": "2025-11-30"
    }
}
HTTP/1.1 500 Internal Server Error
Date: Mon, 14 Jul 2025 13:27:08 GMT
Content-Type: application/json
Transfer-Encoding: chunked
Connection: keep-alive
Report-To: {"group":"cf-nel","max_age":604800,"endpoints":[{"url":"https://a.nel.cloudflare.com/report/v4?s=kMg6bKsN9BtWS2q107yqv%2BDQIF5Kgvk%2Fz6mgPFQR%2BXXzuUiH2A3Q%2FtZlSBa8%2FyhfkKDLB3KpVboDvML5%2F5pGrF3tRC6rpHoInP3o4dkKe8cIdzM3o3NSFswl"}]}
Nel: {"report_to":"cf-nel","success_fraction":0.0,"max_age":604800}
Cf-Cache-Status: DYNAMIC
Server: cloudflare
CF-RAY: 95f15b173a357f17-MAA
alt-svc: h3=":443"; ma=86400

[
    
]
Response Status Code is :500
]]></system-out>
  </testcase>
  <testcase name="bookingDatesErrorMsg[2024-12-25, 2024-12-26, 400, [Checkin Date is less than Current Date, Checkout Date is less than Current Date], Validate Error Msg - Checkout and Checkin Date is less than Current Date](10)" classname="com.booking.TesNGBooking.CreateBookingTest" time="0.22">
    <failure message="Status Code is Wrong expected [400] but found [200]" type="java.lang.AssertionError"><![CDATA[java.lang.AssertionError: Status Code is Wrong expected [400] but found [200]
	at org.testng.Assert.fail(Assert.java:110)
	at org.testng.Assert.failNotEquals(Assert.java:1413)
	at org.testng.Assert.assertEqualsImpl(Assert.java:149)
	at org.testng.Assert.assertEquals(Assert.java:131)
	at org.testng.Assert.assertEquals(Assert.java:1264)
	at com.booking.TesNGBooking.CreateBookingTest.bookingDatesErrorMsg(CreateBookingTest.java:79)
	at java.base/jdk.internal.reflect.NativeMethodAccessorImpl.invoke0(Native Method)
	at java.base/jdk.internal.reflect.NativeMethodAccessorImpl.invoke(NativeMethodAccessorImpl.java:77)
	at java.base/jdk.internal.reflect.DelegatingMethodAccessorImpl.invoke(DelegatingMethodAccessorImpl.java:43)
	at java.base/java.lang.reflect.Method.invoke(Method.java:568)
	at org.testng.internal.invokers.MethodInvocationHelper.invokeMethod(MethodInvocationHelper.java:139)
	at org.testng.internal.invokers.TestInvoker.invokeMethod(TestInvoker.java:677)
	at org.testng.internal.invokers.TestInvoker.invokeTestMethod(TestInvoker.java:221)
	at org.testng.internal.invokers.MethodRunner.runInSequence(MethodRunner.java:50)
	at org.testng.internal.invokers.TestInvoker$MethodInvocationAgent.invoke(TestInvoker.java:962)
	at org.testng.internal.invokers.TestInvoker.invokeTestMethods(TestInvoker.java:194)
	at org.testng.internal.invokers.TestMethodWorker.invokeTestMethods(TestMethodWorker.java:148)
	at org.testng.internal.invokers.TestMethodWorker.run(TestMethodWorker.java:128)
	at java.base/java.util.ArrayList.forEach(ArrayList.java:1511)
	at org.testng.TestRunner.privateRun(TestRunner.java:806)
	at org.testng.TestRunner.run(TestRunner.java:601)
	at org.testng.SuiteRunner.runTest(SuiteRunner.java:433)
	at org.testng.SuiteRunner.runSequentially(SuiteRunner.java:427)
	at org.testng.SuiteRunner.privateRun(SuiteRunner.java:387)
	at org.testng.SuiteRunner.run(SuiteRunner.java:330)
	at org.testng.SuiteRunnerWorker.runSuite(SuiteRunnerWorker.java:52)
	at org.testng.SuiteRunnerWorker.run(SuiteRunnerWorker.java:95)
	at org.testng.TestNG.runSuitesSequentially(TestNG.java:1256)
	at org.testng.TestNG.runSuitesLocally(TestNG.java:1176)
	at org.testng.TestNG.runSuites(TestNG.java:1099)
	at org.testng.TestNG.run(TestNG.java:1067)
	at org.apache.maven.surefire.testng.TestNGExecutor.run(TestNGExecutor.java:324)
	at org.apache.maven.surefire.testng.TestNGXmlTestSuite.execute(TestNGXmlTestSuite.java:74)
	at org.apache.maven.surefire.testng.TestNGProvider.invoke(TestNGProvider.java:123)
	at org.apache.maven.surefire.booter.ForkedBooter.runSuitesInProcess(ForkedBooter.java:456)
	at org.apache.maven.surefire.booter.ForkedBooter.execute(ForkedBooter.java:169)
	at org.apache.maven.surefire.booter.ForkedBooter.run(ForkedBooter.java:595)
	at org.apache.maven.surefire.booter.ForkedBooter.main(ForkedBooter.java:581)
]]></failure>
    <system-out><![CDATA[Request method:	POST
Request URI:	https://automationintesting.online/api/booking
Proxy:			<none>
Request params:	<none>
Query params:	<none>
Form params:	<none>
Path params:	<none>
Headers:		Accept=*/*
				Content-Type=application/json
Cookies:		<none>
Multiparts:		<none>
Body:
{
    "roomid": 1,
    "firstname": "Siva",
    "lastname": "Kumari",
    "depositpaid": true,
    "email": "test1@gmail.com",
    "phone": "24433234324",
    "bookingdates": {
        "checkin": "2024-12-25",
        "checkout": "2024-12-26"
    }
}
HTTP/1.1 200 OK
Date: Mon, 14 Jul 2025 13:27:09 GMT
Content-Type: application/json
Transfer-Encoding: chunked
Connection: keep-alive
Report-To: {"group":"cf-nel","max_age":604800,"endpoints":[{"url":"https://a.nel.cloudflare.com/report/v4?s=AGyOv%2Bz6%2BdqxXKiEjkwCtlDx%2Fgr03hLQA%2BB%2FFrGyPmBxAyNMFrmFHgFIEYSfrs3p%2B6j2jqCrUGn9Mf67RsJ5xDPcp2wImz9i%2FSEFM9dlyg3cH9RX2v6rmlks"}]}
Nel: {"report_to":"cf-nel","success_fraction":0.0,"max_age":604800}
Cf-Cache-Status: DYNAMIC
Content-Encoding: gzip
Server: cloudflare
CF-RAY: 95f15b19fe977ecd-MAA
alt-svc: h3=":443"; ma=86400

[
    
]
Response Status Code is :200
]]></system-out>
  </testcase>
  <testcase name="bookingDatesErrorMsg[test, 2025-12-01, 400, [Failed to create booking], Validate Error Msg - Checkin Date is not Date Value](11)" classname="com.booking.TesNGBooking.CreateBookingTest" time="0.239">
    <system-out><![CDATA[Request method:	POST
Request URI:	https://automationintesting.online/api/booking
Proxy:			<none>
Request params:	<none>
Query params:	<none>
Form params:	<none>
Path params:	<none>
Headers:		Accept=*/*
				Content-Type=application/json
Cookies:		<none>
Multiparts:		<none>
Body:
{
    "roomid": 1,
    "firstname": "Siva",
    "lastname": "Kumari",
    "depositpaid": true,
    "email": "test1@gmail.com",
    "phone": "24433234324",
    "bookingdates": {
        "checkin": "test",
        "checkout": "2025-12-01"
    }
}
HTTP/1.1 400 Bad Request
Date: Mon, 14 Jul 2025 13:27:09 GMT
Content-Type: application/json
Transfer-Encoding: chunked
Connection: keep-alive
Report-To: {"group":"cf-nel","max_age":604800,"endpoints":[{"url":"https://a.nel.cloudflare.com/report/v4?s=QEZLTnKziydgxWgfEGWAq71zOZzDQHVxXKDgCMTv5HL9XNp5tJdPgTPGER4U%2BBCnzmxGDsgCg7sOS6fd%2FLud77kqlyd2vFnkJNgKTS74NL7uONQehZsx6ib%2F"}]}
Nel: {"report_to":"cf-nel","success_fraction":0.0,"max_age":604800}
Cf-Cache-Status: DYNAMIC
Server: cloudflare
CF-RAY: 95f15b1b5de77f22-MAA
alt-svc: h3=":443"; ma=86400

{
    "errors": [
        "Failed to create booking"
    ]
}
Response Status Code is :400
Response Data is :[Failed to create booking]
]]></system-out>
  </testcase>
  <testcase name="bookingDatesErrorMsg[2025-12-01, test, 400, [Failed to create booking], Validate Error Msg - CheckOut Date is not Date Value](12)" classname="com.booking.TesNGBooking.CreateBookingTest" time="0.27">
    <system-out><![CDATA[Request method:	POST
Request URI:	https://automationintesting.online/api/booking
Proxy:			<none>
Request params:	<none>
Query params:	<none>
Form params:	<none>
Path params:	<none>
Headers:		Accept=*/*
				Content-Type=application/json
Cookies:		<none>
Multiparts:		<none>
Body:
{
    "roomid": 1,
    "firstname": "Siva",
    "lastname": "Kumari",
    "depositpaid": true,
    "email": "test1@gmail.com",
    "phone": "24433234324",
    "bookingdates": {
        "checkin": "2025-12-01",
        "checkout": "test"
    }
}
HTTP/1.1 400 Bad Request
Date: Mon, 14 Jul 2025 13:27:09 GMT
Content-Type: application/json
Transfer-Encoding: chunked
Connection: keep-alive
Report-To: {"group":"cf-nel","max_age":604800,"endpoints":[{"url":"https://a.nel.cloudflare.com/report/v4?s=UaOLE8Yu2wOiIF5%2By3Q92m7qnT2kT4WWVOQIZOom0eiaQGGAOnyaAatAzUmL0XFzICG%2FrN3eOJgdSRnQGQfEMVJXZEl8EVnKpgOXX6%2FDkE4EPBSkuhIkCeZn"}]}
Nel: {"report_to":"cf-nel","success_fraction":0.0,"max_age":604800}
Cf-Cache-Status: DYNAMIC
Server: cloudflare
CF-RAY: 95f15b1cd8e87ee2-MAA
alt-svc: h3=":443"; ma=86400

{
    "errors": [
        "Failed to create booking"
    ]
}
Response Status Code is :400
Response Data is :[Failed to create booking]
]]></system-out>
  </testcase>
  <testcase name="bookingFieldsErrorMsg[null, Siva, Kumari, true, test1@gmail.com, 24433234324, 400, [must be greater than or equal to 1], Room ID is null](1)" classname="com.booking.TesNGBooking.CreateBookingTest" time="0.221">
    <system-out><![CDATA[Request method:	POST
Request URI:	https://automationintesting.online/api/booking
Proxy:			<none>
Request params:	<none>
Query params:	<none>
Form params:	<none>
Path params:	<none>
Headers:		Accept=*/*
				Content-Type=application/json
Cookies:		<none>
Multiparts:		<none>
Body:
{
    "roomid": null,
    "firstname": "Siva",
    "lastname": "Kumari",
    "depositpaid": true,
    "email": "test1@gmail.com",
    "phone": "24433234324",
    "bookingdates": {
        "checkin": "2025-09-02",
        "checkout": "2025-09-03"
    }
}
HTTP/1.1 400 Bad Request
Date: Mon, 14 Jul 2025 13:27:10 GMT
Content-Type: application/json
Transfer-Encoding: chunked
Connection: keep-alive
Report-To: {"group":"cf-nel","max_age":604800,"endpoints":[{"url":"https://a.nel.cloudflare.com/report/v4?s=dHmSexic0CeYXKiau%2B209GdTAsuBBiNqeLXtemLPUFFwVvP%2F14XFaQzKuG%2Bv6hE%2FJBxtUZ6oFijpWY8T6mWct1IcuT8L9AfvFcgnWXcOp%2FnsXduf0z7qzCiF"}]}
Nel: {"report_to":"cf-nel","success_fraction":0.0,"max_age":604800}
Cf-Cache-Status: DYNAMIC
Server: cloudflare
CF-RAY: 95f15b1e9b317efe-MAA
alt-svc: h3=":443"; ma=86400

{
    "errors": [
        "must be greater than or equal to 1"
    ]
}
Status Code: 400
]]></system-out>
  </testcase>
  <testcase name="bookingFieldsErrorMsg[2, Si, Kumari, true, test1@gmail.com, 24433234324, 400, [size must be between 3 and 18], Validate Error Msg - FirstName is less than 3](2)" classname="com.booking.TesNGBooking.CreateBookingTest" time="0.238">
    <system-out><![CDATA[Request method:	POST
Request URI:	https://automationintesting.online/api/booking
Proxy:			<none>
Request params:	<none>
Query params:	<none>
Form params:	<none>
Path params:	<none>
Headers:		Accept=*/*
				Content-Type=application/json
Cookies:		<none>
Multiparts:		<none>
Body:
{
    "roomid": 2,
    "firstname": "Si",
    "lastname": "Kumari",
    "depositpaid": true,
    "email": "test1@gmail.com",
    "phone": "24433234324",
    "bookingdates": {
        "checkin": "2025-09-02",
        "checkout": "2025-09-03"
    }
}
HTTP/1.1 400 Bad Request
Date: Mon, 14 Jul 2025 13:27:10 GMT
Content-Type: application/json
Transfer-Encoding: chunked
Connection: keep-alive
Report-To: {"group":"cf-nel","max_age":604800,"endpoints":[{"url":"https://a.nel.cloudflare.com/report/v4?s=eYmpFqdW%2BU32FWiocBIIKy2iwE%2BXyMXGIn68FXKMBnYj0ZaDvtqNnFJAY3kReikRf2cGu0XOQEtqBLw%2FgUMvhcbLCP94cETKwcG1YISgUaH9UEkMqczgONmE"}]}
Nel: {"report_to":"cf-nel","success_fraction":0.0,"max_age":604800}
Cf-Cache-Status: DYNAMIC
Server: cloudflare
CF-RAY: 95f15b201b662c07-MAA
alt-svc: h3=":443"; ma=86400

{
    "errors": [
        "size must be between 3 and 18"
    ]
}
Status Code: 400
]]></system-out>
  </testcase>
  <testcase name="bookingFieldsErrorMsg[2, SivakumariSadasivam, Kumari, true, test1@gmail.com, 24433234324, 400, [size must be between 3 and 18], Validate Error Msg - FirstName is greater than 18](3)" classname="com.booking.TesNGBooking.CreateBookingTest" time="0.269">
    <system-out><![CDATA[Request method:	POST
Request URI:	https://automationintesting.online/api/booking
Proxy:			<none>
Request params:	<none>
Query params:	<none>
Form params:	<none>
Path params:	<none>
Headers:		Accept=*/*
				Content-Type=application/json
Cookies:		<none>
Multiparts:		<none>
Body:
{
    "roomid": 2,
    "firstname": "SivakumariSadasivam",
    "lastname": "Kumari",
    "depositpaid": true,
    "email": "test1@gmail.com",
    "phone": "24433234324",
    "bookingdates": {
        "checkin": "2025-09-02",
        "checkout": "2025-09-03"
    }
}
HTTP/1.1 400 Bad Request
Date: Mon, 14 Jul 2025 13:27:10 GMT
Content-Type: application/json
Transfer-Encoding: chunked
Connection: keep-alive
Report-To: {"group":"cf-nel","max_age":604800,"endpoints":[{"url":"https://a.nel.cloudflare.com/report/v4?s=bsHLMmYZF6rHv71H6YwTiZcVtSWlvfRZGq8JQ0Muh78NRlvdDrRKw31kYKjmrrKUPq743M%2BAANCh4jaGbHLVwSOvOaJo4sxCgWf4OjhmEDWfyGRKYVa8JPNL"}]}
Nel: {"report_to":"cf-nel","success_fraction":0.0,"max_age":604800}
Cf-Cache-Status: DYNAMIC
Server: cloudflare
CF-RAY: 95f15b219bcd7e73-MAA
alt-svc: h3=":443"; ma=86400

{
    "errors": [
        "size must be between 3 and 18"
    ]
}
Status Code: 400
]]></system-out>
  </testcase>
  <testcase name="bookingFieldsErrorMsg[2, , Kumari, true, test1@gmail.com, 24433234324, 400, [Firstname should not be blank, size must be between 3 and 18], Validate Error Msg - FirstName is empty](4)" classname="com.booking.TesNGBooking.CreateBookingTest" time="0.475">
    <system-out><![CDATA[Request method:	POST
Request URI:	https://automationintesting.online/api/booking
Proxy:			<none>
Request params:	<none>
Query params:	<none>
Form params:	<none>
Path params:	<none>
Headers:		Accept=*/*
				Content-Type=application/json
Cookies:		<none>
Multiparts:		<none>
Body:
{
    "roomid": 2,
    "firstname": "",
    "lastname": "Kumari",
    "depositpaid": true,
    "email": "test1@gmail.com",
    "phone": "24433234324",
    "bookingdates": {
        "checkin": "2025-09-02",
        "checkout": "2025-09-03"
    }
}
HTTP/1.1 400 Bad Request
Date: Mon, 14 Jul 2025 13:27:11 GMT
Content-Type: application/json
Transfer-Encoding: chunked
Connection: keep-alive
Report-To: {"group":"cf-nel","max_age":604800,"endpoints":[{"url":"https://a.nel.cloudflare.com/report/v4?s=ZZeMunGofL%2FQhfRaWRr%2FjE3CyhvI7xFVl8U9sXYxiIq1z7AKzH92dwNEu9jBaus%2BHcaPY83lgYPY5dN1A1Z15MeW0NNN3SQVS4sJJwiidjATIlzY0bwN2ZVh"}]}
Nel: {"report_to":"cf-nel","success_fraction":0.0,"max_age":604800}
Cf-Cache-Status: DYNAMIC
Server: cloudflare
CF-RAY: 95f15b24b98d7f3a-MAA
alt-svc: h3=":443"; ma=86400

{
    "errors": [
        "Firstname should not be blank",
        "size must be between 3 and 18"
    ]
}
Status Code: 400
]]></system-out>
  </testcase>
  <testcase name="bookingFieldsErrorMsg[2,  , Kumari, true, test1@gmail.com, 24433234324, 400, [Firstname should not be blank, size must be between 3 and 18], Validate Error Msg - FirstName is empty spaces](5)" classname="com.booking.TesNGBooking.CreateBookingTest" time="0.23">
    <system-out><![CDATA[Request method:	POST
Request URI:	https://automationintesting.online/api/booking
Proxy:			<none>
Request params:	<none>
Query params:	<none>
Form params:	<none>
Path params:	<none>
Headers:		Accept=*/*
				Content-Type=application/json
Cookies:		<none>
Multiparts:		<none>
Body:
{
    "roomid": 2,
    "firstname": " ",
    "lastname": "Kumari",
    "depositpaid": true,
    "email": "test1@gmail.com",
    "phone": "24433234324",
    "bookingdates": {
        "checkin": "2025-09-02",
        "checkout": "2025-09-03"
    }
}
HTTP/1.1 400 Bad Request
Date: Mon, 14 Jul 2025 13:27:11 GMT
Content-Type: application/json
Transfer-Encoding: chunked
Connection: keep-alive
Report-To: {"group":"cf-nel","max_age":604800,"endpoints":[{"url":"https://a.nel.cloudflare.com/report/v4?s=3meOkl9DuChM1DIrSSGqsIA1zDvpfzAofHnY356edNjZuU5I9dc0Z%2FM4ro4c2c3ZbizkwEQolgYz7Ced2RyetWvRO%2FWmTK5pAeICQw9wixBymBlj%2B4wHZQC3"}]}
Nel: {"report_to":"cf-nel","success_fraction":0.0,"max_age":604800}
Cf-Cache-Status: DYNAMIC
Server: cloudflare
CF-RAY: 95f15b262eca7e9e-MAA
alt-svc: h3=":443"; ma=86400

{
    "errors": [
        "size must be between 3 and 18",
        "Firstname should not be blank"
    ]
}
Status Code: 400
]]></system-out>
  </testcase>
  <testcase name="bookingFieldsErrorMsg[2, null, Kumari, true, test1@gmail.com, 24433234324, 400, [Firstname should not be blank], Validate Error Msg - FirstName is null](6)" classname="com.booking.TesNGBooking.CreateBookingTest" time="0.228">
    <system-out><![CDATA[Request method:	POST
Request URI:	https://automationintesting.online/api/booking
Proxy:			<none>
Request params:	<none>
Query params:	<none>
Form params:	<none>
Path params:	<none>
Headers:		Accept=*/*
				Content-Type=application/json
Cookies:		<none>
Multiparts:		<none>
Body:
{
    "roomid": 2,
    "firstname": null,
    "lastname": "Kumari",
    "depositpaid": true,
    "email": "test1@gmail.com",
    "phone": "24433234324",
    "bookingdates": {
        "checkin": "2025-09-02",
        "checkout": "2025-09-03"
    }
}
HTTP/1.1 400 Bad Request
Date: Mon, 14 Jul 2025 13:27:11 GMT
Content-Type: application/json
Transfer-Encoding: chunked
Connection: keep-alive
Report-To: {"group":"cf-nel","max_age":604800,"endpoints":[{"url":"https://a.nel.cloudflare.com/report/v4?s=JKgVLeNCCZ4D6r%2B1m90aEsQf0XmI7v1wkxP17rVWXF1v4Zq%2BIGJcRt3mzoDqLfAnxrJPRnLr%2BtvhGKin%2FhuYnqB0Mq%2BQtd%2Fin0afYdthd4SONkF%2BGxVEC0yB"}]}
Nel: {"report_to":"cf-nel","success_fraction":0.0,"max_age":604800}
Cf-Cache-Status: DYNAMIC
Server: cloudflare
CF-RAY: 95f15b27ae537ef4-MAA
alt-svc: h3=":443"; ma=86400

{
    "errors": [
        "Firstname should not be blank"
    ]
}
Status Code: 400
]]></system-out>
  </testcase>
  <testcase name="bookingFieldsErrorMsg[201, Siv, Kumari, true, test1@gmail.com, 24433234324, 200, null, Validate Success Booking - FirstName is of size 3](7)" classname="com.booking.TesNGBooking.CreateBookingTest" time="0.236">
    <system-out><![CDATA[Request method:	POST
Request URI:	https://automationintesting.online/api/booking
Proxy:			<none>
Request params:	<none>
Query params:	<none>
Form params:	<none>
Path params:	<none>
Headers:		Accept=*/*
				Content-Type=application/json
Cookies:		<none>
Multiparts:		<none>
Body:
{
    "roomid": 201,
    "firstname": "Siv",
    "lastname": "Kumari",
    "depositpaid": true,
    "email": "test1@gmail.com",
    "phone": "24433234324",
    "bookingdates": {
        "checkin": "2025-09-02",
        "checkout": "2025-09-03"
    }
}
HTTP/1.1 200 OK
Date: Mon, 14 Jul 2025 13:27:11 GMT
Content-Type: application/json
Transfer-Encoding: chunked
Connection: keep-alive
Report-To: {"group":"cf-nel","max_age":604800,"endpoints":[{"url":"https://a.nel.cloudflare.com/report/v4?s=ZKfby4moQLNnCmuKfOQ7cCXyrfjUvtY4r17DBZJUM8Hb2%2B8orhhwhHBWjAZenNXIWpB49%2F0aG4ZwP1Mgcc%2F0wUQMqqf7od8MpqrICpe94wrcXh9bsNrg7Bf%2B"}]}
Nel: {"report_to":"cf-nel","success_fraction":0.0,"max_age":604800}
Cf-Cache-Status: DYNAMIC
Content-Encoding: gzip
Server: cloudflare
CF-RAY: 95f15b292d1d182b-MAA
alt-svc: h3=":443"; ma=86400

[
    
]
Status Code: 200
]]></system-out>
  </testcase>
  <testcase name="bookingFieldsErrorMsg[401, SivakumariTestTest, Kumari, true, test1@gmail.com, 24433234324, 200, null, Validate Success Booking - FirstName is of size 18](8)" classname="com.booking.TesNGBooking.CreateBookingTest" time="0.205">
    <system-out><![CDATA[Request method:	POST
Request URI:	https://automationintesting.online/api/booking
Proxy:			<none>
Request params:	<none>
Query params:	<none>
Form params:	<none>
Path params:	<none>
Headers:		Accept=*/*
				Content-Type=application/json
Cookies:		<none>
Multiparts:		<none>
Body:
{
    "roomid": 401,
    "firstname": "SivakumariTestTest",
    "lastname": "Kumari",
    "depositpaid": true,
    "email": "test1@gmail.com",
    "phone": "24433234324",
    "bookingdates": {
        "checkin": "2025-09-03",
        "checkout": "2025-09-04"
    }
}
HTTP/1.1 200 OK
Date: Mon, 14 Jul 2025 13:27:11 GMT
Content-Type: application/json
Transfer-Encoding: chunked
Connection: keep-alive
Report-To: {"group":"cf-nel","max_age":604800,"endpoints":[{"url":"https://a.nel.cloudflare.com/report/v4?s=HbzTTzLtSF4tt6GtJqyFj0YOt5EbNb0JCsQoxaIpxTISS1eNW2nhc2x3kts3x2YTIUdfuwlb2gPHdmMO2q3towYdoJPF2hJFZlE%2F8ZmjzF%2F3uxaXUfFon77y"}]}
Nel: {"report_to":"cf-nel","success_fraction":0.0,"max_age":604800}
Cf-Cache-Status: DYNAMIC
Content-Encoding: gzip
Server: cloudflare
CF-RAY: 95f15b2a88017ef1-MAA
alt-svc: h3=":443"; ma=86400

[
    
]
Status Code: 200
]]></system-out>
  </testcase>
  <testcase name="bookingFieldsErrorMsg[2, Siva, Ku, true, test1@gmail.com, 24433234324, 400, [size must be between 3 and 30], Validate Error Msg - LastName is less than 3](9)" classname="com.booking.TesNGBooking.CreateBookingTest" time="0.344">
    <system-out><![CDATA[Request method:	POST
Request URI:	https://automationintesting.online/api/booking
Proxy:			<none>
Request params:	<none>
Query params:	<none>
Form params:	<none>
Path params:	<none>
Headers:		Accept=*/*
				Content-Type=application/json
Cookies:		<none>
Multiparts:		<none>
Body:
{
    "roomid": 2,
    "firstname": "Siva",
    "lastname": "Ku",
    "depositpaid": true,
    "email": "test1@gmail.com",
    "phone": "24433234324",
    "bookingdates": {
        "checkin": "2025-09-04",
        "checkout": "2025-09-05"
    }
}
HTTP/1.1 400 Bad Request
Date: Mon, 14 Jul 2025 13:27:12 GMT
Content-Type: application/json
Transfer-Encoding: chunked
Connection: keep-alive
Report-To: {"group":"cf-nel","max_age":604800,"endpoints":[{"url":"https://a.nel.cloudflare.com/report/v4?s=2QxrlW4zk85p3f%2Fs%2BtFJgNXr4UWrdGbyg%2FMAzxq%2BhtVFZEcb7sJONqf9Dqe%2BVlMlojybV8fwRY%2FBQfOXpYimIHlMPHWUz%2FmQfCdRsB%2FAPwHlrHbflsxsb%2Fv2"}]}
Nel: {"report_to":"cf-nel","success_fraction":0.0,"max_age":604800}
Cf-Cache-Status: DYNAMIC
Server: cloudflare
CF-RAY: 95f15b2c38539bf1-MAA
alt-svc: h3=":443"; ma=86400

{
    "errors": [
        "size must be between 3 and 30"
    ]
}
Status Code: 400
]]></system-out>
  </testcase>
  <testcase name="bookingFieldsErrorMsg[2, Siva, KumariKumariKumariKumariKumariKumari, true, test1@gmail.com, 24433234324, 400, [size must be between 3 and 30], Validate Error Msg - LastName is greater than 30](10)" classname="com.booking.TesNGBooking.CreateBookingTest" time="0.251">
    <system-out><![CDATA[Request method:	POST
Request URI:	https://automationintesting.online/api/booking
Proxy:			<none>
Request params:	<none>
Query params:	<none>
Form params:	<none>
Path params:	<none>
Headers:		Accept=*/*
				Content-Type=application/json
Cookies:		<none>
Multiparts:		<none>
Body:
{
    "roomid": 2,
    "firstname": "Siva",
    "lastname": "KumariKumariKumariKumariKumariKumari",
    "depositpaid": true,
    "email": "test1@gmail.com",
    "phone": "24433234324",
    "bookingdates": {
        "checkin": "2025-09-04",
        "checkout": "2025-09-05"
    }
}
HTTP/1.1 400 Bad Request
Date: Mon, 14 Jul 2025 13:27:12 GMT
Content-Type: application/json
Transfer-Encoding: chunked
Connection: keep-alive
Report-To: {"group":"cf-nel","max_age":604800,"endpoints":[{"url":"https://a.nel.cloudflare.com/report/v4?s=a0b82j7mn624%2F1bN56drj2w9zYre0ajy7pftXTqyPtf3%2Fd6ufIwkN3vbIzJwGuIHSTWsc%2FkwmEip5MP3t28xLTs5pwspjTWwS0tJmDRRsH1KX46WIaZRbDps"}]}
Nel: {"report_to":"cf-nel","success_fraction":0.0,"max_age":604800}
Cf-Cache-Status: DYNAMIC
Server: cloudflare
CF-RAY: 95f15b2e2eee7ee0-MAA
alt-svc: h3=":443"; ma=86400

{
    "errors": [
        "size must be between 3 and 30"
    ]
}
Status Code: 400
]]></system-out>
  </testcase>
  <testcase name="bookingFieldsErrorMsg[101, Siva, Kum, true, test1@gmail.com, 24433234324, 200, null, Validate Success Booking - LastName is of size 3](11)" classname="com.booking.TesNGBooking.CreateBookingTest" time="0.244">
    <system-out><![CDATA[Request method:	POST
Request URI:	https://automationintesting.online/api/booking
Proxy:			<none>
Request params:	<none>
Query params:	<none>
Form params:	<none>
Path params:	<none>
Headers:		Accept=*/*
				Content-Type=application/json
Cookies:		<none>
Multiparts:		<none>
Body:
{
    "roomid": 101,
    "firstname": "Siva",
    "lastname": "Kum",
    "depositpaid": true,
    "email": "test1@gmail.com",
    "phone": "24433234324",
    "bookingdates": {
        "checkin": "2025-09-04",
        "checkout": "2025-09-05"
    }
}
HTTP/1.1 200 OK
Date: Mon, 14 Jul 2025 13:27:12 GMT
Content-Type: application/json
Transfer-Encoding: chunked
Connection: keep-alive
Report-To: {"group":"cf-nel","max_age":604800,"endpoints":[{"url":"https://a.nel.cloudflare.com/report/v4?s=tVaJSn5fhRuSc4lmYYKRIgm5NF4IZFI0h3Ok7tGNu2X4adGU7uuFkJsou1F%2Fq0NaZBWfPYOKw4FuD3reStsgzSxs2%2FGarDNxP%2FibxafVzo3S4JDKVIqNoCnG"}]}
Nel: {"report_to":"cf-nel","success_fraction":0.0,"max_age":604800}
Cf-Cache-Status: DYNAMIC
Content-Encoding: gzip
Server: cloudflare
CF-RAY: 95f15b2facad7eec-MAA
alt-svc: h3=":443"; ma=86400

[
    
]
Status Code: 200
]]></system-out>
  </testcase>
  <testcase name="bookingFieldsErrorMsg[301, Siva, KumariKumariKumariKumariKumari, true, test1@gmail.com, 24433234324, 200, null, Validate Success Booking - LastName is of size 30](12)" classname="com.booking.TesNGBooking.CreateBookingTest" time="0.285">
    <system-out><![CDATA[Request method:	POST
Request URI:	https://automationintesting.online/api/booking
Proxy:			<none>
Request params:	<none>
Query params:	<none>
Form params:	<none>
Path params:	<none>
Headers:		Accept=*/*
				Content-Type=application/json
Cookies:		<none>
Multiparts:		<none>
Body:
{
    "roomid": 301,
    "firstname": "Siva",
    "lastname": "KumariKumariKumariKumariKumari",
    "depositpaid": true,
    "email": "test1@gmail.com",
    "phone": "24433234324",
    "bookingdates": {
        "checkin": "2025-09-05",
        "checkout": "2025-09-06"
    }
}
HTTP/1.1 200 OK
Date: Mon, 14 Jul 2025 13:27:13 GMT
Content-Type: application/json
Transfer-Encoding: chunked
Connection: keep-alive
Report-To: {"group":"cf-nel","max_age":604800,"endpoints":[{"url":"https://a.nel.cloudflare.com/report/v4?s=wdrOONs03jrLkmw4I17ANAgN7fn6rex5GehF33NXjMwuI%2BUSw9uWd5a7ByQI%2BblnohuuQOHL5UUqBw6cAD%2Fajs%2FSRs0nKNmDHwFRKFcZ0uY2JkydANYF2ucP"}]}
Nel: {"report_to":"cf-nel","success_fraction":0.0,"max_age":604800}
Cf-Cache-Status: DYNAMIC
Content-Encoding: gzip
Server: cloudflare
CF-RAY: 95f15b3179be4fd4-MAA
alt-svc: h3=":443"; ma=86400

[
    
]
Status Code: 200
]]></system-out>
  </testcase>
  <testcase name="bookingFieldsErrorMsg[2, Siva, , true, test1@gmail.com, 24433234324, 400, [Lastname should not be blank, size must be between 3 and 30], Validate Error Msg - LastName is empty](13)" classname="com.booking.TesNGBooking.CreateBookingTest" time="0.23">
    <system-out><![CDATA[Request method:	POST
Request URI:	https://automationintesting.online/api/booking
Proxy:			<none>
Request params:	<none>
Query params:	<none>
Form params:	<none>
Path params:	<none>
Headers:		Accept=*/*
				Content-Type=application/json
Cookies:		<none>
Multiparts:		<none>
Body:
{
    "roomid": 2,
    "firstname": "Siva",
    "lastname": "",
    "depositpaid": true,
    "email": "test1@gmail.com",
    "phone": "24433234324",
    "bookingdates": {
        "checkin": "2025-09-06",
        "checkout": "2025-09-07"
    }
}
HTTP/1.1 400 Bad Request
Date: Mon, 14 Jul 2025 13:27:13 GMT
Content-Type: application/json
Transfer-Encoding: chunked
Connection: keep-alive
Report-To: {"group":"cf-nel","max_age":604800,"endpoints":[{"url":"https://a.nel.cloudflare.com/report/v4?s=FWXqZpv%2BUNkW89HtjCRdABpJPEsmpqPII6sl0WJ4yZU6KkhY69zlNeXt1dF3jk9Xh5Wccl2ZO44eUhwVtekMQjAmz5jB%2F%2FUwQ9JQwH61Kv1Wr9m9WfnuaIwI"}]}
Nel: {"report_to":"cf-nel","success_fraction":0.0,"max_age":604800}
Cf-Cache-Status: DYNAMIC
Server: cloudflare
CF-RAY: 95f15b32f82c7eec-MAA
alt-svc: h3=":443"; ma=86400

{
    "errors": [
        "size must be between 3 and 30",
        "Lastname should not be blank"
    ]
}
Status Code: 400
]]></system-out>
  </testcase>
  <testcase name="bookingFieldsErrorMsg[2, Siva,  , true, test1@gmail.com, 24433234324, 400, [Lastname should not be blank, size must be between 3 and 30], Validate Error Msg - LastName is empty with spaces](14)" classname="com.booking.TesNGBooking.CreateBookingTest" time="0.232">
    <system-out><![CDATA[Request method:	POST
Request URI:	https://automationintesting.online/api/booking
Proxy:			<none>
Request params:	<none>
Query params:	<none>
Form params:	<none>
Path params:	<none>
Headers:		Accept=*/*
				Content-Type=application/json
Cookies:		<none>
Multiparts:		<none>
Body:
{
    "roomid": 2,
    "firstname": "Siva",
    "lastname": " ",
    "depositpaid": true,
    "email": "test1@gmail.com",
    "phone": "24433234324",
    "bookingdates": {
        "checkin": "2025-09-06",
        "checkout": "2025-09-07"
    }
}
HTTP/1.1 400 Bad Request
Date: Mon, 14 Jul 2025 13:27:13 GMT
Content-Type: application/json
Transfer-Encoding: chunked
Connection: keep-alive
Report-To: {"group":"cf-nel","max_age":604800,"endpoints":[{"url":"https://a.nel.cloudflare.com/report/v4?s=pxRcQOmmoQxU2HN%2BC1r4QRseezsCtSsWH8UD5shPu5WeXqgzT%2BHqwsyJXCsyH%2BTjf7ab91UM%2BXJqBM%2BEVa7LsWOAe3MypM%2BaBoWK%2B6ISruMtNXUtwQkPESbb"}]}
Nel: {"report_to":"cf-nel","success_fraction":0.0,"max_age":604800}
Cf-Cache-Status: DYNAMIC
Server: cloudflare
CF-RAY: 95f15b34787b182b-MAA
alt-svc: h3=":443"; ma=86400

{
    "errors": [
        "Lastname should not be blank",
        "size must be between 3 and 30"
    ]
}
Status Code: 400
]]></system-out>
  </testcase>
  <testcase name="bookingFieldsErrorMsg[2, Siva, null, true, test1@gmail.com, 24433234324, 400, [Lastname should not be blank], Validate Error Msg - LastName is null](15)" classname="com.booking.TesNGBooking.CreateBookingTest" time="0.59">
    <system-out><![CDATA[Request method:	POST
Request URI:	https://automationintesting.online/api/booking
Proxy:			<none>
Request params:	<none>
Query params:	<none>
Form params:	<none>
Path params:	<none>
Headers:		Accept=*/*
				Content-Type=application/json
Cookies:		<none>
Multiparts:		<none>
Body:
{
    "roomid": 2,
    "firstname": "Siva",
    "lastname": null,
    "depositpaid": true,
    "email": "test1@gmail.com",
    "phone": "24433234324",
    "bookingdates": {
        "checkin": "2025-09-06",
        "checkout": "2025-09-07"
    }
}
HTTP/1.1 400 Bad Request
Date: Mon, 14 Jul 2025 13:27:13 GMT
Content-Type: application/json
Transfer-Encoding: chunked
Connection: keep-alive
Report-To: {"group":"cf-nel","max_age":604800,"endpoints":[{"url":"https://a.nel.cloudflare.com/report/v4?s=nhpZFtniLBVI6Mp%2B4pvsF%2FUXetWzNmN6RoNXSnpzoBZ%2FLKkDfizL9Ci35AOKyxzTCM4qGqetzTrrYziwW5SiNsY3oA1V7s2ivL5axnuXjtoT0icjIWkkaG6m"}]}
Nel: {"report_to":"cf-nel","success_fraction":0.0,"max_age":604800}
Cf-Cache-Status: DYNAMIC
Server: cloudflare
CF-RAY: 95f15b376a4e7f19-MAA
alt-svc: h3=":443"; ma=86400

{
    "errors": [
        "Lastname should not be blank"
    ]
}
Status Code: 400
]]></system-out>
  </testcase>
  <testcase name="bookingFieldsErrorMsg[2, Siva, Kumari, true, test@gmail, 24433234324, 400, [must not be empty], Validate Error Msg - Email Value is Without .com](16)" classname="com.booking.TesNGBooking.CreateBookingTest" time="0.241">
    <failure message="Wrong status code expected [400] but found [200]" type="java.lang.AssertionError"><![CDATA[java.lang.AssertionError: Wrong status code expected [400] but found [200]
	at org.testng.Assert.fail(Assert.java:110)
	at org.testng.Assert.failNotEquals(Assert.java:1413)
	at org.testng.Assert.assertEqualsImpl(Assert.java:149)
	at org.testng.Assert.assertEquals(Assert.java:131)
	at org.testng.Assert.assertEquals(Assert.java:1240)
	at com.booking.TesNGBooking.CreateBookingTest.bookingFieldsErrorMsg(CreateBookingTest.java:57)
	at java.base/jdk.internal.reflect.NativeMethodAccessorImpl.invoke0(Native Method)
	at java.base/jdk.internal.reflect.NativeMethodAccessorImpl.invoke(NativeMethodAccessorImpl.java:77)
	at java.base/jdk.internal.reflect.DelegatingMethodAccessorImpl.invoke(DelegatingMethodAccessorImpl.java:43)
	at java.base/java.lang.reflect.Method.invoke(Method.java:568)
	at org.testng.internal.invokers.MethodInvocationHelper.invokeMethod(MethodInvocationHelper.java:139)
	at org.testng.internal.invokers.TestInvoker.invokeMethod(TestInvoker.java:677)
	at org.testng.internal.invokers.TestInvoker.invokeTestMethod(TestInvoker.java:221)
	at org.testng.internal.invokers.MethodRunner.runInSequence(MethodRunner.java:50)
	at org.testng.internal.invokers.TestInvoker$MethodInvocationAgent.invoke(TestInvoker.java:962)
	at org.testng.internal.invokers.TestInvoker.invokeTestMethods(TestInvoker.java:194)
	at org.testng.internal.invokers.TestMethodWorker.invokeTestMethods(TestMethodWorker.java:148)
	at org.testng.internal.invokers.TestMethodWorker.run(TestMethodWorker.java:128)
	at java.base/java.util.ArrayList.forEach(ArrayList.java:1511)
	at org.testng.TestRunner.privateRun(TestRunner.java:806)
	at org.testng.TestRunner.run(TestRunner.java:601)
	at org.testng.SuiteRunner.runTest(SuiteRunner.java:433)
	at org.testng.SuiteRunner.runSequentially(SuiteRunner.java:427)
	at org.testng.SuiteRunner.privateRun(SuiteRunner.java:387)
	at org.testng.SuiteRunner.run(SuiteRunner.java:330)
	at org.testng.SuiteRunnerWorker.runSuite(SuiteRunnerWorker.java:52)
	at org.testng.SuiteRunnerWorker.run(SuiteRunnerWorker.java:95)
	at org.testng.TestNG.runSuitesSequentially(TestNG.java:1256)
	at org.testng.TestNG.runSuitesLocally(TestNG.java:1176)
	at org.testng.TestNG.runSuites(TestNG.java:1099)
	at org.testng.TestNG.run(TestNG.java:1067)
	at org.apache.maven.surefire.testng.TestNGExecutor.run(TestNGExecutor.java:324)
	at org.apache.maven.surefire.testng.TestNGXmlTestSuite.execute(TestNGXmlTestSuite.java:74)
	at org.apache.maven.surefire.testng.TestNGProvider.invoke(TestNGProvider.java:123)
	at org.apache.maven.surefire.booter.ForkedBooter.runSuitesInProcess(ForkedBooter.java:456)
	at org.apache.maven.surefire.booter.ForkedBooter.execute(ForkedBooter.java:169)
	at org.apache.maven.surefire.booter.ForkedBooter.run(ForkedBooter.java:595)
	at org.apache.maven.surefire.booter.ForkedBooter.main(ForkedBooter.java:581)
]]></failure>
    <system-out><![CDATA[Request method:	POST
Request URI:	https://automationintesting.online/api/booking
Proxy:			<none>
Request params:	<none>
Query params:	<none>
Form params:	<none>
Path params:	<none>
Headers:		Accept=*/*
				Content-Type=application/json
Cookies:		<none>
Multiparts:		<none>
Body:
{
    "roomid": 2,
    "firstname": "Siva",
    "lastname": "Kumari",
    "depositpaid": true,
    "email": "test@gmail",
    "phone": "24433234324",
    "bookingdates": {
        "checkin": "2025-09-06",
        "checkout": "2025-09-07"
    }
}
HTTP/1.1 200 OK
Date: Mon, 14 Jul 2025 13:27:14 GMT
Content-Type: application/json
Transfer-Encoding: chunked
Connection: keep-alive
Report-To: {"group":"cf-nel","max_age":604800,"endpoints":[{"url":"https://a.nel.cloudflare.com/report/v4?s=5ZDUAdicJB7ASnSEv2QfU05qHwNTLpdxCZwPaDSUYXv7ROTnRqj%2B6eQ8GL1ApyWD4vRAEz%2B0FEsISQjCc%2BHTcTu72%2FA8VCbyrmcNkiCJPNa%2FrFTHcTVfFE5K"}]}
Nel: {"report_to":"cf-nel","success_fraction":0.0,"max_age":604800}
Cf-Cache-Status: DYNAMIC
Content-Encoding: gzip
Server: cloudflare
CF-RAY: 95f15b3998af7ef8-MAA
alt-svc: h3=":443"; ma=86400

[
    
]
Status Code: 200
]]></system-out>
  </testcase>
  <testcase name="bookingFieldsErrorMsg[2, Siva, Kumari, true, test@, 24433234324, 400, [must be a well-formed email address], Validate Error Msg - Email Value is Without Domain(No content after@)](17)" classname="com.booking.TesNGBooking.CreateBookingTest" time="1.308">
    <system-out><![CDATA[Request method:	POST
Request URI:	https://automationintesting.online/api/booking
Proxy:			<none>
Request params:	<none>
Query params:	<none>
Form params:	<none>
Path params:	<none>
Headers:		Accept=*/*
				Content-Type=application/json
Cookies:		<none>
Multiparts:		<none>
Body:
{
    "roomid": 2,
    "firstname": "Siva",
    "lastname": "Kumari",
    "depositpaid": true,
    "email": "test@",
    "phone": "24433234324",
    "bookingdates": {
        "checkin": "2025-09-06",
        "checkout": "2025-09-07"
    }
}
HTTP/1.1 400 Bad Request
Date: Mon, 14 Jul 2025 13:27:15 GMT
Content-Type: application/json
Transfer-Encoding: chunked
Connection: keep-alive
Report-To: {"group":"cf-nel","max_age":604800,"endpoints":[{"url":"https://a.nel.cloudflare.com/report/v4?s=%2FNTkMpKZQv%2FXQFMN2esBfH%2FRYKllheGfn9S6bX2an1dYl5qSXeYPeY2n89oD8UVWXbrt427yjHZY2XTx3girIf7VOAcapj53bppV8wO1BmH2c1EbZjsUfMgH"}]}
Nel: {"report_to":"cf-nel","success_fraction":0.0,"max_age":604800}
Cf-Cache-Status: DYNAMIC
Server: cloudflare
CF-RAY: 95f15b4179ca7f44-MAA
alt-svc: h3=":443"; ma=86400

{
    "errors": [
        "must be a well-formed email address"
    ]
}
Status Code: 400
]]></system-out>
  </testcase>
  <testcase name="bookingFieldsErrorMsg[2, Siva, Kumari, true, test, 24433234324, 400, [must be a well-formed email address], Validate Error Msg - Email Value is Without @](18)" classname="com.booking.TesNGBooking.CreateBookingTest" time="0.257">
    <system-out><![CDATA[Request method:	POST
Request URI:	https://automationintesting.online/api/booking
Proxy:			<none>
Request params:	<none>
Query params:	<none>
Form params:	<none>
Path params:	<none>
Headers:		Accept=*/*
				Content-Type=application/json
Cookies:		<none>
Multiparts:		<none>
Body:
{
    "roomid": 2,
    "firstname": "Siva",
    "lastname": "Kumari",
    "depositpaid": true,
    "email": "test",
    "phone": "24433234324",
    "bookingdates": {
        "checkin": "2025-09-06",
        "checkout": "2025-09-07"
    }
}
HTTP/1.1 400 Bad Request
Date: Mon, 14 Jul 2025 13:27:15 GMT
Content-Type: application/json
Transfer-Encoding: chunked
Connection: keep-alive
Report-To: {"group":"cf-nel","max_age":604800,"endpoints":[{"url":"https://a.nel.cloudflare.com/report/v4?s=XHlUbIfLE2DwbZVzlT%2BcZs4fAEnfFz5Klt7GNdtzeyAmGNyiz2VZSgXgbV%2BslAfTUP40H6Dl1LyQ6jNLkuVNsNYivzbyIp%2FwGV8G%2BUbKStjE3C%2Fpqw1tFsSH"}]}
Nel: {"report_to":"cf-nel","success_fraction":0.0,"max_age":604800}
Cf-Cache-Status: DYNAMIC
Server: cloudflare
CF-RAY: 95f15b437a427f3e-MAA
alt-svc: h3=":443"; ma=86400

{
    "errors": [
        "must be a well-formed email address"
    ]
}
Status Code: 400
]]></system-out>
  </testcase>
  <testcase name="bookingFieldsErrorMsg[2, Siva, Kumari, true, , 24433234324, 400, [must not be empty], Validate Error Msg - Email Value is Empty](19)" classname="com.booking.TesNGBooking.CreateBookingTest" time="0.632">
    <system-out><![CDATA[Request method:	POST
Request URI:	https://automationintesting.online/api/booking
Proxy:			<none>
Request params:	<none>
Query params:	<none>
Form params:	<none>
Path params:	<none>
Headers:		Accept=*/*
				Content-Type=application/json
Cookies:		<none>
Multiparts:		<none>
Body:
{
    "roomid": 2,
    "firstname": "Siva",
    "lastname": "Kumari",
    "depositpaid": true,
    "email": "",
    "phone": "24433234324",
    "bookingdates": {
        "checkin": "2025-09-06",
        "checkout": "2025-09-07"
    }
}
HTTP/1.1 400 Bad Request
Date: Mon, 14 Jul 2025 13:27:16 GMT
Content-Type: application/json
Transfer-Encoding: chunked
Connection: keep-alive
Report-To: {"group":"cf-nel","max_age":604800,"endpoints":[{"url":"https://a.nel.cloudflare.com/report/v4?s=sIHBz%2F57TDJUt%2FSzYlZBvbhkTBtR0Sv8W2QIGp4Zi1mOa6Z6LZJXaSeFpJHOUhMJuAbkQiVEzYy%2FQnVHSweQRP%2Frl2rhwezO9yz5%2B%2FClcyqcLSdW4Iolqz3Z"}]}
Nel: {"report_to":"cf-nel","success_fraction":0.0,"max_age":604800}
Cf-Cache-Status: DYNAMIC
Server: cloudflare
CF-RAY: 95f15b46e8b17e67-MAA
alt-svc: h3=":443"; ma=86400

{
    "errors": [
        "must not be empty"
    ]
}
Status Code: 400
]]></system-out>
  </testcase>
  <testcase name="bookingFieldsErrorMsg[2, Siva, Kumari, true,  , 24433234324, 400, [must be a well-formed email address], Validate Error Msg - Email Value is Empty with Space](20)" classname="com.booking.TesNGBooking.CreateBookingTest" time="0.354">
    <system-out><![CDATA[Request method:	POST
Request URI:	https://automationintesting.online/api/booking
Proxy:			<none>
Request params:	<none>
Query params:	<none>
Form params:	<none>
Path params:	<none>
Headers:		Accept=*/*
				Content-Type=application/json
Cookies:		<none>
Multiparts:		<none>
Body:
{
    "roomid": 2,
    "firstname": "Siva",
    "lastname": "Kumari",
    "depositpaid": true,
    "email": " ",
    "phone": "24433234324",
    "bookingdates": {
        "checkin": "2025-09-06",
        "checkout": "2025-09-07"
    }
}
HTTP/1.1 400 Bad Request
Date: Mon, 14 Jul 2025 13:27:16 GMT
Content-Type: application/json
Transfer-Encoding: chunked
Connection: keep-alive
Report-To: {"group":"cf-nel","max_age":604800,"endpoints":[{"url":"https://a.nel.cloudflare.com/report/v4?s=g%2Bu1db9hrH02CitaOMqFBEgs2cUUdQDqq6wppRqX%2F57XB4FFb9I0SO9d1dBWIoVaDxKwUsh3r5g1TMntKSzyWshhy28OhJAHfrG%2Bq%2BoMC3vyN0p0LjRn2hfg"}]}
Nel: {"report_to":"cf-nel","success_fraction":0.0,"max_age":604800}
Cf-Cache-Status: DYNAMIC
Server: cloudflare
CF-RAY: 95f15b49ba447ec1-MAA
alt-svc: h3=":443"; ma=86400

{
    "errors": [
        "must be a well-formed email address"
    ]
}
Status Code: 400
]]></system-out>
  </testcase>
  <testcase name="bookingFieldsErrorMsg[2, Siva, Kumari, true, null, 24433234324, 400, [Failed to create booking], Validate Error Msg - Email Value is null](21)" classname="com.booking.TesNGBooking.CreateBookingTest" time="0.26">
    <system-out><![CDATA[Request method:	POST
Request URI:	https://automationintesting.online/api/booking
Proxy:			<none>
Request params:	<none>
Query params:	<none>
Form params:	<none>
Path params:	<none>
Headers:		Accept=*/*
				Content-Type=application/json
Cookies:		<none>
Multiparts:		<none>
Body:
{
    "roomid": 2,
    "firstname": "Siva",
    "lastname": "Kumari",
    "depositpaid": true,
    "email": null,
    "phone": "24433234324",
    "bookingdates": {
        "checkin": "2025-09-06",
        "checkout": "2025-09-07"
    }
}
HTTP/1.1 400 Bad Request
Date: Mon, 14 Jul 2025 13:27:17 GMT
Content-Type: application/json
Transfer-Encoding: chunked
Connection: keep-alive
Report-To: {"group":"cf-nel","max_age":604800,"endpoints":[{"url":"https://a.nel.cloudflare.com/report/v4?s=HcK91yG5XCyR8pHB9kfNbCJcS6yWC%2FpPLLm%2BOsCrHk%2FoFX6YAqQvXNI9FsA3Pf%2BnKowquhtWQae2lMAQ1p9nqaaw50uDjO4nhHli6q5U1i1wh4qBS2rkqftU"}]}
Nel: {"report_to":"cf-nel","success_fraction":0.0,"max_age":604800}
Cf-Cache-Status: DYNAMIC
Server: cloudflare
CF-RAY: 95f15b4b5a739d73-MAA
alt-svc: h3=":443"; ma=86400

{
    "errors": [
        "Failed to create booking"
    ]
}
Status Code: 400
]]></system-out>
  </testcase>
  <testcase name="bookingFieldsErrorMsg[2, Siva, Kumari, true, test1@gmail.com, 4433234324, 400, [size must be between 11 and 21], Validate Error Msg - Phone Value is less than 11 numbers](22)" classname="com.booking.TesNGBooking.CreateBookingTest" time="0.391">
    <system-out><![CDATA[Request method:	POST
Request URI:	https://automationintesting.online/api/booking
Proxy:			<none>
Request params:	<none>
Query params:	<none>
Form params:	<none>
Path params:	<none>
Headers:		Accept=*/*
				Content-Type=application/json
Cookies:		<none>
Multiparts:		<none>
Body:
{
    "roomid": 2,
    "firstname": "Siva",
    "lastname": "Kumari",
    "depositpaid": true,
    "email": "test1@gmail.com",
    "phone": "4433234324",
    "bookingdates": {
        "checkin": "2025-09-06",
        "checkout": "2025-09-07"
    }
}
HTTP/1.1 400 Bad Request
Date: Mon, 14 Jul 2025 13:27:17 GMT
Content-Type: application/json
Transfer-Encoding: chunked
Connection: keep-alive
Report-To: {"group":"cf-nel","max_age":604800,"endpoints":[{"url":"https://a.nel.cloudflare.com/report/v4?s=G%2FLWZYvRHlyPwy9JGV%2FqYwCKjR4LNurlrdPbqXFztyUe5tRBN%2FEW%2Bkh2WUYOAs6voRK%2Fdrz%2BZoJay04iOzcwrJgCCLFkazlvWy6VX0cEGUY%2FqQdI2ne6zLdv"}]}
Nel: {"report_to":"cf-nel","success_fraction":0.0,"max_age":604800}
Cf-Cache-Status: DYNAMIC
Server: cloudflare
CF-RAY: 95f15b4dcb0f7e7e-MAA
alt-svc: h3=":443"; ma=86400

{
    "errors": [
        "size must be between 11 and 21"
    ]
}
Status Code: 400
]]></system-out>
  </testcase>
  <testcase name="bookingFieldsErrorMsg[2, Siva, Kumari, true, test1@gmail.com, 4433234324443323432422, 400, [size must be between 11 and 21], Validate Error Msg - Phone Value is more than 21 numbers](23)" classname="com.booking.TesNGBooking.CreateBookingTest" time="0.605">
    <system-out><![CDATA[Request method:	POST
Request URI:	https://automationintesting.online/api/booking
Proxy:			<none>
Request params:	<none>
Query params:	<none>
Form params:	<none>
Path params:	<none>
Headers:		Accept=*/*
				Content-Type=application/json
Cookies:		<none>
Multiparts:		<none>
Body:
{
    "roomid": 2,
    "firstname": "Siva",
    "lastname": "Kumari",
    "depositpaid": true,
    "email": "test1@gmail.com",
    "phone": "4433234324443323432422",
    "bookingdates": {
        "checkin": "2025-09-06",
        "checkout": "2025-09-07"
    }
}
HTTP/1.1 400 Bad Request
Date: Mon, 14 Jul 2025 13:27:18 GMT
Content-Type: application/json
Transfer-Encoding: chunked
Connection: keep-alive
Report-To: {"group":"cf-nel","max_age":604800,"endpoints":[{"url":"https://a.nel.cloudflare.com/report/v4?s=8VvdpufQ4%2F1ocvQisr5ghKuuZdbOVvLkFWgJRGW6pqZh3faMtUro0WNJDJevv3faJLRMQPfX%2BTqPHvkbLP0QHEX1y2nFGi%2BSPJKgl49tDQ%2F2QbYd3oO6YkCL"}]}
Nel: {"report_to":"cf-nel","success_fraction":0.0,"max_age":604800}
Cf-Cache-Status: DYNAMIC
Server: cloudflare
CF-RAY: 95f15b51afd5f242-MAA
alt-svc: h3=":443"; ma=86400

{
    "errors": [
        "size must be between 11 and 21"
    ]
}
Status Code: 400
]]></system-out>
  </testcase>
  <testcase name="bookingFieldsErrorMsg[4, Siva, Kumari, true, test1@gmail.com, 44332343244, 200, null, Validate Success Booking - Phone Value size is 11](24)" classname="com.booking.TesNGBooking.CreateBookingTest" time="2.092">
    <system-out><![CDATA[Request method:	POST
Request URI:	https://automationintesting.online/api/booking
Proxy:			<none>
Request params:	<none>
Query params:	<none>
Form params:	<none>
Path params:	<none>
Headers:		Accept=*/*
				Content-Type=application/json
Cookies:		<none>
Multiparts:		<none>
Body:
{
    "roomid": 4,
    "firstname": "Siva",
    "lastname": "Kumari",
    "depositpaid": true,
    "email": "test1@gmail.com",
    "phone": "44332343244",
    "bookingdates": {
        "checkin": "2025-09-06",
        "checkout": "2025-09-07"
    }
}
HTTP/1.1 200 OK
Date: Mon, 14 Jul 2025 13:27:20 GMT
Content-Type: application/json
Transfer-Encoding: chunked
Connection: keep-alive
Report-To: {"group":"cf-nel","max_age":604800,"endpoints":[{"url":"https://a.nel.cloudflare.com/report/v4?s=GcDdyFaNaNyGVWsyZzwMwKVH%2BzTV1Sgj0My9WLr4mpC58r4nOeNqx0%2F%2FdtZwv99UuyRmH4O%2B6MOuAmS7setKwG%2BmhVXavCVhjm69HdzkX4z%2FltJp3zBFh%2BbC"}]}
Nel: {"report_to":"cf-nel","success_fraction":0.0,"max_age":604800}
Cf-Cache-Status: DYNAMIC
Content-Encoding: gzip
Server: cloudflare
CF-RAY: 95f15b5ec92a7e75-MAA
alt-svc: h3=":443"; ma=86400

[
    
]
Status Code: 200
]]></system-out>
  </testcase>
  <testcase name="bookingFieldsErrorMsg[1, Siva, Kumari, true, test1@gmail.com, 443323432444343536354, 200, null, Validate Success Booking - Phone Value size is 21](25)" classname="com.booking.TesNGBooking.CreateBookingTest" time="0.234">
    <system-out><![CDATA[Request method:	POST
Request URI:	https://automationintesting.online/api/booking
Proxy:			<none>
Request params:	<none>
Query params:	<none>
Form params:	<none>
Path params:	<none>
Headers:		Accept=*/*
				Content-Type=application/json
Cookies:		<none>
Multiparts:		<none>
Body:
{
    "roomid": 1,
    "firstname": "Siva",
    "lastname": "Kumari",
    "depositpaid": true,
    "email": "test1@gmail.com",
    "phone": "443323432444343536354",
    "bookingdates": {
        "checkin": "2025-09-07",
        "checkout": "2025-09-08"
    }
}
HTTP/1.1 200 OK
Date: Mon, 14 Jul 2025 13:27:20 GMT
Content-Type: application/json
Transfer-Encoding: chunked
Connection: keep-alive
Report-To: {"group":"cf-nel","max_age":604800,"endpoints":[{"url":"https://a.nel.cloudflare.com/report/v4?s=EDg1jjj3Vetyltc%2BJAg%2FvP%2FaWRElaK6dcStvjEO9eBiPNTERPifHZjHd5%2B8iT65wrjhSYBZopjKo2PNZ%2FGt0rlFxFKGqz8D8INw%2BvSeXDhM46CyDZRp6T3s8"}]}
Nel: {"report_to":"cf-nel","success_fraction":0.0,"max_age":604800}
Cf-Cache-Status: DYNAMIC
Content-Encoding: gzip
Server: cloudflare
CF-RAY: 95f15b605fe97f46-MAA
alt-svc: h3=":443"; ma=86400

[
    
]
Status Code: 200
]]></system-out>
  </testcase>
  <testcase name="bookingFieldsErrorMsg[2, Siva, Kumari, true, test1@gmail.com, , 400, [size must be between 11 and 21, must not be empty], Validate Error Msg - Phone Value is empty](26)" classname="com.booking.TesNGBooking.CreateBookingTest" time="0.558">
    <system-out><![CDATA[Request method:	POST
Request URI:	https://automationintesting.online/api/booking
Proxy:			<none>
Request params:	<none>
Query params:	<none>
Form params:	<none>
Path params:	<none>
Headers:		Accept=*/*
				Content-Type=application/json
Cookies:		<none>
Multiparts:		<none>
Body:
{
    "roomid": 2,
    "firstname": "Siva",
    "lastname": "Kumari",
    "depositpaid": true,
    "email": "test1@gmail.com",
    "phone": "",
    "bookingdates": {
        "checkin": "2025-09-08",
        "checkout": "2025-09-09"
    }
}
HTTP/1.1 400 Bad Request
Date: Mon, 14 Jul 2025 13:27:20 GMT
Content-Type: application/json
Transfer-Encoding: chunked
Connection: keep-alive
Report-To: {"group":"cf-nel","max_age":604800,"endpoints":[{"url":"https://a.nel.cloudflare.com/report/v4?s=0TYOxrduI3D3NGc5ur7NXZmNTIkEgnpE2VIv%2FbpZhOJmIb3DAtKcUejy5VnrDDidNzBs6iIRlbKpocJ8LRpCNmR2Z9ahjJO5xtnDbdExITfAmyJ%2FFew8vREs"}]}
Nel: {"report_to":"cf-nel","success_fraction":0.0,"max_age":604800}
Cf-Cache-Status: DYNAMIC
Server: cloudflare
CF-RAY: 95f15b630c5a9bf3-MAA
alt-svc: h3=":443"; ma=86400

{
    "errors": [
        "size must be between 11 and 21",
        "must not be empty"
    ]
}
Status Code: 400
]]></system-out>
  </testcase>
  <testcase name="bookingFieldsErrorMsg[2, Siva, Kumari, true, test1@gmail.com,  , 400, [size must be between 11 and 21], Validate Error Msg - Phone Value is empty spaces](27)" classname="com.booking.TesNGBooking.CreateBookingTest" time="0.251">
    <system-out><![CDATA[Request method:	POST
Request URI:	https://automationintesting.online/api/booking
Proxy:			<none>
Request params:	<none>
Query params:	<none>
Form params:	<none>
Path params:	<none>
Headers:		Accept=*/*
				Content-Type=application/json
Cookies:		<none>
Multiparts:		<none>
Body:
{
    "roomid": 2,
    "firstname": "Siva",
    "lastname": "Kumari",
    "depositpaid": true,
    "email": "test1@gmail.com",
    "phone": " ",
    "bookingdates": {
        "checkin": "2025-09-08",
        "checkout": "2025-09-09"
    }
}
HTTP/1.1 400 Bad Request
Date: Mon, 14 Jul 2025 13:27:21 GMT
Content-Type: application/json
Transfer-Encoding: chunked
Connection: keep-alive
Report-To: {"group":"cf-nel","max_age":604800,"endpoints":[{"url":"https://a.nel.cloudflare.com/report/v4?s=EXxNMa13XsScD8MDcl4TtYXsACIsiKxQ56Aivq66J%2Bx5ZhhPnHnWYAoGF9Ek%2FHPua0IsHPo0zkOmAnBAxGcFvs2GYxFu9sS3XAG2qe%2FLasCIuxxxyeCONUvp"}]}
Nel: {"report_to":"cf-nel","success_fraction":0.0,"max_age":604800}
Cf-Cache-Status: DYNAMIC
Server: cloudflare
CF-RAY: 95f15b65580a7f0f-MAA
alt-svc: h3=":443"; ma=86400

{
    "errors": [
        "size must be between 11 and 21"
    ]
}
Status Code: 400
]]></system-out>
  </testcase>
  <testcase name="bookingFieldsErrorMsg[3, admin, admin, true, test1@gmail.com, null, 400, [Failed to create booking], Validate Error Msg - Phone Value is null](28)" classname="com.booking.TesNGBooking.CreateBookingTest" time="0.246">
    <system-out><![CDATA[Request method:	POST
Request URI:	https://automationintesting.online/api/booking
Proxy:			<none>
Request params:	<none>
Query params:	<none>
Form params:	<none>
Path params:	<none>
Headers:		Accept=*/*
				Content-Type=application/json
Cookies:		<none>
Multiparts:		<none>
Body:
{
    "roomid": 3,
    "firstname": "admin",
    "lastname": "admin",
    "depositpaid": true,
    "email": "test1@gmail.com",
    "phone": null,
    "bookingdates": {
        "checkin": "2025-09-08",
        "checkout": "2025-09-09"
    }
}
HTTP/1.1 400 Bad Request
Date: Mon, 14 Jul 2025 13:27:21 GMT
Content-Type: application/json
Transfer-Encoding: chunked
Connection: keep-alive
Report-To: {"group":"cf-nel","max_age":604800,"endpoints":[{"url":"https://a.nel.cloudflare.com/report/v4?s=CYJ8vh7efZt9C2ZBfPfXgpH7pHTmGqiFoJtiLuHTzlasswALoUgN5iBU1NG4%2Bvp6RaaZhcNTAfVxzDPxTCiiEvWPbbIuCZdS5%2BFQsoG7q0Sx4PmIWjwXBrn%2B"}]}
Nel: {"report_to":"cf-nel","success_fraction":0.0,"max_age":604800}
Cf-Cache-Status: DYNAMIC
Server: cloudflare
CF-RAY: 95f15b66c8ec7eb6-MAA
alt-svc: h3=":443"; ma=86400

{
    "errors": [
        "Failed to create booking"
    ]
}
Status Code: 400
]]></system-out>
  </testcase>
  <testcase name="createBooking[1, Siva, Kumari, true, test1@gmail.com, 24433234324, 200, Create Booking With all Valid Input](1)" classname="com.booking.TesNGBooking.CreateBookingTest" time="0.223">
    <system-out><![CDATA[Request method:	POST
Request URI:	https://automationintesting.online/api/booking
Proxy:			<none>
Request params:	<none>
Query params:	<none>
Form params:	<none>
Path params:	<none>
Headers:		Accept=*/*
				Content-Type=application/json
Cookies:		<none>
Multiparts:		<none>
Body:
{
    "roomid": 1,
    "firstname": "Siva",
    "lastname": "Kumari",
    "depositpaid": true,
    "email": "test1@gmail.com",
    "phone": "24433234324",
    "bookingdates": {
        "checkin": "2025-09-09",
        "checkout": "2025-09-10"
    }
}
HTTP/1.1 200 OK
Date: Mon, 14 Jul 2025 13:27:21 GMT
Content-Type: application/json
Transfer-Encoding: chunked
Connection: keep-alive
Report-To: {"group":"cf-nel","max_age":604800,"endpoints":[{"url":"https://a.nel.cloudflare.com/report/v4?s=UmYZ4kU1KYko2RV4Cu0ld9nxi8IP7OHKYgZdAGLQjLBdit1ZZc1X4WSfF0R3ABFLRDshjuecXLCLkGOUY8Tk34%2BAhmv%2FG6VxGqdulWqbDG7pSNqLuMkOfI26"}]}
Nel: {"report_to":"cf-nel","success_fraction":0.0,"max_age":604800}
Cf-Cache-Status: DYNAMIC
Content-Encoding: gzip
Server: cloudflare
CF-RAY: 95f15b686a167f3e-MAA
alt-svc: h3=":443"; ma=86400

[
    
]
Response Status Code is :200
]]></system-out>
  </testcase>
[...]
    "depositpaid": false,
    "email": "test1@gmail.com",
    "phone": "24433234324",
    "bookingdates": {
        "checkin": "2025-09-10",
        "checkout": "2025-09-11"
    }
}
HTTP/1.1 200 OK
Date: Mon, 14 Jul 2025 13:27:22 GMT
Content-Type: application/json
Transfer-Encoding: chunked
Connection: keep-alive
Report-To: {"group":"cf-nel","max_age":604800,"endpoints":[{"url":"https://a.nel.cloudflare.com/report/v4?s=kfns5z8YBqA5xWCv3IQ%2F1KVwkzg1X%2FkQ8Pv7ZAKiRagnykHobsbdnLQDH8NdxAQ7Whyghqii%2B2XiqgIY46%2FHROdUFUTqO96hw%2FPUe5XRIML%2FQz9GWLFK4XF4"}]}
Nel: {"report_to":"cf-nel","success_fraction":0.0,"max_age":604800}
Cf-Cache-Status: DYNAMIC
Content-Encoding: gzip
Server: cloudflare
CF-RAY: 95f15b6a388f7e81-MAA
alt-svc: h3=":443"; ma=86400

[
    
]
Response Status Code is :200
]]></system-out>
  </testcase>
  <testcase name="createBookingInvalidEndpoint" classname="com.booking.TesNGBooking.CreateBookingTest" time="0.439">
    <system-out><![CDATA[Request method:	POST
Request URI:	https://automationintesting.online/api/bookingRoom
Proxy:			<none>
Request params:	<none>
Query params:	<none>
Form params:	<none>
Path params:	<none>
Headers:		Accept=*/*
				Content-Type=application/json
Cookies:		<none>
Multiparts:		<none>
Body:
{
    "roomid": 1,
    "firstname": "Siva",
    "lastname": "Kumari",
    "depositpaid": true,
    "email": "test1@gmail.com",
    "phone": "24433234324",
    "bookingdates": {
        "checkin": "2025-08-23",
        "checkout": "2025-08-24"
    }
}
HTTP/1.1 404 Not Found
Date: Mon, 14 Jul 2025 13:27:22 GMT
Content-Type: text/html; charset=utf-8
Transfer-Encoding: chunked
Connection: keep-alive
Cache-Control: private, no-cache, no-store, max-age=0, must-revalidate
X-Powered-By: Next.js
Vary: Accept-Encoding
Report-To: {"group":"cf-nel","max_age":604800,"endpoints":[{"url":"https://a.nel.cloudflare.com/report/v4?s=uul0gT5KEI0yT%2BlvPtmTao7Ro2U3xWVEMMhMNzo5Fw%2FZiHa78k%2BBmYQum4Gzn6WBn5djRvWzHaDa13XkPjfQuXfAMRTojHPPjDSyiO7iVjk%2Fv73dSeyDmbPr"}]}
Nel: {"report_to":"cf-nel","success_fraction":0.0,"max_age":604800}
Cf-Cache-Status: DYNAMIC
Content-Encoding: gzip
Server: cloudflare
CF-RAY: 95f15b6bc9db7f0c-MAA
alt-svc: h3=":443"; ma=86400

<html id="root" lang="en">
  <head>
    <meta charset="utf-8"/>
    <meta name="viewport" content="width=device-width, initial-scale=1"/>
    <link rel="stylesheet" href="/_next/static/css/21cf7b845cb0f7d7.css" data-precedence="next"/>
    <link rel="preload" as="script" fetchpriority="low" href="/_next/static/chunks/webpack-6b8df5d80f48b37f.js"/>
    <script src="/_next/static/chunks/4bd1b696-97efe28d29f2a1a8.js" async=""/>
    <script src="/_next/static/chunks/1684-3beb6b80ac017744.js" async=""/>
    <script src="/_next/static/chunks/main-app-5518523dddf30468.js" async=""/>
    <script src="/_next/static/chunks/app/layout-d9e12d1978b94cc0.js" async=""/>
    <link rel="preload" href="https://cdnjs.cloudflare.com/ajax/libs/popper.js/1.14.6/umd/popper.min.js" as="script" crossorigin="" integrity="sha384-wHAiFfRlMFy6i5SRaxvfOCifBUQy1xHdJ/yoi7FRNXMRBu5WHdZYu1hA6ZOblgut"/>
    <link rel="preload" href="https://cdn.jsdelivr.net/npm/bootstrap@5.3.5/dist/js/bootstrap.bundle.min.js" as="script" crossorigin="" integrity="sha384-k6d4wzSIapyDyv1kpU366/PK5hCdSbCRGRCMv+eplOQJWyd1fbcAu9OCUj5zNLiq"/>
    <meta name="robots" content="noindex"/>
    <title>404: This page could not be found.</title>
    <meta name="google" content="notranslate"/>
    <meta http-equiv="Content-Language" content="en"/>
    <link href="https://cdnjs.cloudflare.com/ajax/libs/bootstrap-icons/1.10.5/font/bootstrap-icons.min.css" rel="stylesheet"/>
    <link href="https://cdn.jsdelivr.net/npm/bootstrap@5.3.5/dist/css/bootstrap.min.css" rel="stylesheet" integrity="sha384-SgOJa3DmI69IUzQ2PVdRZhwQ+dy64/BUtbMJw1MZ8t5HZApcHrRKUc4W0kG879m7" crossorigin="anonymous"/>
    <link href="https://maxcdn.bootstrapcdn.com/font-awesome/4.7.0/css/font-awesome.min.css" rel="stylesheet"/>
    <title>Restful-booker-platform demo</title>
    <meta name="description" content="A platform for testing restful web services"/>
    <script>document.querySelectorAll('body link[rel="icon"], body link[rel="apple-touch-icon"]').forEach(el =&gt; document.head.appendChild(el))</script>
    <script src="/_next/static/chunks/polyfills-42372ed130431b0a.js" nomodule=""/>
  </head>
  <body>
    <div id="root-container">
      <div style="font-family:system-ui,&quot;Segoe UI&quot;,Roboto,Helvetica,Arial,sans-serif,&quot;Apple Color Emoji&quot;,&quot;Segoe UI Emoji&quot;;height:100vh;text-align:center;display:flex;flex-direction:column;align-items:center;justify-content:center">
        <div>
          <style>body{color:#000;background:#fff;margin:0}.next-error-h1{border-right:1px solid rgba(0,0,0,.3)}@media (prefers-color-scheme:dark){body{color:#fff;background:#000}.next-error-h1{border-right:1px solid rgba(255,255,255,.3)}}</style>
          <h1 class="next-error-h1" style="display:inline-block;margin:0 20px 0 0;padding:0 23px 0 0;font-size:24px;font-weight:500;vertical-align:top;line-height:49px">404</h1>
          <div style="display:inline-block">
            <h2 style="font-size:14px;font-weight:400;line-height:49px;margin:0">This page could not be found.</h2>
          </div>
        </div>
      </div>
    </div>
    <script src="/_next/static/chunks/webpack-6b8df5d80f48b37f.js" async=""/>
    <script>(self.__next_f=self.__next_f||[]).push([0])</script>
    <script>self.__next_f.push([1,"1:\"$Sreact.fragment\"\n2:I[87555,[],\"\"]\n3:I[31295,[],\"\"]\n4:I[69243,[\"7177\",\"static/chunks/app/layout-d9e12d1978b94cc0.js\"],\"\"]\n5:I[59665,[],\"MetadataBoundary\"]\n7:I[59665,[],\"OutletBoundary\"]\na:I[74911,[],\"AsyncMetadataOutlet\"]\nc:I[59665,[],\"ViewportBoundary\"]\ne:I[26614,[],\"\"]\nf:\"$Sreact.suspense\"\n10:I[74911,[],\"AsyncMetadata\"]\n:HL[\"/_next/static/css/21cf7b845cb0f7d7.css\",\"style\"]\n"])</script>
    <script>self.__next_f.push([1,"0:{\"P\":null,\"b\":\"B7UQYePQceYYU81oDAsCY\",\"p\":\"\",\"c\":[\"\",\"api\",\"bookingRoom\"],\"i\":false,\"f\":[[[\"\",{\"children\":[\"/_not-found\",{\"children\":[\"__PAGE__\",{}]}]},\"$undefined\",\"$undefined\",true],[\"\",[\"$\",\"$1\",\"c\",{\"children\":[[[\"$\",\"link\",\"0\",{\"rel\":\"stylesheet\",\"href\":\"/_next/static/css/21cf7b845cb0f7d7.css\",\"precedence\":\"next\",\"crossOrigin\":\"$undefined\",\"nonce\":\"$undefined\"}]],[\"$\",\"html\",null,{\"lang\":\"en\",\"id\":\"root\",\"children\":[[\"$\",\"head\",null,{\"children\":[[\"$\",\"meta\",null,{\"name\":\"google\",\"content\":\"notranslate\"}],[\"$\",\"meta\",null,{\"httpEquiv\":\"Content-Language\",\"content\":\"en\"}],[\"$\",\"link\",null,{\"href\":\"https://cdnjs.cloudflare.com/ajax/libs/bootstrap-icons/1.10.5/font/bootstrap-icons.min.css\",\"rel\":\"stylesheet\"}],[\"$\",\"link\",null,{\"href\":\"https://cdn.jsdelivr.net/npm/bootstrap@5.3.5/dist/css/bootstrap.min.css\",\"rel\":\"stylesheet\",\"integrity\":\"sha384-SgOJa3DmI69IUzQ2PVdRZhwQ+dy64/BUtbMJw1MZ8t5HZApcHrRKUc4W0kG879m7\",\"crossOrigin\":\"anonymous\"}],[\"$\",\"link\",null,{\"href\":\"https://maxcdn.bootstrapcdn.com/font-awesome/4.7.0/css/font-awesome.min.css\",\"rel\":\"stylesheet\"}]]}],[\"$\",\"body\",null,{\"children\":[[\"$\",\"div\",null,{\"id\":\"root-container\",\"children\":[\"$\",\"$L2\",null,{\"parallelRouterKey\":\"children\",\"error\":\"$undefined\",\"errorStyles\":\"$undefined\",\"errorScripts\":\"$undefined\",\"template\":[\"$\",\"$L3\",null,{}],\"templateStyles\":\"$undefined\",\"templateScripts\":\"$undefined\",\"notFound\":[[[\"$\",\"title\",null,{\"children\":\"404: This page could not be found.\"}],[\"$\",\"div\",null,{\"style\":{\"fontFamily\":\"system-ui,\\\"Segoe UI\\\",Roboto,Helvetica,Arial,sans-serif,\\\"Apple Color Emoji\\\",\\\"Segoe UI Emoji\\\"\",\"height\":\"100vh\",\"textAlign\":\"center\",\"display\":\"flex\",\"flexDirection\":\"column\",\"alignItems\":\"center\",\"justifyContent\":\"center\"},\"children\":[\"$\",\"div\",null,{\"children\":[[\"$\",\"style\",null,{\"dangerouslySetInnerHTML\":{\"__html\":\"body{color:#000;background:#fff;margin:0}.next-error-h1{border-right:1px solid rgba(0,0,0,.3)}@media (prefers-color-scheme:dark){body{color:#fff;background:#000}.next-error-h1{border-right:1px solid rgba(255,255,255,.3)}}\"}}],[\"$\",\"h1\",null,{\"className\":\"next-error-h1\",\"style\":{\"display\":\"inline-block\",\"margin\":\"0 20px 0 0\",\"padding\":\"0 23px 0 0\",\"fontSize\":24,\"fontWeight\":500,\"verticalAlign\":\"top\",\"lineHeight\":\"49px\"},\"children\":404}],[\"$\",\"div\",null,{\"style\":{\"display\":\"inline-block\"},\"children\":[\"$\",\"h2\",null,{\"style\":{\"fontSize\":14,\"fontWeight\":400,\"lineHeight\":\"49px\",\"margin\":0},\"children\":\"This page could not be found.\"}]}]]}]}]],[]],\"forbidden\":\"$undefined\",\"unauthorized\":\"$undefined\"}]}],[\"$\",\"$L4\",null,{\"src\":\"https://cdnjs.cloudflare.com/ajax/libs/popper.js/1.14.6/umd/popper.min.js\",\"integrity\":\"sha384-wHAiFfRlMFy6i5SRaxvfOCifBUQy1xHdJ/yoi7FRNXMRBu5WHdZYu1hA6ZOblgut\",\"crossOrigin\":\"anonymous\",\"strategy\":\"afterInteractive\"}],[\"$\",\"$L4\",null,{\"src\":\"https://cdn.jsdelivr.net/npm/bootstrap@5.3.5/dist/js/bootstrap.bundle.min.js\",\"integrity\":\"sha384-k6d4wzSIapyDyv1kpU366/PK5hCdSbCRGRCMv+eplOQJWyd1fbcAu9OCUj5zNLiq\",\"crossOrigin\":\"anonymous\",\"strategy\":\"afterInteractive\"}]]}]]}]]}],{\"children\":[\"/_not-found\",[\"$\",\"$1\",\"c\",{\"children\":[null,[\"$\",\"$L2\",null,{\"parallelRouterKey\":\"children\",\"error\":\"$undefined\",\"errorStyles\":\"$undefined\",\"errorScripts\":\"$undefined\",\"template\":[\"$\",\"$L3\",null,{}],\"templateStyles\":\"$undefined\",\"templateScripts\":\"$undefined\",\"notFound\":\"$undefined\",\"forbidden\":\"$undefined\",\"unauthorized\":\"$undefined\"}]]}],{\"children\":[\"__PAGE__\",[\"$\",\"$1\",\"c\",{\"children\":[[[\"$\",\"title\",null,{\"children\":\"404: This page could not be found.\"}],[\"$\",\"div\",null,{\"style\":\"$0:f:0:1:1:props:children:1:props:children:1:props:children:0:props:children:props:notFound:0:1:props:style\",\"children\":[\"$\",\"div\",null,{\"children\":[[\"$\",\"style\",null,{\"dangerouslySetInnerHTML\":{\"__html\":\"body{color:#000;background:#fff;margin:0}.next-error-h1{border-right:1px solid rgba(0,0,0,.3)}@media (prefers-color-scheme:dark){body{color:#fff;background:#000}.next-error-h1{border-right:1px solid rgba(255,255,255,.3)}}\"}}],[\"$\",\"h1\",null,{\"className\":\"next-error-h1\",\"style\":\"$0:f:0:1:1:props:children:1:props:children:1:props:children:0:props:children:props:notFound:0:1:props:children:props:children:1:props:style\",\"children\":404}],[\"$\",\"div\",null,{\"style\":\"$0:f:0:1:1:props:children:1:props:children:1:props:children:0:props:children:props:notFound:0:1:props:children:props:children:2:props:style\",\"children\":[\"$\",\"h2\",null,{\"style\":\"$0:f:0:1:1:props:children:1:props:children:1:props:children:0:props:children:props:notFound:0:1:props:children:props:children:2:props:children:props:style\",\"children\":\"This page could not be found.\"}]}]]}]}]],[\"$\",\"$L5\",null,{\"children\":\"$L6\"}],null,[\"$\",\"$L7\",null,{\"children\":[\"$L8\",\"$L9\",[\"$\",\"$La\",null,{\"promise\":\"$@b\"}]]}]]}],{},null,false]},null,false]},null,false],[\"$\",\"$1\",\"h\",{\"children\":[[\"$\",\"meta\",null,{\"name\":\"robots\",\"content\":\"noindex\"}],[\"$\",\"$1\",\"sfuft2Uo_lrM4eqcqi4s6\",{\"children\":[[\"$\",\"$Lc\",null,{\"children\":\"$Ld\"}],null]}],null]}],false]],\"m\":\"$undefined\",\"G\":[\"$e\",\"$undefined\"],\"s\":false,\"S\":false}\n"])</script>
    <script>self.__next_f.push([1,"6:[\"$\",\"$f\",null,{\"fallback\":null,\"children\":[\"$\",\"$L10\",null,{\"promise\":\"$@11\"}]}]\n9:null\nd:[[\"$\",\"meta\",\"0\",{\"charSet\":\"utf-8\"}],[\"$\",\"meta\",\"1\",{\"name\":\"viewport\",\"content\":\"width=device-width, initial-scale=1\"}]]\n8:null\n11:{\"metadata\":[[\"$\",\"title\",\"0\",{\"children\":\"Restful-booker-platform demo\"}],[\"$\",\"meta\",\"1\",{\"name\":\"description\",\"content\":\"A platform for testing restful web services\"}]],\"error\":null,\"digest\":\"$undefined\"}\nb:{\"metadata\":\"$11:metadata\",\"error\":null,\"digest\":\"$undefined\"}\n"])</script>
  </body>
</html>
Response Status Code is :404
]]></system-out>
  </testcase>
  <testcase name="createBookingInvalidRequestType" classname="com.booking.TesNGBooking.CreateBookingTest" time="0.242">
    <system-out><![CDATA[Request method:	PUT
Request URI:	https://automationintesting.online/api/booking
Proxy:			<none>
Request params:	<none>
Query params:	<none>
Form params:	<none>
Path params:	<none>
Headers:		Accept=*/*
				Content-Type=application/json
Cookies:		token=M416bqy0WDHcCwZF
Multiparts:		<none>
Body:
{
    "roomid": 1,
    "firstname": "Siva",
    "lastname": "Kumari",
    "depositpaid": true,
    "email": "test1@gmail.com",
    "phone": "24433234324",
    "bookingdates": {
        "checkin": "2025-09-23",
        "checkout": "2025-09-24"
    }
}
HTTP/1.1 405 Method Not Allowed
Date: Mon, 14 Jul 2025 13:27:22 GMT
Transfer-Encoding: chunked
Connection: keep-alive
Report-To: {"group":"cf-nel","max_age":604800,"endpoints":[{"url":"https://a.nel.cloudflare.com/report/v4?s=VMHgu%2BXz41gere1VWVnJtormA%2BJudc2g4U1z4mN8NVhIEWxH8iCw6KQMsqccm4yD6%2BE6bHU%2Bz%2FrAuYsZhv1ePB57%2BQkwPRQcSwTgpbbxk1It%2B3F8RlH0AqCR"}]}
Nel: {"report_to":"cf-nel","success_fraction":0.0,"max_age":604800}
Cf-Cache-Status: DYNAMIC
Server: cloudflare
CF-RAY: 95f15b6ea9477eb8-MAA
alt-svc: h3=":443"; ma=86400
Response Status Code is :405
]]></system-out>
  </testcase>
  <testcase name="deleteBooking" classname="com.booking.TesNGBooking.DeleteBookingTest" time="0.619">
    <system-out><![CDATA[Request method:	POST
Request URI:	https://automationintesting.online/api/auth/login
Proxy:			<none>
Request params:	<none>
Query params:	<none>
Form params:	<none>
Path params:	<none>
Headers:		Authorization=YWRtaW46cGFzc3dvcmQ=
				Accept=*/*
				Content-Type=text/plain; charset=ISO-8859-1
Cookies:		<none>
Multiparts:		<none>
Body:
{"password":"password","username":"admin"}
Request method:	POST
Request URI:	https://automationintesting.online/api/auth/login
Proxy:			<none>
Request params:	<none>
Query params:	<none>
Form params:	<none>
Path params:	<none>
Headers:		Authorization=YWRtaW46cGFzc3dvcmQ=
				Accept=*/*
				Content-Type=text/plain; charset=ISO-8859-1
Cookies:		<none>
Multiparts:		<none>
Body:
{"password":"password","username":"admin"}
HTTP/1.1 200 OK
Date: Mon, 14 Jul 2025 13:27:23 GMT
Content-Type: application/json
Transfer-Encoding: chunked
Connection: keep-alive
Report-To: {"group":"cf-nel","max_age":604800,"endpoints":[{"url":"https://a.nel.cloudflare.com/report/v4?s=NADXrdvJF2CmFQrzidLKAtHGjhaoozWoQFwAV3w7OsggkUH%2F8zFd2SVIlc16%2FM5LrPrpSKocJWTyj9%2FxbumiRpWqSQYvB7aBGr7hRa4VKO5nXTyB1rX489qI"}]}
Nel: {"report_to":"cf-nel","success_fraction":0.0,"max_age":604800}
Cf-Cache-Status: DYNAMIC
Content-Encoding: gzip
Server: cloudflare
CF-RAY: 95f15b70086dc6ab-MAA
alt-svc: h3=":443"; ma=86400

{
    "token": "nPekf2rHX0E74Ruw"
}
Request method:	GET
Request URI:	https://automationintesting.online/api/booking?roomid=1
Proxy:			<none>
Request params:	roomid=1
Query params:	<none>
Form params:	<none>
Path params:	<none>
Headers:		Accept=*/*
				Content-Type=application/json
Cookies:		token=nPekf2rHX0E74Ruw
Multiparts:		<none>
Body:			<none>
HTTP/1.1 200 OK
Date: Mon, 14 Jul 2025 13:27:23 GMT
Content-Type: application/json
Transfer-Encoding: chunked
Connection: keep-alive
Report-To: {"group":"cf-nel","max_age":604800,"endpoints":[{"url":"https://a.nel.cloudflare.com/report/v4?s=irC97XEwPlm5Y5Nl%2BsurxtFldssI2j6gsVOMEgqFvs2vOoowPEJJnPkFxnRD7o5zvCvi3ENcQsgG%2BQBN70oENiPvoILt0U9cbXfEEw9%2FIfjN6ve91tKPrOnm"}]}
Nel: {"report_to":"cf-nel","success_fraction":0.0,"max_age":604800}
Cf-Cache-Status: DYNAMIC
Content-Encoding: gzip
Server: cloudflare
CF-RAY: 95f15b71ab9d213a-MAA
alt-svc: h3=":443"; ma=86400

{
    "bookings": [
        {
            "bookingid": 1,
            "roomid": 1,
            "firstname": "James",
            "lastname": "Dean",
            "depositpaid": true,
            "bookingdates": {
                "checkin": "2026-02-01",
                "checkout": "2026-02-05"
            }
        },
        {
            "bookingid": 14,
            "roomid": 1,
            "firstname": "Siva",
            "lastname": "Kumari",
            "depositpaid": true,
            "bookingdates": {
                "checkin": "2025-12-01",
                "checkout": "2025-12-02"
            }
        },
        {
            "bookingid": 22,
            "roomid": 1,
            "firstname": "rsdu92ya",
            "lastname": "Smith",
            "depositpaid": false,
            "bookingdates": {
                "checkin": "2025-11-12",
                "checkout": "2025-11-19"
            }
        },
        {
            "bookingid": 27,
            "roomid": 1,
            "firstname": "Siva",
            "lastname": "Kumari",
            "depositpaid": true,
            "bookingdates": {
                "checkin": "2024-12-25",
                "checkout": "2024-12-26"
            }
        },
        {
            "bookingid": 34,
            "roomid": 1,
            "firstname": "Siva",
            "lastname": "Kumari",
            "depositpaid": true,
            "bookingdates": {
                "checkin": "2025-09-07",
                "checkout": "2025-09-08"
            }
        },
        {
            "bookingid": 35,
            "roomid": 1,
            "firstname": "Siva",
            "lastname": "Kumari",
            "depositpaid": true,
            "bookingdates": {
                "checkin": "2025-09-09",
                "checkout": "2025-09-10"
            }
        }
    ]
}
Response Status Code is :200
Request method:	DELETE
Request URI:	https://automationintesting.online/api/booking/14
Proxy:			<none>
Request params:	<none>
Query params:	<none>
Form params:	<none>
Path params:	<none>
Headers:		Accept=*/*
				Content-Type=application/json
Cookies:		token=nPekf2rHX0E74Ruw
Multiparts:		<none>
Body:			<none>
HTTP/1.1 200 OK
Date: Mon, 14 Jul 2025 13:27:23 GMT
Content-Type: application/json
Transfer-Encoding: chunked
Connection: keep-alive
Report-To: {"group":"cf-nel","max_age":604800,"endpoints":[{"url":"https://a.nel.cloudflare.com/report/v4?s=gXyQtdYtJoviMUJzsnPjwSF2wNAdzDh3pTGh4vNPW19V7DONxhrLYod3ICaSc0was1X20tBFFXUFN%2Fj%2BZaJyi%2Bc1%2FsEKj5tqs9gDjHx3wjOGN7BsRG5ogM8B"}]}
Nel: {"report_to":"cf-nel","success_fraction":0.0,"max_age":604800}
Cf-Cache-Status: DYNAMIC
Content-Encoding: gzip
Server: cloudflare
CF-RAY: 95f15b73fdeb6091-MAA
alt-svc: h3=":443"; ma=86400

{
    "success": true
}
Response Status Code is :200
Response Data is :{success=true}
]]></system-out>
  </testcase>
  <testcase name="deleteInvalidBooking" classname="com.booking.TesNGBooking.DeleteBookingTest" time="0.234">
    <system-out><![CDATA[Request method:	DELETE
Request URI:	https://automationintesting.online/api/booking/100
Proxy:			<none>
Request params:	<none>
Query params:	<none>
Form params:	<none>
Path params:	<none>
Headers:		Accept=*/*
				Content-Type=application/json
Cookies:		token=nPekf2rHX0E74Ruw
Multiparts:		<none>
Body:			<none>
HTTP/1.1 500 Internal Server Error
Date: Mon, 14 Jul 2025 13:27:23 GMT
Content-Type: application/json
Transfer-Encoding: chunked
Connection: keep-alive
Report-To: {"group":"cf-nel","max_age":604800,"endpoints":[{"url":"https://a.nel.cloudflare.com/report/v4?s=A93yfXpYmCLbBFVX1rN7i9%2BmyMy7X4iJ0viG515bY8BnUIbg3sgDur5XkdJKJrt67tByzwXSd7xkRZCSHugERnHjvv%2Bu4xGWNP%2BifcPO4U%2BX4%2FU%2F8nZpgBN5"}]}
Nel: {"report_to":"cf-nel","success_fraction":0.0,"max_age":604800}
Cf-Cache-Status: DYNAMIC
Server: cloudflare
CF-RAY: 95f15b755b237ee8-MAA
alt-svc: h3=":443"; ma=86400

{
    "error": "Failed to delete booking"
}
Response Status Code is :500
Response Data is :{error=Failed to delete booking}
]]></system-out>
  </testcase>
</testsuite>