<?xml version="1.0" encoding="UTF-8"?>
<testng-results ignored="0" total="46" passed="40" failed="6" skipped="0">
  <reporter-output>
  </reporter-output>
  <suite started-at="2025-07-14T18:57:03 IST" name="Booking API Suite" finished-at="2025-07-14T18:57:23 IST" duration-ms="20338">
    <groups>
      <group name="regression">
        <method signature="CreateBookingTest.bookingDatesErrorMsg(java.lang.String,java.lang.String,java.lang.Integer,java.util.List,java.lang.String)[pri:0, instance:com.booking.TesNGBooking.CreateBookingTest@41a0aa7d]" name="bookingDatesErrorMsg" class="com.booking.TesNGBooking.CreateBookingTest"/>
        <method signature="CreateBookingTest.bookingFieldsErrorMsg(java.lang.Integer,java.lang.String,java.lang.String,java.lang.Boolean,java.lang.String,java.lang.String,int,java.util.List,java.lang.String)[pri:0, instance:com.booking.TesNGBooking.CreateBookingTest@41a0aa7d]" name="bookingFieldsErrorMsg" class="com.booking.TesNGBooking.CreateBookingTest"/>
        <method signature="CreateBookingTest.createBooking(java.lang.Integer,java.lang.String,java.lang.String,java.lang.Boolean,java.lang.String,java.lang.String,int,java.lang.String)[pri:0, instance:com.booking.TesNGBooking.CreateBookingTest@41a0aa7d]" name="createBooking" class="com.booking.TesNGBooking.CreateBookingTest"/>
        <method signature="CreateBookingTest.createBookingInvalidEndpoint()[pri:0, instance:com.booking.TesNGBooking.CreateBookingTest@41a0aa7d]" name="createBookingInvalidEndpoint" class="com.booking.TesNGBooking.CreateBookingTest"/>
        <method signature="CreateBookingTest.createBookingInvalidRequestType()[pri:0, instance:com.booking.TesNGBooking.CreateBookingTest@41a0aa7d]" name="createBookingInvalidRequestType" class="com.booking.TesNGBooking.CreateBookingTest"/>
        <method signature="DeleteBookingTest.deleteBooking()[pri:0, instance:com.booking.TesNGBooking.DeleteBookingTest@60099951]" name="deleteBooking" class="com.booking.TesNGBooking.DeleteBookingTest"/>
        <method signature="DeleteBookingTest.deleteInvalidBooking()[pri:0, instance:com.booking.TesNGBooking.DeleteBookingTest@60099951]" name="deleteInvalidBooking" class="com.booking.TesNGBooking.DeleteBookingTest"/>
      </group> <!-- regression -->
      <group name="create">
        <method signature="CreateBookingTest.createBooking(java.lang.Integer,java.lang.String,java.lang.String,java.lang.Boolean,java.lang.String,java.lang.String,int,java.lang.String)[pri:0, instance:com.booking.TesNGBooking.CreateBookingTest@41a0aa7d]" name="createBooking" class="com.booking.TesNGBooking.CreateBookingTest"/>
      </group> <!-- create -->
      <group name="sanity">
        <method signature="CreateBookingTest.bookingDatesErrorMsg(java.lang.String,java.lang.String,java.lang.Integer,java.util.List,java.lang.String)[pri:0, instance:com.booking.TesNGBooking.CreateBookingTest@41a0aa7d]" name="bookingDatesErrorMsg" class="com.booking.TesNGBooking.CreateBookingTest"/>
        <method signature="CreateBookingTest.bookingFieldsErrorMsg(java.lang.Integer,java.lang.String,java.lang.String,java.lang.Boolean,java.lang.String,java.lang.String,int,java.util.List,java.lang.String)[pri:0, instance:com.booking.TesNGBooking.CreateBookingTest@41a0aa7d]" name="bookingFieldsErrorMsg" class="com.booking.TesNGBooking.CreateBookingTest"/>
        <method signature="CreateBookingTest.createBooking(java.lang.Integer,java.lang.String,java.lang.String,java.lang.Boolean,java.lang.String,java.lang.String,int,java.lang.String)[pri:0, instance:com.booking.TesNGBooking.CreateBookingTest@41a0aa7d]" name="createBooking" class="com.booking.TesNGBooking.CreateBookingTest"/>
        <method signature="CreateBookingTest.createBookingInvalidEndpoint()[pri:0, instance:com.booking.TesNGBooking.CreateBookingTest@41a0aa7d]" name="createBookingInvalidEndpoint" class="com.booking.TesNGBooking.CreateBookingTest"/>
        <method signature="CreateBookingTest.createBookingInvalidRequestType()[pri:0, instance:com.booking.TesNGBooking.CreateBookingTest@41a0aa7d]" name="createBookingInvalidRequestType" class="com.booking.TesNGBooking.CreateBookingTest"/>
        <method signature="DeleteBookingTest.deleteBooking()[pri:0, instance:com.booking.TesNGBooking.DeleteBookingTest@60099951]" name="deleteBooking" class="com.booking.TesNGBooking.DeleteBookingTest"/>
        <method signature="DeleteBookingTest.deleteInvalidBooking()[pri:0, instance:com.booking.TesNGBooking.DeleteBookingTest@60099951]" name="deleteInvalidBooking" class="com.booking.TesNGBooking.DeleteBookingTest"/>
      </group> <!-- sanity -->
    </groups>
    <test started-at="2025-07-14T18:57:03 IST" name="Booking API Tests" finished-at="2025-07-14T18:57:23 IST" duration-ms="20338">
      <class name="com.booking.TesNGBooking.CreateBookingTest">
        <test-method is-config="true" signature="suiteSetup()[pri:0, instance:com.booking.TesNGBooking.CreateBookingTest@41a0aa7d]" started-at="2025-07-14T18:57:03 IST" name="suiteSetup" finished-at="2025-07-14T18:57:05 IST" duration-ms="2119" status="PASS">
          <reporter-output>
          </reporter-output>
        </test-method> <!-- suiteSetup -->
        <test-method signature="bookingDatesErrorMsg(java.lang.String,java.lang.String,java.lang.Integer,java.util.List,java.lang.String)[pri:0, instance:com.booking.TesNGBooking.CreateBookingTest@41a0aa7d]" started-at="2025-07-14T18:57:05 IST" name="bookingDatesErrorMsg" data-provider="CreateBookingDatesNegativeCaseData" finished-at="2025-07-14T18:57:06 IST" duration-ms="608" status="PASS">
          <params>
            <param index="0">
              <value is-null="true"/>
            </param>
            <param index="1">
              <value>
                <![CDATA[2025-12-01]]>
              </value>
            </param>
            <param index="2">
              <value>
                <![CDATA[400]]>
              </value>
            </param>
            <param index="3">
              <value>
                <![CDATA[[must not be null]]]>
              </value>
            </param>
            <param index="4">
              <value>
                <![CDATA[Validate Error Msg - Checkin Date is null]]>
              </value>
            </param>
          </params>
          <reporter-output>
          </reporter-output>
        </test-method> <!-- bookingDatesErrorMsg -->
        <test-method signature="bookingDatesErrorMsg(java.lang.String,java.lang.String,java.lang.Integer,java.util.List,java.lang.String)[pri:0, instance:com.booking.TesNGBooking.CreateBookingTest@41a0aa7d]" started-at="2025-07-14T18:57:06 IST" name="bookingDatesErrorMsg" data-provider="CreateBookingDatesNegativeCaseData" finished-at="2025-07-14T18:57:06 IST" duration-ms="278" status="PASS">
          <params>
            <param index="0">
              <value>
                <![CDATA[2025-12-01]]>
              </value>
            </param>
            <param index="1">
              <value is-null="true"/>
            </param>
            <param index="2">
              <value>
                <![CDATA[400]]>
              </value>
            </param>
            <param index="3">
              <value>
                <![CDATA[[must not be null]]]>
              </value>
            </param>
            <param index="4">
              <value>
                <![CDATA[Validate Error Msg - CheckOut Date is null]]>
              </value>
            </param>
          </params>
          <reporter-output>
          </reporter-output>
        </test-method> <!-- bookingDatesErrorMsg -->
        <test-method signature="bookingDatesErrorMsg(java.lang.String,java.lang.String,java.lang.Integer,java.util.List,java.lang.String)[pri:0, instance:com.booking.TesNGBooking.CreateBookingTest@41a0aa7d]" started-at="2025-07-14T18:57:06 IST" name="bookingDatesErrorMsg" data-provider="CreateBookingDatesNegativeCaseData" finished-at="2025-07-14T18:57:07 IST" duration-ms="460" status="PASS">
          <params>
            <param index="0">
              <value is-null="true"/>
            </param>
            <param index="1">
              <value is-null="true"/>
            </param>
            <param index="2">
              <value>
                <![CDATA[400]]>
              </value>
            </param>
            <param index="3">
              <value>
                <![CDATA[[must not be null, must not be null]]]>
              </value>
            </param>
            <param index="4">
              <value>
                <![CDATA[Validate Error Msg - CheckOut Date is null]]>
              </value>
            </param>
          </params>
          <reporter-output>
          </reporter-output>
        </test-method> <!-- bookingDatesErrorMsg -->
        <test-method signature="bookingDatesErrorMsg(java.lang.String,java.lang.String,java.lang.Integer,java.util.List,java.lang.String)[pri:0, instance:com.booking.TesNGBooking.CreateBookingTest@41a0aa7d]" started-at="2025-07-14T18:57:07 IST" name="bookingDatesErrorMsg" data-provider="CreateBookingDatesNegativeCaseData" finished-at="2025-07-14T18:57:07 IST" duration-ms="446" status="PASS">
          <params>
            <param index="0">
              <value>
                <![CDATA[2025/12/01]]>
              </value>
            </param>
            <param index="1">
              <value>
                <![CDATA[2025-12-02]]>
              </value>
            </param>
            <param index="2">
              <value>
                <![CDATA[400]]>
              </value>
            </param>
            <param index="3">
              <value>
                <![CDATA[[Failed to create booking]]]>
              </value>
            </param>
            <param index="4">
              <value>
                <![CDATA[Validate Error Msg - Checkin Date format pattern is wrong]]>
              </value>
            </param>
          </params>
          <reporter-output>
          </reporter-output>
        </test-method> <!-- bookingDatesErrorMsg -->
        <test-method signature="bookingDatesErrorMsg(java.lang.String,java.lang.String,java.lang.Integer,java.util.List,java.lang.String)[pri:0, instance:com.booking.TesNGBooking.CreateBookingTest@41a0aa7d]" started-at="2025-07-14T18:57:07 IST" name="bookingDatesErrorMsg" data-provider="CreateBookingDatesNegativeCaseData" finished-at="2025-07-14T18:57:07 IST" duration-ms="273" status="PASS">
          <params>
            <param index="0">
              <value>
                <![CDATA[2025-12-01]]>
              </value>
            </param>
            <param index="1">
              <value>
                <![CDATA[2025/12/02]]>
              </value>
            </param>
            <param index="2">
              <value>
                <![CDATA[400]]>
              </value>
            </param>
            <param index="3">
              <value>
                <![CDATA[[Failed to create booking]]]>
              </value>
            </param>
            <param index="4">
              <value>
                <![CDATA[Validate Error Msg - CheckOut Date format pattern is wrong]]>
              </value>
            </param>
          </params>
          <reporter-output>
          </reporter-output>
        </test-method> <!-- bookingDatesErrorMsg -->
        <test-method signature="bookingDatesErrorMsg(java.lang.String,java.lang.String,java.lang.Integer,java.util.List,java.lang.String)[pri:0, instance:com.booking.TesNGBooking.CreateBookingTest@41a0aa7d]" started-at="2025-07-14T18:57:07 IST" name="bookingDatesErrorMsg" data-provider="CreateBookingDatesNegativeCaseData" finished-at="2025-07-14T18:57:08 IST" duration-ms="224" status="FAIL">
          <params>
            <param index="0">
              <value>
                <![CDATA[2025-12-01]]>
              </value>
            </param>
            <param index="1">
              <value>
                <![CDATA[2025-12-02]]>
              </value>
            </param>
            <param index="2">
              <value>
                <![CDATA[400]]>
              </value>
            </param>
            <param index="3">
              <value>
                <![CDATA[[Both Dates are Same]]]>
              </value>
            </param>
            <param index="4">
              <value>
                <![CDATA[Validate Error Msg - Both Checkin and Checkout date is Same]]>
              </value>
            </param>
          </params>
          <exception class="java.lang.AssertionError">
            <message>
              <![CDATA[Status Code is Wrong expected [400] but found [500]]]>
            </message>
            <full-stacktrace>
              <![CDATA[java.lang.AssertionError: Status Code is Wrong expected [400] but found [500]
at org.testng.Assert.fail(Assert.java:110)
at org.testng.Assert.failNotEquals(Assert.java:1413)
at org.testng.Assert.assertEqualsImpl(Assert.java:149)
at org.testng.Assert.assertEquals(Assert.java:131)
at org.testng.Assert.assertEquals(Assert.java:1264)
at com.booking.TesNGBooking.CreateBookingTest.bookingDatesErrorMsg(CreateBookingTest.java:79)
at java.base/jdk.internal.reflect.NativeMethodAccessorImpl.invoke0(Native Method)
at java.base/jdk.internal.reflect.NativeMethodAccessorImpl.invoke(NativeMethodAccessorImpl.java:77)
at java.base/jdk.internal.reflect.DelegatingMethodAccessorImpl.invoke(DelegatingMethodAccessorImpl.java:43)
at java.base/java.lang.reflect.Method.invoke(Method.java:568)
at org.testng.internal.invokers.MethodInvocationHelper.invokeMethod(MethodInvocationHelper.java:139)
at org.testng.internal.invokers.TestInvoker.invokeMethod(TestInvoker.java:677)
at org.testng.internal.invokers.TestInvoker.invokeTestMethod(TestInvoker.java:221)
at org.testng.internal.invokers.MethodRunner.runInSequence(MethodRunner.java:50)
at org.testng.internal.invokers.TestInvoker$MethodInvocationAgent.invoke(TestInvoker.java:962)
at org.testng.internal.invokers.TestInvoker.invokeTestMethods(TestInvoker.java:194)
at org.testng.internal.invokers.TestMethodWorker.invokeTestMethods(TestMethodWorker.java:148)
at org.testng.internal.invokers.TestMethodWorker.run(TestMethodWorker.java:128)
at java.base/java.util.ArrayList.forEach(ArrayList.java:1511)
at org.testng.TestRunner.privateRun(TestRunner.java:806)
at org.testng.TestRunner.run(TestRunner.java:601)
at org.testng.SuiteRunner.runTest(SuiteRunner.java:433)
at org.testng.SuiteRunner.runSequentially(SuiteRunner.java:427)
at org.testng.SuiteRunner.privateRun(SuiteRunner.java:387)
at org.testng.SuiteRunner.run(SuiteRunner.java:330)
at org.testng.SuiteRunnerWorker.runSuite(SuiteRunnerWorker.java:52)
at org.testng.SuiteRunnerWorker.run(SuiteRunnerWorker.java:95)
at org.testng.TestNG.runSuitesSequentially(TestNG.java:1256)
at org.testng.TestNG.runSuitesLocally(TestNG.java:1176)
at org.testng.TestNG.runSuites(TestNG.java:1099)
at org.testng.TestNG.run(TestNG.java:1067)
at org.apache.maven.surefire.testng.TestNGExecutor.run(TestNGExecutor.java:324)
at org.apache.maven.surefire.testng.TestNGXmlTestSuite.execute(TestNGXmlTestSuite.java:74)
at org.apache.maven.surefire.testng.TestNGProvider.invoke(TestNGProvider.java:123)
at org.apache.maven.surefire.booter.ForkedBooter.runSuitesInProcess(ForkedBooter.java:456)
at org.apache.maven.surefire.booter.ForkedBooter.execute(ForkedBooter.java:169)
at org.apache.maven.surefire.booter.ForkedBooter.run(ForkedBooter.java:595)
at org.apache.maven.surefire.booter.ForkedBooter.main(ForkedBooter.java:581)
]]>
            </full-stacktrace>
          </exception> <!-- java.lang.AssertionError -->
          <reporter-output>
          </reporter-output>
        </test-method> <!-- bookingDatesErrorMsg -->
        <test-method signature="bookingDatesErrorMsg(java.lang.String,java.lang.String,java.lang.Integer,java.util.List,java.lang.String)[pri:0, instance:com.booking.TesNGBooking.CreateBookingTest@41a0aa7d]" started-at="2025-07-14T18:57:08 IST" name="bookingDatesErrorMsg" data-provider="CreateBookingDatesNegativeCaseData" finished-at="2025-07-14T18:57:08 IST" duration-ms="304" status="FAIL">
          <params>
            <param index="0">
              <value>
                <![CDATA[2024-12-01]]>
              </value>
            </param>
            <param index="1">
              <value>
                <![CDATA[2025-11-30]]>
              </value>
            </param>
            <param index="2">
              <value>
                <![CDATA[400]]>
              </value>
            </param>
            <param index="3">
              <value>
                <![CDATA[[Checkin Date is less than Current Date]]]>
              </value>
            </param>
            <param index="4">
              <value>
                <![CDATA[Validate Error Msg - Checkin Date is less than Current Date]]>
              </value>
            </param>
          </params>
          <exception class="java.lang.AssertionError">
            <message>
              <![CDATA[Status Code is Wrong expected [400] but found [500]]]>
            </message>
            <full-stacktrace>
              <![CDATA[java.lang.AssertionError: Status Code is Wrong expected [400] but found [500]
at org.testng.Assert.fail(Assert.java:110)
at org.testng.Assert.failNotEquals(Assert.java:1413)
at org.testng.Assert.assertEqualsImpl(Assert.java:149)
at org.testng.Assert.assertEquals(Assert.java:131)
at org.testng.Assert.assertEquals(Assert.java:1264)
at com.booking.TesNGBooking.CreateBookingTest.bookingDatesErrorMsg(CreateBookingTest.java:79)
at java.base/jdk.internal.reflect.NativeMethodAccessorImpl.invoke0(Native Method)
at java.base/jdk.internal.reflect.NativeMethodAccessorImpl.invoke(NativeMethodAccessorImpl.java:77)
at java.base/jdk.internal.reflect.DelegatingMethodAccessorImpl.invoke(DelegatingMethodAccessorImpl.java:43)
at java.base/java.lang.reflect.Method.invoke(Method.java:568)
at org.testng.internal.invokers.MethodInvocationHelper.invokeMethod(MethodInvocationHelper.java:139)
at org.testng.internal.invokers.TestInvoker.invokeMethod(TestInvoker.java:677)
at org.testng.internal.invokers.TestInvoker.invokeTestMethod(TestInvoker.java:221)
at org.testng.internal.invokers.MethodRunner.runInSequence(MethodRunner.java:50)
at org.testng.internal.invokers.TestInvoker$MethodInvocationAgent.invoke(TestInvoker.java:962)
at org.testng.internal.invokers.TestInvoker.invokeTestMethods(TestInvoker.java:194)
at org.testng.internal.invokers.TestMethodWorker.invokeTestMethods(TestMethodWorker.java:148)
at org.testng.internal.invokers.TestMethodWorker.run(TestMethodWorker.java:128)
at java.base/java.util.ArrayList.forEach(ArrayList.java:1511)
at org.testng.TestRunner.privateRun(TestRunner.java:806)
at org.testng.TestRunner.run(TestRunner.java:601)
at org.testng.SuiteRunner.runTest(SuiteRunner.java:433)
at org.testng.SuiteRunner.runSequentially(SuiteRunner.java:427)
at org.testng.SuiteRunner.privateRun(SuiteRunner.java:387)
at org.testng.SuiteRunner.run(SuiteRunner.java:330)
at org.testng.SuiteRunnerWorker.runSuite(SuiteRunnerWorker.java:52)
at org.testng.SuiteRunnerWorker.run(SuiteRunnerWorker.java:95)
at org.testng.TestNG.runSuitesSequentially(TestNG.java:1256)
at org.testng.TestNG.runSuitesLocally(TestNG.java:1176)
at org.testng.TestNG.runSuites(TestNG.java:1099)
at org.testng.TestNG.run(TestNG.java:1067)
at org.apache.maven.surefire.testng.TestNGExecutor.run(TestNGExecutor.java:324)
at org.apache.maven.surefire.testng.TestNGXmlTestSuite.execute(TestNGXmlTestSuite.java:74)
at org.apache.maven.surefire.testng.TestNGProvider.invoke(TestNGProvider.java:123)
at org.apache.maven.surefire.booter.ForkedBooter.runSuitesInProcess(ForkedBooter.java:456)
at org.apache.maven.surefire.booter.ForkedBooter.execute(ForkedBooter.java:169)
at org.apache.maven.surefire.booter.ForkedBooter.run(ForkedBooter.java:595)
at org.apache.maven.surefire.booter.ForkedBooter.main(ForkedBooter.java:581)
]]>
            </full-stacktrace>
          </exception> <!-- java.lang.AssertionError -->
          <reporter-output>
          </reporter-output>
        </test-method> <!-- bookingDatesErrorMsg -->
        <test-method signature="bookingDatesErrorMsg(java.lang.String,java.lang.String,java.lang.Integer,java.util.List,java.lang.String)[pri:0, instance:com.booking.TesNGBooking.CreateBookingTest@41a0aa7d]" started-at="2025-07-14T18:57:08 IST" name="bookingDatesErrorMsg" data-provider="CreateBookingDatesNegativeCaseData" finished-at="2025-07-14T18:57:08 IST" duration-ms="219" status="FAIL">
          <params>
            <param index="0">
              <value>
                <![CDATA[2025-12-01]]>
              </value>
            </param>
            <param index="1">
              <value>
                <![CDATA[2024-11-30]]>
              </value>
            </param>
            <param index="2">
              <value>
                <![CDATA[400]]>
              </value>
            </param>
            <param index="3">
              <value>
                <![CDATA[[Checkout Date is less than Current Date]]]>
              </value>
            </param>
            <param index="4">
              <value>
                <![CDATA[Validate Error Msg - Checkout Date is less than Current Date]]>
              </value>
            </param>
          </params>
          <exception class="java.lang.AssertionError">
            <message>
              <![CDATA[Status Code is Wrong expected [400] but found [500]]]>
            </message>
            <full-stacktrace>
              <![CDATA[java.lang.AssertionError: Status Code is Wrong expected [400] but found [500]
at org.testng.Assert.fail(Assert.java:110)
at org.testng.Assert.failNotEquals(Assert.java:1413)
at org.testng.Assert.assertEqualsImpl(Assert.java:149)
at org.testng.Assert.assertEquals(Assert.java:131)
at org.testng.Assert.assertEquals(Assert.java:1264)
at com.booking.TesNGBooking.CreateBookingTest.bookingDatesErrorMsg(CreateBookingTest.java:79)
at java.base/jdk.internal.reflect.NativeMethodAccessorImpl.invoke0(Native Method)
at java.base/jdk.internal.reflect.NativeMethodAccessorImpl.invoke(NativeMethodAccessorImpl.java:77)
at java.base/jdk.internal.reflect.DelegatingMethodAccessorImpl.invoke(DelegatingMethodAccessorImpl.java:43)
at java.base/java.lang.reflect.Method.invoke(Method.java:568)
at org.testng.internal.invokers.MethodInvocationHelper.invokeMethod(MethodInvocationHelper.java:139)
at org.testng.internal.invokers.TestInvoker.invokeMethod(TestInvoker.java:677)
at org.testng.internal.invokers.TestInvoker.invokeTestMethod(TestInvoker.java:221)
at org.testng.internal.invokers.MethodRunner.runInSequence(MethodRunner.java:50)
at org.testng.internal.invokers.TestInvoker$MethodInvocationAgent.invoke(TestInvoker.java:962)
at org.testng.internal.invokers.TestInvoker.invokeTestMethods(TestInvoker.java:194)
at org.testng.internal.invokers.TestMethodWorker.invokeTestMethods(TestMethodWorker.java:148)
at org.testng.internal.invokers.TestMethodWorker.run(TestMethodWorker.java:128)
at java.base/java.util.ArrayList.forEach(ArrayList.java:1511)
at org.testng.TestRunner.privateRun(TestRunner.java:806)
at org.testng.TestRunner.run(TestRunner.java:601)
at org.testng.SuiteRunner.runTest(SuiteRunner.java:433)
at org.testng.SuiteRunner.runSequentially(SuiteRunner.java:427)
at org.testng.SuiteRunner.privateRun(SuiteRunner.java:387)
at org.testng.SuiteRunner.run(SuiteRunner.java:330)
at org.testng.SuiteRunnerWorker.runSuite(SuiteRunnerWorker.java:52)
at org.testng.SuiteRunnerWorker.run(SuiteRunnerWorker.java:95)
at org.testng.TestNG.runSuitesSequentially(TestNG.java:1256)
at org.testng.TestNG.runSuitesLocally(TestNG.java:1176)
at org.testng.TestNG.runSuites(TestNG.java:1099)
at org.testng.TestNG.run(TestNG.java:1067)
at org.apache.maven.surefire.testng.TestNGExecutor.run(TestNGExecutor.java:324)
at org.apache.maven.surefire.testng.TestNGXmlTestSuite.execute(TestNGXmlTestSuite.java:74)
at org.apache.maven.surefire.testng.TestNGProvider.invoke(TestNGProvider.java:123)
at org.apache.maven.surefire.booter.ForkedBooter.runSuitesInProcess(ForkedBooter.java:456)
at org.apache.maven.surefire.booter.ForkedBooter.execute(ForkedBooter.java:169)
at org.apache.maven.surefire.booter.ForkedBooter.run(ForkedBooter.java:595)
at org.apache.maven.surefire.booter.ForkedBooter.main(ForkedBooter.java:581)
]]>
            </full-stacktrace>
          </exception> <!-- java.lang.AssertionError -->
          <reporter-output>
          </reporter-output>
        </test-method> <!-- bookingDatesErrorMsg -->
        <test-method signature="bookingDatesErrorMsg(java.lang.String,java.lang.String,java.lang.Integer,java.util.List,java.lang.String)[pri:0, instance:com.booking.TesNGBooking.CreateBookingTest@41a0aa7d]" started-at="2025-07-14T18:57:08 IST" name="bookingDatesErrorMsg" data-provider="CreateBookingDatesNegativeCaseData" finished-at="2025-07-14T18:57:09 IST" duration-ms="441" status="FAIL">
          <params>
            <param index="0">
              <value>
                <![CDATA[2025-12-01]]>
              </value>
            </param>
            <param index="1">
              <value>
                <![CDATA[2025-11-30]]>
              </value>
            </param>
            <param index="2">
              <value>
                <![CDATA[400]]>
              </value>
            </param>
            <param index="3">
              <value>
                <![CDATA[[Checkout Date is less than Checkin]]]>
              </value>
            </param>
            <param index="4">
              <value>
                <![CDATA[Validate Error Msg - Checkout Date is less than Checkin]]>
              </value>
            </param>
          </params>
          <exception class="java.lang.AssertionError">
            <message>
              <![CDATA[Status Code is Wrong expected [400] but found [500]]]>
            </message>
            <full-stacktrace>
              <![CDATA[java.lang.AssertionError: Status Code is Wrong expected [400] but found [500]
at org.testng.Assert.fail(Assert.java:110)
at org.testng.Assert.failNotEquals(Assert.java:1413)
at org.testng.Assert.assertEqualsImpl(Assert.java:149)
at org.testng.Assert.assertEquals(Assert.java:131)
at org.testng.Assert.assertEquals(Assert.java:1264)
at com.booking.TesNGBooking.CreateBookingTest.bookingDatesErrorMsg(CreateBookingTest.java:79)
at java.base/jdk.internal.reflect.NativeMethodAccessorImpl.invoke0(Native Method)
at java.base/jdk.internal.reflect.NativeMethodAccessorImpl.invoke(NativeMethodAccessorImpl.java:77)
at java.base/jdk.internal.reflect.DelegatingMethodAccessorImpl.invoke(DelegatingMethodAccessorImpl.java:43)
at java.base/java.lang.reflect.Method.invoke(Method.java:568)
at org.testng.internal.invokers.MethodInvocationHelper.invokeMethod(MethodInvocationHelper.java:139)
at org.testng.internal.invokers.TestInvoker.invokeMethod(TestInvoker.java:677)
at org.testng.internal.invokers.TestInvoker.invokeTestMethod(TestInvoker.java:221)
at org.testng.internal.invokers.MethodRunner.runInSequence(MethodRunner.java:50)
at org.testng.internal.invokers.TestInvoker$MethodInvocationAgent.invoke(TestInvoker.java:962)
at org.testng.internal.invokers.TestInvoker.invokeTestMethods(TestInvoker.java:194)
at org.testng.internal.invokers.TestMethodWorker.invokeTestMethods(TestMethodWorker.java:148)
at org.testng.internal.invokers.TestMethodWorker.run(TestMethodWorker.java:128)
at java.base/java.util.ArrayList.forEach(ArrayList.java:1511)
at org.testng.TestRunner.privateRun(TestRunner.java:806)
at org.testng.TestRunner.run(TestRunner.java:601)
at org.testng.SuiteRunner.runTest(SuiteRunner.java:433)
at org.testng.SuiteRunner.runSequentially(SuiteRunner.java:427)
at org.testng.SuiteRunner.privateRun(SuiteRunner.java:387)
at org.testng.SuiteRunner.run(SuiteRunner.java:330)
at org.testng.SuiteRunnerWorker.runSuite(SuiteRunnerWorker.java:52)
at org.testng.SuiteRunnerWorker.run(SuiteRunnerWorker.java:95)
at org.testng.TestNG.runSuitesSequentially(TestNG.java:1256)
at org.testng.TestNG.runSuitesLocally(TestNG.java:1176)
at org.testng.TestNG.runSuites(TestNG.java:1099)
at org.testng.TestNG.run(TestNG.java:1067)
at org.apache.maven.surefire.testng.TestNGExecutor.run(TestNGExecutor.java:324)
at org.apache.maven.surefire.testng.TestNGXmlTestSuite.execute(TestNGXmlTestSuite.java:74)
at org.apache.maven.surefire.testng.TestNGProvider.invoke(TestNGProvider.java:123)
at org.apache.maven.surefire.booter.ForkedBooter.runSuitesInProcess(ForkedBooter.java:456)
at org.apache.maven.surefire.booter.ForkedBooter.execute(ForkedBooter.java:169)
at org.apache.maven.surefire.booter.ForkedBooter.run(ForkedBooter.java:595)
at org.apache.maven.surefire.booter.ForkedBooter.main(ForkedBooter.java:581)
]]>
            </full-stacktrace>
          </exception> <!-- java.lang.AssertionError -->
          <reporter-output>
          </reporter-output>
        </test-method> <!-- bookingDatesErrorMsg -->
        <test-method signature="bookingDatesErrorMsg(java.lang.String,java.lang.String,java.lang.Integer,java.util.List,java.lang.String)[pri:0, instance:com.booking.TesNGBooking.CreateBookingTest@41a0aa7d]" started-at="2025-07-14T18:57:09 IST" name="bookingDatesErrorMsg" data-provider="CreateBookingDatesNegativeCaseData" finished-at="2025-07-14T18:57:09 IST" duration-ms="220" status="FAIL">
          <params>
            <param index="0">
              <value>
                <![CDATA[2024-12-25]]>
              </value>
            </param>
            <param index="1">
              <value>
                <![CDATA[2024-12-26]]>
              </value>
            </param>
            <param index="2">
              <value>
                <![CDATA[400]]>
              </value>
            </param>
            <param index="3">
              <value>
                <![CDATA[[Checkin Date is less than Current Date, Checkout Date is less than Current Date]]]>
              </value>
            </param>
            <param index="4">
              <value>
                <![CDATA[Validate Error Msg - Checkout and Checkin Date is less than Current Date]]>
              </value>
            </param>
          </params>
          <exception class="java.lang.AssertionError">
            <message>
              <![CDATA[Status Code is Wrong expected [400] but found [200]]]>
            </message>
            <full-stacktrace>
              <![CDATA[java.lang.AssertionError: Status Code is Wrong expected [400] but found [200]
at org.testng.Assert.fail(Assert.java:110)
at org.testng.Assert.failNotEquals(Assert.java:1413)
at org.testng.Assert.assertEqualsImpl(Assert.java:149)
at org.testng.Assert.assertEquals(Assert.java:131)
at org.testng.Assert.assertEquals(Assert.java:1264)
at com.booking.TesNGBooking.CreateBookingTest.bookingDatesErrorMsg(CreateBookingTest.java:79)
at java.base/jdk.internal.reflect.NativeMethodAccessorImpl.invoke0(Native Method)
at java.base/jdk.internal.reflect.NativeMethodAccessorImpl.invoke(NativeMethodAccessorImpl.java:77)
at java.base/jdk.internal.reflect.DelegatingMethodAccessorImpl.invoke(DelegatingMethodAccessorImpl.java:43)
at java.base/java.lang.reflect.Method.invoke(Method.java:568)
at org.testng.internal.invokers.MethodInvocationHelper.invokeMethod(MethodInvocationHelper.java:139)
at org.testng.internal.invokers.TestInvoker.invokeMethod(TestInvoker.java:677)
at org.testng.internal.invokers.TestInvoker.invokeTestMethod(TestInvoker.java:221)
at org.testng.internal.invokers.MethodRunner.runInSequence(MethodRunner.java:50)
at org.testng.internal.invokers.TestInvoker$MethodInvocationAgent.invoke(TestInvoker.java:962)
at org.testng.internal.invokers.TestInvoker.invokeTestMethods(TestInvoker.java:194)
at org.testng.internal.invokers.TestMethodWorker.invokeTestMethods(TestMethodWorker.java:148)
at org.testng.internal.invokers.TestMethodWorker.run(TestMethodWorker.java:128)
at java.base/java.util.ArrayList.forEach(ArrayList.java:1511)
at org.testng.TestRunner.privateRun(TestRunner.java:806)
at org.testng.TestRunner.run(TestRunner.java:601)
at org.testng.SuiteRunner.runTest(SuiteRunner.java:433)
at org.testng.SuiteRunner.runSequentially(SuiteRunner.java:427)
at org.testng.SuiteRunner.privateRun(SuiteRunner.java:387)
at org.testng.SuiteRunner.run(SuiteRunner.java:330)
at org.testng.SuiteRunnerWorker.runSuite(SuiteRunnerWorker.java:52)
at org.testng.SuiteRunnerWorker.run(SuiteRunnerWorker.java:95)
at org.testng.TestNG.runSuitesSequentially(TestNG.java:1256)
at org.testng.TestNG.runSuitesLocally(TestNG.java:1176)
at org.testng.TestNG.runSuites(TestNG.java:1099)
at org.testng.TestNG.run(TestNG.java:1067)
at org.apache.maven.surefire.testng.TestNGExecutor.run(TestNGExecutor.java:324)
at org.apache.maven.surefire.testng.TestNGXmlTestSuite.execute(TestNGXmlTestSuite.java:74)
at org.apache.maven.surefire.testng.TestNGProvider.invoke(TestNGProvider.java:123)
at org.apache.maven.surefire.booter.ForkedBooter.runSuitesInProcess(ForkedBooter.java:456)
at org.apache.maven.surefire.booter.ForkedBooter.execute(ForkedBooter.java:169)
at org.apache.maven.surefire.booter.ForkedBooter.run(ForkedBooter.java:595)
at org.apache.maven.surefire.booter.ForkedBooter.main(ForkedBooter.java:581)
]]>
            </full-stacktrace>
          </exception> <!-- java.lang.AssertionError -->
          <reporter-output>
          </reporter-output>
        </test-method> <!-- bookingDatesErrorMsg -->
        <test-method signature="bookingDatesErrorMsg(java.lang.String,java.lang.String,java.lang.Integer,java.util.List,java.lang.String)[pri:0, instance:com.booking.TesNGBooking.CreateBookingTest@41a0aa7d]" started-at="2025-07-14T18:57:09 IST" name="bookingDatesErrorMsg" data-provider="CreateBookingDatesNegativeCaseData" finished-at="2025-07-14T18:57:09 IST" duration-ms="240" status="PASS">
          <params>
            <param index="0">
              <value>
                <![CDATA[test]]>
              </value>
            </param>
            <param index="1">
              <value>
                <![CDATA[2025-12-01]]>
              </value>
            </param>
            <param index="2">
              <value>
                <![CDATA[400]]>
              </value>
            </param>
            <param index="3">
              <value>
                <![CDATA[[Failed to create booking]]]>
              </value>
            </param>
            <param index="4">
              <value>
                <![CDATA[Validate Error Msg - Checkin Date is not Date Value]]>
              </value>
            </param>
          </params>
          <reporter-output>
          </reporter-output>
        </test-method> <!-- bookingDatesErrorMsg -->
        <test-method signature="bookingDatesErrorMsg(java.lang.String,java.lang.String,java.lang.Integer,java.util.List,java.lang.String)[pri:0, instance:com.booking.TesNGBooking.CreateBookingTest@41a0aa7d]" started-at="2025-07-14T18:57:09 IST" name="bookingDatesErrorMsg" data-provider="CreateBookingDatesNegativeCaseData" finished-at="2025-07-14T18:57:09 IST" duration-ms="269" status="PASS">
          <params>
            <param index="0">
              <value>
                <![CDATA[2025-12-01]]>
              </value>
            </param>
            <param index="1">
              <value>
                <![CDATA[test]]>
              </value>
            </param>
            <param index="2">
              <value>
                <![CDATA[400]]>
              </value>
            </param>
            <param index="3">
              <value>
                <![CDATA[[Failed to create booking]]]>
              </value>
            </param>
            <param index="4">
              <value>
                <![CDATA[Validate Error Msg - CheckOut Date is not Date Value]]>
              </value>
            </param>
          </params>
          <reporter-output>
          </reporter-output>
        </test-method> <!-- bookingDatesErrorMsg -->
        <test-method signature="bookingFieldsErrorMsg(java.lang.Integer,java.lang.String,java.lang.String,java.lang.Boolean,java.lang.String,java.lang.String,int,java.util.List,java.lang.String)[pri:0, instance:com.booking.TesNGBooking.CreateBookingTest@41a0aa7d]" started-at="2025-07-14T18:57:09 IST" name="bookingFieldsErrorMsg" data-provider="CreateBookingNegativeCaseData" finished-at="2025-07-14T18:57:10 IST" duration-ms="221" status="PASS">
          <params>
            <param index="0">
              <value is-null="true"/>
            </param>
            <param index="1">
              <value>
                <![CDATA[Siva]]>
              </value>
            </param>
            <param index="2">
              <value>
                <![CDATA[Kumari]]>
              </value>
            </param>
            <param index="3">
              <value>
                <![CDATA[true]]>
              </value>
            </param>
            <param index="4">
              <value>
                <![CDATA[test1@gmail.com]]>
              </value>
            </param>
            <param index="5">
              <value>
                <![CDATA[24433234324]]>
              </value>
            </param>
            <param index="6">
              <value>
                <![CDATA[400]]>
              </value>
            </param>
            <param index="7">
              <value>
                <![CDATA[[must be greater than or equal to 1]]]>
              </value>
            </param>
            <param index="8">
              <value>
                <![CDATA[Room ID is null]]>
              </value>
            </param>
          </params>
          <reporter-output>
          </reporter-output>
        </test-method> <!-- bookingFieldsErrorMsg -->
        <test-method signature="bookingFieldsErrorMsg(java.lang.Integer,java.lang.String,java.lang.String,java.lang.Boolean,java.lang.String,java.lang.String,int,java.util.List,java.lang.String)[pri:0, instance:com.booking.TesNGBooking.CreateBookingTest@41a0aa7d]" started-at="2025-07-14T18:57:10 IST" name="bookingFieldsErrorMsg" data-provider="CreateBookingNegativeCaseData" finished-at="2025-07-14T18:57:10 IST" duration-ms="239" status="PASS">
          <params>
            <param index="0">
              <value>
                <![CDATA[2]]>
              </value>
            </param>
            <param index="1">
              <value>
                <![CDATA[Si]]>
              </value>
            </param>
            <param index="2">
              <value>
                <![CDATA[Kumari]]>
              </value>
            </param>
            <param index="3">
              <value>
                <![CDATA[true]]>
              </value>
            </param>
            <param index="4">
              <value>
                <![CDATA[test1@gmail.com]]>
              </value>
            </param>
            <param index="5">
              <value>
                <![CDATA[24433234324]]>
              </value>
            </param>
            <param index="6">
              <value>
                <![CDATA[400]]>
              </value>
            </param>
            <param index="7">
              <value>
                <![CDATA[[size must be between 3 and 18]]]>
              </value>
            </param>
            <param index="8">
              <value>
                <![CDATA[Validate Error Msg - FirstName is less than 3]]>
              </value>
            </param>
          </params>
          <reporter-output>
          </reporter-output>
        </test-method> <!-- bookingFieldsErrorMsg -->
        <test-method signature="bookingFieldsErrorMsg(java.lang.Integer,java.lang.String,java.lang.String,java.lang.Boolean,java.lang.String,java.lang.String,int,java.util.List,java.lang.String)[pri:0, instance:com.booking.TesNGBooking.CreateBookingTest@41a0aa7d]" started-at="2025-07-14T18:57:10 IST" name="bookingFieldsErrorMsg" data-provider="CreateBookingNegativeCaseData" finished-at="2025-07-14T18:57:10 IST" duration-ms="267" status="PASS">
          <params>
            <param index="0">
              <value>
                <![CDATA[2]]>
              </value>
            </param>
            <param index="1">
              <value>
                <![CDATA[SivakumariSadasivam]]>
              </value>
            </param>
            <param index="2">
              <value>
                <![CDATA[Kumari]]>
              </value>
            </param>
            <param index="3">
              <value>
                <![CDATA[true]]>
              </value>
            </param>
            <param index="4">
              <value>
                <![CDATA[test1@gmail.com]]>
              </value>
            </param>
            <param index="5">
              <value>
                <![CDATA[24433234324]]>
              </value>
            </param>
            <param index="6">
              <value>
                <![CDATA[400]]>
              </value>
            </param>
            <param index="7">
              <value>
                <![CDATA[[size must be between 3 and 18]]]>
              </value>
            </param>
            <param index="8">
              <value>
                <![CDATA[Validate Error Msg - FirstName is greater than 18]]>
              </value>
            </param>
          </params>
          <reporter-output>
          </reporter-output>
        </test-method> <!-- bookingFieldsErrorMsg -->
        <test-method signature="bookingFieldsErrorMsg(java.lang.Integer,java.lang.String,java.lang.String,java.lang.Boolean,java.lang.String,java.lang.String,int,java.util.List,java.lang.String)[pri:0, instance:com.booking.TesNGBooking.CreateBookingTest@41a0aa7d]" started-at="2025-07-14T18:57:10 IST" name="bookingFieldsErrorMsg" data-provider="CreateBookingNegativeCaseData" finished-at="2025-07-14T18:57:11 IST" duration-ms="475" status="PASS">
          <params>
            <param index="0">
              <value>
                <![CDATA[2]]>
              </value>
            </param>
            <param index="1">
              <value>
                <![CDATA[]]>
              </value>
            </param>
            <param index="2">
              <value>
                <![CDATA[Kumari]]>
              </value>
            </param>
            <param index="3">
              <value>
                <![CDATA[true]]>
              </value>
            </param>
            <param index="4">
              <value>
                <![CDATA[test1@gmail.com]]>
              </value>
            </param>
            <param index="5">
              <value>
                <![CDATA[24433234324]]>
              </value>
            </param>
            <param index="6">
              <value>
                <![CDATA[400]]>
              </value>
            </param>
            <param index="7">
              <value>
                <![CDATA[[Firstname should not be blank, size must be between 3 and 18]]]>
              </value>
            </param>
            <param index="8">
              <value>
                <![CDATA[Validate Error Msg - FirstName is empty]]>
              </value>
            </param>
          </params>
          <reporter-output>
          </reporter-output>
        </test-method> <!-- bookingFieldsErrorMsg -->
        <test-method signature="bookingFieldsErrorMsg(java.lang.Integer,java.lang.String,java.lang.String,java.lang.Boolean,java.lang.String,java.lang.String,int,java.util.List,java.lang.String)[pri:0, instance:com.booking.TesNGBooking.CreateBookingTest@41a0aa7d]" started-at="2025-07-14T18:57:11 IST" name="bookingFieldsErrorMsg" data-provider="CreateBookingNegativeCaseData" finished-at="2025-07-14T18:57:11 IST" duration-ms="231" status="PASS">
          <params>
            <param index="0">
              <value>
                <![CDATA[2]]>
              </value>
            </param>
            <param index="1">
              <value>
                <![CDATA[ ]]>
              </value>
            </param>
            <param index="2">
              <value>
                <![CDATA[Kumari]]>
              </value>
            </param>
            <param index="3">
              <value>
                <![CDATA[true]]>
              </value>
            </param>
            <param index="4">
              <value>
                <![CDATA[test1@gmail.com]]>
              </value>
            </param>
            <param index="5">
              <value>
                <![CDATA[24433234324]]>
              </value>
            </param>
            <param index="6">
              <value>
                <![CDATA[400]]>
              </value>
            </param>
            <param index="7">
              <value>
                <![CDATA[[Firstname should not be blank, size must be between 3 and 18]]]>
              </value>
            </param>
            <param index="8">
              <value>
                <![CDATA[Validate Error Msg - FirstName is empty spaces]]>
              </value>
            </param>
          </params>
          <reporter-output>
          </reporter-output>
        </test-method> <!-- bookingFieldsErrorMsg -->
        <test-method signature="bookingFieldsErrorMsg(java.lang.Integer,java.lang.String,java.lang.String,java.lang.Boolean,java.lang.String,java.lang.String,int,java.util.List,java.lang.String)[pri:0, instance:com.booking.TesNGBooking.CreateBookingTest@41a0aa7d]" started-at="2025-07-14T18:57:11 IST" name="bookingFieldsErrorMsg" data-provider="CreateBookingNegativeCaseData" finished-at="2025-07-14T18:57:11 IST" duration-ms="230" status="PASS">
          <params>
            <param index="0">
              <value>
                <![CDATA[2]]>
              </value>
            </param>
            <param index="1">
              <value is-null="true"/>
            </param>
            <param index="2">
              <value>
                <![CDATA[Kumari]]>
              </value>
            </param>
            <param index="3">
              <value>
                <![CDATA[true]]>
              </value>
            </param>
            <param index="4">
              <value>
                <![CDATA[test1@gmail.com]]>
              </value>
            </param>
            <param index="5">
              <value>
                <![CDATA[24433234324]]>
              </value>
            </param>
            <param index="6">
              <value>
                <![CDATA[400]]>
              </value>
            </param>
            <param index="7">
              <value>
                <![CDATA[[Firstname should not be blank]]]>
              </value>
            </param>
            <param index="8">
              <value>
                <![CDATA[Validate Error Msg - FirstName is null]]>
              </value>
            </param>
          </params>
          <reporter-output>
          </reporter-output>
        </test-method> <!-- bookingFieldsErrorMsg -->
        <test-method signature="bookingFieldsErrorMsg(java.lang.Integer,java.lang.String,java.lang.String,java.lang.Boolean,java.lang.String,java.lang.String,int,java.util.List,java.lang.String)[pri:0, instance:com.booking.TesNGBooking.CreateBookingTest@41a0aa7d]" started-at="2025-07-14T18:57:11 IST" name="bookingFieldsErrorMsg" data-provider="CreateBookingNegativeCaseData" finished-at="2025-07-14T18:57:11 IST" duration-ms="237" status="PASS">
          <params>
            <param index="0">
              <value>
                <![CDATA[201]]>
              </value>
            </param>
            <param index="1">
              <value>
                <![CDATA[Siv]]>
              </value>
            </param>
            <param index="2">
              <value>
                <![CDATA[Kumari]]>
              </value>
            </param>
            <param index="3">
              <value>
                <![CDATA[true]]>
              </value>
            </param>
            <param index="4">
              <value>
                <![CDATA[test1@gmail.com]]>
              </value>
            </param>
            <param index="5">
              <value>
                <![CDATA[24433234324]]>
              </value>
            </param>
            <param index="6">
              <value>
                <![CDATA[200]]>
              </value>
            </param>
            <param index="7">
              <value is-null="true"/>
            </param>
            <param index="8">
              <value>
                <![CDATA[Validate Success Booking - FirstName is of size 3]]>
              </value>
            </param>
          </params>
          <reporter-output>
          </reporter-output>
        </test-method> <!-- bookingFieldsErrorMsg -->
        <test-method signature="bookingFieldsErrorMsg(java.lang.Integer,java.lang.String,java.lang.String,java.lang.Boolean,java.lang.String,java.lang.String,int,java.util.List,java.lang.String)[pri:0, instance:com.booking.TesNGBooking.CreateBookingTest@41a0aa7d]" started-at="2025-07-14T18:57:11 IST" name="bookingFieldsErrorMsg" data-provider="CreateBookingNegativeCaseData" finished-at="2025-07-14T18:57:11 IST" duration-ms="206" status="PASS">
          <params>
            <param index="0">
              <value>
                <![CDATA[401]]>
              </value>
            </param>
            <param index="1">
              <value>
                <![CDATA[SivakumariTestTest]]>
              </value>
            </param>
            <param index="2">
              <value>
                <![CDATA[Kumari]]>
              </value>
            </param>
            <param index="3">
              <value>
                <![CDATA[true]]>
              </value>
            </param>
            <param index="4">
              <value>
                <![CDATA[test1@gmail.com]]>
              </value>
            </param>
            <param index="5">
              <value>
                <![CDATA[24433234324]]>
              </value>
            </param>
            <param index="6">
              <value>
                <![CDATA[200]]>
              </value>
            </param>
            <param index="7">
              <value is-null="true"/>
            </param>
            <param index="8">
              <value>
                <![CDATA[Validate Success Booking - FirstName is of size 18]]>
              </value>
            </param>
          </params>
          <reporter-output>
          </reporter-output>
        </test-method> <!-- bookingFieldsErrorMsg -->
        <test-method signature="bookingFieldsErrorMsg(java.lang.Integer,java.lang.String,java.lang.String,java.lang.Boolean,java.lang.String,java.lang.String,int,java.util.List,java.lang.String)[pri:0, instance:com.booking.TesNGBooking.CreateBookingTest@41a0aa7d]" started-at="2025-07-14T18:57:11 IST" name="bookingFieldsErrorMsg" data-provider="CreateBookingNegativeCaseData" finished-at="2025-07-14T18:57:12 IST" duration-ms="344" status="PASS">
          <params>
            <param index="0">
              <value>
                <![CDATA[2]]>
              </value>
            </param>
            <param index="1">
              <value>
                <![CDATA[Siva]]>
              </value>
            </param>
            <param index="2">
              <value>
                <![CDATA[Ku]]>
              </value>
            </param>
            <param index="3">
              <value>
                <![CDATA[true]]>
              </value>
            </param>
            <param index="4">
              <value>
                <![CDATA[test1@gmail.com]]>
              </value>
            </param>
            <param index="5">
              <value>
                <![CDATA[24433234324]]>
              </value>
            </param>
            <param index="6">
              <value>
                <![CDATA[400]]>
              </value>
            </param>
            <param index="7">
              <value>
                <![CDATA[[size must be between 3 and 30]]]>
              </value>
            </param>
            <param index="8">
              <value>
                <![CDATA[Validate Error Msg - LastName is less than 3]]>
              </value>
            </param>
          </params>
          <reporter-output>
          </reporter-output>
        </test-method> <!-- bookingFieldsErrorMsg -->
        <test-method signature="bookingFieldsErrorMsg(java.lang.Integer,java.lang.String,java.lang.String,java.lang.Boolean,java.lang.String,java.lang.String,int,java.util.List,java.lang.String)[pri:0, instance:com.booking.TesNGBooking.CreateBookingTest@41a0aa7d]" started-at="2025-07-14T18:57:12 IST" name="bookingFieldsErrorMsg" data-provider="CreateBookingNegativeCaseData" finished-at="2025-07-14T18:57:12 IST" duration-ms="251" status="PASS">
          <params>
            <param index="0">
              <value>
                <![CDATA[2]]>
              </value>
            </param>
            <param index="1">
              <value>
                <![CDATA[Siva]]>
              </value>
            </param>
            <param index="2">
              <value>
                <![CDATA[KumariKumariKumariKumariKumariKumari]]>
              </value>
            </param>
            <param index="3">
              <value>
                <![CDATA[true]]>
              </value>
            </param>
            <param index="4">
              <value>
                <![CDATA[test1@gmail.com]]>
              </value>
            </param>
            <param index="5">
              <value>
                <![CDATA[24433234324]]>
              </value>
            </param>
            <param index="6">
              <value>
                <![CDATA[400]]>
              </value>
            </param>
            <param index="7">
              <value>
                <![CDATA[[size must be between 3 and 30]]]>
              </value>
            </param>
            <param index="8">
              <value>
                <![CDATA[Validate Error Msg - LastName is greater than 30]]>
              </value>
            </param>
          </params>
          <reporter-output>
          </reporter-output>
        </test-method> <!-- bookingFieldsErrorMsg -->
        <test-method signature="bookingFieldsErrorMsg(java.lang.Integer,java.lang.String,java.lang.String,java.lang.Boolean,java.lang.String,java.lang.String,int,java.util.List,java.lang.String)[pri:0, instance:com.booking.TesNGBooking.CreateBookingTest@41a0aa7d]" started-at="2025-07-14T18:57:12 IST" name="bookingFieldsErrorMsg" data-provider="CreateBookingNegativeCaseData" finished-at="2025-07-14T18:57:12 IST" duration-ms="244" status="PASS">
          <params>
            <param index="0">
              <value>
                <![CDATA[101]]>
              </value>
            </param>
            <param index="1">
              <value>
                <![CDATA[Siva]]>
              </value>
            </param>
            <param index="2">
              <value>
                <![CDATA[Kum]]>
              </value>
            </param>
            <param index="3">
              <value>
                <![CDATA[true]]>
              </value>
            </param>
            <param index="4">
              <value>
                <![CDATA[test1@gmail.com]]>
              </value>
            </param>
            <param index="5">
              <value>
                <![CDATA[24433234324]]>
              </value>
            </param>
            <param index="6">
              <value>
                <![CDATA[200]]>
              </value>
            </param>
            <param index="7">
              <value is-null="true"/>
            </param>
            <param index="8">
              <value>
                <![CDATA[Validate Success Booking - LastName is of size 3]]>
              </value>
            </param>
          </params>
          <reporter-output>
          </reporter-output>
        </test-method> <!-- bookingFieldsErrorMsg -->
        <test-method signature="bookingFieldsErrorMsg(java.lang.Integer,java.lang.String,java.lang.String,java.lang.Boolean,java.lang.String,java.lang.String,int,java.util.List,java.lang.String)[pri:0, instance:com.booking.TesNGBooking.CreateBookingTest@41a0aa7d]" started-at="2025-07-14T18:57:12 IST" name="bookingFieldsErrorMsg" data-provider="CreateBookingNegativeCaseData" finished-at="2025-07-14T18:57:13 IST" duration-ms="285" status="PASS">
          <params>
            <param index="0">
              <value>
                <![CDATA[301]]>
              </value>
            </param>
            <param index="1">
              <value>
                <![CDATA[Siva]]>
              </value>
            </param>
            <param index="2">
              <value>
                <![CDATA[KumariKumariKumariKumariKumari]]>
              </value>
            </param>
            <param index="3">
              <value>
                <![CDATA[true]]>
              </value>
            </param>
            <param index="4">
              <value>
                <![CDATA[test1@gmail.com]]>
              </value>
            </param>
            <param index="5">
              <value>
                <![CDATA[24433234324]]>
              </value>
            </param>
            <param index="6">
              <value>
                <![CDATA[200]]>
              </value>
            </param>
            <param index="7">
              <value is-null="true"/>
            </param>
            <param index="8">
              <value>
                <![CDATA[Validate Success Booking - LastName is of size 30]]>
              </value>
            </param>
          </params>
          <reporter-output>
          </reporter-output>
        </test-method> <!-- bookingFieldsErrorMsg -->
        <test-method signature="bookingFieldsErrorMsg(java.lang.Integer,java.lang.String,java.lang.String,java.lang.Boolean,java.lang.String,java.lang.String,int,java.util.List,java.lang.String)[pri:0, instance:com.booking.TesNGBooking.CreateBookingTest@41a0aa7d]" started-at="2025-07-14T18:57:13 IST" name="bookingFieldsErrorMsg" data-provider="CreateBookingNegativeCaseData" finished-at="2025-07-14T18:57:13 IST" duration-ms="230" status="PASS">
          <params>
            <param index="0">
              <value>
                <![CDATA[2]]>
              </value>
            </param>
            <param index="1">
              <value>
                <![CDATA[Siva]]>
              </value>
            </param>
            <param index="2">
              <value>
                <![CDATA[]]>
              </value>
            </param>
            <param index="3">
              <value>
                <![CDATA[true]]>
              </value>
            </param>
            <param index="4">
              <value>
                <![CDATA[test1@gmail.com]]>
              </value>
            </param>
            <param index="5">
              <value>
                <![CDATA[24433234324]]>
              </value>
            </param>
            <param index="6">
              <value>
                <![CDATA[400]]>
              </value>
            </param>
            <param index="7">
              <value>
                <![CDATA[[Lastname should not be blank, size must be between 3 and 30]]]>
              </value>
            </param>
            <param index="8">
              <value>
                <![CDATA[Validate Error Msg - LastName is empty]]>
              </value>
            </param>
          </params>
          <reporter-output>
          </reporter-output>
        </test-method> <!-- bookingFieldsErrorMsg -->
        <test-method signature="bookingFieldsErrorMsg(java.lang.Integer,java.lang.String,java.lang.String,java.lang.Boolean,java.lang.String,java.lang.String,int,java.util.List,java.lang.String)[pri:0, instance:com.booking.TesNGBooking.CreateBookingTest@41a0aa7d]" started-at="2025-07-14T18:57:13 IST" name="bookingFieldsErrorMsg" data-provider="CreateBookingNegativeCaseData" finished-at="2025-07-14T18:57:13 IST" duration-ms="234" status="PASS">
          <params>
            <param index="0">
              <value>
                <![CDATA[2]]>
              </value>
            </param>
            <param index="1">
              <value>
                <![CDATA[Siva]]>
              </value>
            </param>
            <param index="2">
              <value>
                <![CDATA[ ]]>
              </value>
            </param>
            <param index="3">
              <value>
                <![CDATA[true]]>
              </value>
            </param>
            <param index="4">
              <value>
                <![CDATA[test1@gmail.com]]>
              </value>
            </param>
            <param index="5">
              <value>
                <![CDATA[24433234324]]>
              </value>
            </param>
            <param index="6">
              <value>
                <![CDATA[400]]>
              </value>
            </param>
            <param index="7">
              <value>
                <![CDATA[[Lastname should not be blank, size must be between 3 and 30]]]>
              </value>
            </param>
            <param index="8">
              <value>
                <![CDATA[Validate Error Msg - LastName is empty with spaces]]>
              </value>
            </param>
          </params>
          <reporter-output>
          </reporter-output>
        </test-method> <!-- bookingFieldsErrorMsg -->
        <test-method signature="bookingFieldsErrorMsg(java.lang.Integer,java.lang.String,java.lang.String,java.lang.Boolean,java.lang.String,java.lang.String,int,java.util.List,java.lang.String)[pri:0, instance:com.booking.TesNGBooking.CreateBookingTest@41a0aa7d]" started-at="2025-07-14T18:57:13 IST" name="bookingFieldsErrorMsg" data-provider="CreateBookingNegativeCaseData" finished-at="2025-07-14T18:57:14 IST" duration-ms="591" status="PASS">
          <params>
            <param index="0">
              <value>
                <![CDATA[2]]>
              </value>
            </param>
            <param index="1">
              <value>
                <![CDATA[Siva]]>
              </value>
            </param>
            <param index="2">
              <value is-null="true"/>
            </param>
            <param index="3">
              <value>
                <![CDATA[true]]>
              </value>
            </param>
            <param index="4">
              <value>
                <![CDATA[test1@gmail.com]]>
              </value>
            </param>
            <param index="5">
              <value>
                <![CDATA[24433234324]]>
              </value>
            </param>
            <param index="6">
              <value>
                <![CDATA[400]]>
              </value>
            </param>
            <param index="7">
              <value>
                <![CDATA[[Lastname should not be blank]]]>
              </value>
            </param>
            <param index="8">
              <value>
                <![CDATA[Validate Error Msg - LastName is null]]>
              </value>
            </param>
          </params>
          <reporter-output>
          </reporter-output>
        </test-method> <!-- bookingFieldsErrorMsg -->
        <test-method signature="bookingFieldsErrorMsg(java.lang.Integer,java.lang.String,java.lang.String,java.lang.Boolean,java.lang.String,java.lang.String,int,java.util.List,java.lang.String)[pri:0, instance:com.booking.TesNGBooking.CreateBookingTest@41a0aa7d]" started-at="2025-07-14T18:57:14 IST" name="bookingFieldsErrorMsg" data-provider="CreateBookingNegativeCaseData" finished-at="2025-07-14T18:57:14 IST" duration-ms="240" status="FAIL">
          <params>
            <param index="0">
              <value>
                <![CDATA[2]]>
              </value>
            </param>
            <param index="1">
              <value>
                <![CDATA[Siva]]>
              </value>
            </param>
            <param index="2">
              <value>
                <![CDATA[Kumari]]>
              </value>
            </param>
            <param index="3">
              <value>
                <![CDATA[true]]>
              </value>
            </param>
            <param index="4">
              <value>
                <![CDATA[test@gmail]]>
              </value>
            </param>
            <param index="5">
              <value>
                <![CDATA[24433234324]]>
              </value>
            </param>
            <param index="6">
              <value>
                <![CDATA[400]]>
              </value>
            </param>
            <param index="7">
              <value>
                <![CDATA[[must not be empty]]]>
              </value>
            </param>
            <param index="8">
              <value>
                <![CDATA[Validate Error Msg - Email Value is Without .com]]>
              </value>
            </param>
          </params>
          <exception class="java.lang.AssertionError">
            <message>
              <![CDATA[Wrong status code expected [400] but found [200]]]>
            </message>
            <full-stacktrace>
              <![CDATA[java.lang.AssertionError: Wrong status code expected [400] but found [200]
at org.testng.Assert.fail(Assert.java:110)
at org.testng.Assert.failNotEquals(Assert.java:1413)
at org.testng.Assert.assertEqualsImpl(Assert.java:149)
at org.testng.Assert.assertEquals(Assert.java:131)
at org.testng.Assert.assertEquals(Assert.java:1240)
at com.booking.TesNGBooking.CreateBookingTest.bookingFieldsErrorMsg(CreateBookingTest.java:57)
at java.base/jdk.internal.reflect.NativeMethodAccessorImpl.invoke0(Native Method)
at java.base/jdk.internal.reflect.NativeMethodAccessorImpl.invoke(NativeMethodAccessorImpl.java:77)
at java.base/jdk.internal.reflect.DelegatingMethodAccessorImpl.invoke(DelegatingMethodAccessorImpl.java:43)
at java.base/java.lang.reflect.Method.invoke(Method.java:568)
at org.testng.internal.invokers.MethodInvocationHelper.invokeMethod(MethodInvocationHelper.java:139)
at org.testng.internal.invokers.TestInvoker.invokeMethod(TestInvoker.java:677)
at org.testng.internal.invokers.TestInvoker.invokeTestMethod(TestInvoker.java:221)
at org.testng.internal.invokers.MethodRunner.runInSequence(MethodRunner.java:50)
at org.testng.internal.invokers.TestInvoker$MethodInvocationAgent.invoke(TestInvoker.java:962)
at org.testng.internal.invokers.TestInvoker.invokeTestMethods(TestInvoker.java:194)
at org.testng.internal.invokers.TestMethodWorker.invokeTestMethods(TestMethodWorker.java:148)
at org.testng.internal.invokers.TestMethodWorker.run(TestMethodWorker.java:128)
at java.base/java.util.ArrayList.forEach(ArrayList.java:1511)
at org.testng.TestRunner.privateRun(TestRunner.java:806)
at org.testng.TestRunner.run(TestRunner.java:601)
at org.testng.SuiteRunner.runTest(SuiteRunner.java:433)
at org.testng.SuiteRunner.runSequentially(SuiteRunner.java:427)
at org.testng.SuiteRunner.privateRun(SuiteRunner.java:387)
at org.testng.SuiteRunner.run(SuiteRunner.java:330)
at org.testng.SuiteRunnerWorker.runSuite(SuiteRunnerWorker.java:52)
at org.testng.SuiteRunnerWorker.run(SuiteRunnerWorker.java:95)
at org.testng.TestNG.runSuitesSequentially(TestNG.java:1256)
at org.testng.TestNG.runSuitesLocally(TestNG.java:1176)
at org.testng.TestNG.runSuites(TestNG.java:1099)
at org.testng.TestNG.run(TestNG.java:1067)
at org.apache.maven.surefire.testng.TestNGExecutor.run(TestNGExecutor.java:324)
at org.apache.maven.surefire.testng.TestNGXmlTestSuite.execute(TestNGXmlTestSuite.java:74)
at org.apache.maven.surefire.testng.TestNGProvider.invoke(TestNGProvider.java:123)
at org.apache.maven.surefire.booter.ForkedBooter.runSuitesInProcess(ForkedBooter.java:456)
at org.apache.maven.surefire.booter.ForkedBooter.execute(ForkedBooter.java:169)
at org.apache.maven.surefire.booter.ForkedBooter.run(ForkedBooter.java:595)
at org.apache.maven.surefire.booter.ForkedBooter.main(ForkedBooter.java:581)
]]>
            </full-stacktrace>
          </exception> <!-- java.lang.AssertionError -->
          <reporter-output>
          </reporter-output>
        </test-method> <!-- bookingFieldsErrorMsg -->
        <test-method signature="bookingFieldsErrorMsg(java.lang.Integer,java.lang.String,java.lang.String,java.lang.Boolean,java.lang.String,java.lang.String,int,java.util.List,java.lang.String)[pri:0, instance:com.booking.TesNGBooking.CreateBookingTest@41a0aa7d]" started-at="2025-07-14T18:57:14 IST" name="bookingFieldsErrorMsg" data-provider="CreateBookingNegativeCaseData" finished-at="2025-07-14T18:57:15 IST" duration-ms="1309" status="PASS">
          <params>
            <param index="0">
              <value>
                <![CDATA[2]]>
              </value>
            </param>
            <param index="1">
              <value>
                <![CDATA[Siva]]>
              </value>
            </param>
            <param index="2">
              <value>
                <![CDATA[Kumari]]>
              </value>
            </param>
            <param index="3">
              <value>
                <![CDATA[true]]>
              </value>
            </param>
            <param index="4">
              <value>
                <![CDATA[test@]]>
              </value>
            </param>
            <param index="5">
              <value>
                <![CDATA[24433234324]]>
              </value>
            </param>
            <param index="6">
              <value>
                <![CDATA[400]]>
              </value>
            </param>
            <param index="7">
              <value>
                <![CDATA[[must be a well-formed email address]]]>
              </value>
            </param>
            <param index="8">
              <value>
                <![CDATA[Validate Error Msg - Email Value is Without Domain(No content after@)]]>
              </value>
            </param>
          </params>
          <reporter-output>
          </reporter-output>
        </test-method> <!-- bookingFieldsErrorMsg -->
        <test-method signature="bookingFieldsErrorMsg(java.lang.Integer,java.lang.String,java.lang.String,java.lang.Boolean,java.lang.String,java.lang.String,int,java.util.List,java.lang.String)[pri:0, instance:com.booking.TesNGBooking.CreateBookingTest@41a0aa7d]" started-at="2025-07-14T18:57:15 IST" name="bookingFieldsErrorMsg" data-provider="CreateBookingNegativeCaseData" finished-at="2025-07-14T18:57:15 IST" duration-ms="257" status="PASS">
          <params>
            <param index="0">
              <value>
                <![CDATA[2]]>
              </value>
            </param>
            <param index="1">
              <value>
                <![CDATA[Siva]]>
              </value>
            </param>
            <param index="2">
              <value>
                <![CDATA[Kumari]]>
              </value>
            </param>
            <param index="3">
              <value>
                <![CDATA[true]]>
              </value>
            </param>
            <param index="4">
              <value>
                <![CDATA[test]]>
              </value>
            </param>
            <param index="5">
              <value>
                <![CDATA[24433234324]]>
              </value>
            </param>
            <param index="6">
              <value>
                <![CDATA[400]]>
              </value>
            </param>
            <param index="7">
              <value>
                <![CDATA[[must be a well-formed email address]]]>
              </value>
            </param>
            <param index="8">
              <value>
                <![CDATA[Validate Error Msg - Email Value is Without @]]>
              </value>
            </param>
          </params>
          <reporter-output>
          </reporter-output>
        </test-method> <!-- bookingFieldsErrorMsg -->
        <test-method signature="bookingFieldsErrorMsg(java.lang.Integer,java.lang.String,java.lang.String,java.lang.Boolean,java.lang.String,java.lang.String,int,java.util.List,java.lang.String)[pri:0, instance:com.booking.TesNGBooking.CreateBookingTest@41a0aa7d]" started-at="2025-07-14T18:57:16 IST" name="bookingFieldsErrorMsg" data-provider="CreateBookingNegativeCaseData" finished-at="2025-07-14T18:57:16 IST" duration-ms="631" status="PASS">
          <params>
            <param index="0">
              <value>
                <![CDATA[2]]>
              </value>
            </param>
            <param index="1">
              <value>
                <![CDATA[Siva]]>
              </value>
            </param>
            <param index="2">
              <value>
                <![CDATA[Kumari]]>
              </value>
            </param>
            <param index="3">
              <value>
                <![CDATA[true]]>
              </value>
            </param>
            <param index="4">
              <value>
                <![CDATA[]]>
              </value>
            </param>
            <param index="5">
              <value>
                <![CDATA[24433234324]]>
              </value>
            </param>
            <param index="6">
              <value>
                <![CDATA[400]]>
              </value>
            </param>
            <param index="7">
              <value>
                <![CDATA[[must not be empty]]]>
              </value>
            </param>
            <param index="8">
              <value>
                <![CDATA[Validate Error Msg - Email Value is Empty]]>
              </value>
            </param>
          </params>
          <reporter-output>
          </reporter-output>
        </test-method> <!-- bookingFieldsErrorMsg -->
        <test-method signature="bookingFieldsErrorMsg(java.lang.Integer,java.lang.String,java.lang.String,java.lang.Boolean,java.lang.String,java.lang.String,int,java.util.List,java.lang.String)[pri:0, instance:com.booking.TesNGBooking.CreateBookingTest@41a0aa7d]" started-at="2025-07-14T18:57:16 IST" name="bookingFieldsErrorMsg" data-provider="CreateBookingNegativeCaseData" finished-at="2025-07-14T18:57:17 IST" duration-ms="354" status="PASS">
          <params>
            <param index="0">
              <value>
                <![CDATA[2]]>
              </value>
            </param>
            <param index="1">
              <value>
                <![CDATA[Siva]]>
              </value>
            </param>
            <param index="2">
              <value>
                <![CDATA[Kumari]]>
              </value>
            </param>
            <param index="3">
              <value>
                <![CDATA[true]]>
              </value>
            </param>
            <param index="4">
              <value>
                <![CDATA[ ]]>
              </value>
            </param>
            <param index="5">
              <value>
                <![CDATA[24433234324]]>
              </value>
            </param>
            <param index="6">
              <value>
                <![CDATA[400]]>
              </value>
            </param>
            <param index="7">
              <value>
                <![CDATA[[must be a well-formed email address]]]>
              </value>
            </param>
            <param index="8">
              <value>
                <![CDATA[Validate Error Msg - Email Value is Empty with Space]]>
              </value>
            </param>
          </params>
          <reporter-output>
          </reporter-output>
        </test-method> <!-- bookingFieldsErrorMsg -->
        <test-method signature="bookingFieldsErrorMsg(java.lang.Integer,java.lang.String,java.lang.String,java.lang.Boolean,java.lang.String,java.lang.String,int,java.util.List,java.lang.String)[pri:0, instance:com.booking.TesNGBooking.CreateBookingTest@41a0aa7d]" started-at="2025-07-14T18:57:17 IST" name="bookingFieldsErrorMsg" data-provider="CreateBookingNegativeCaseData" finished-at="2025-07-14T18:57:17 IST" duration-ms="260" status="PASS">
          <params>
            <param index="0">
              <value>
                <![CDATA[2]]>
              </value>
            </param>
            <param index="1">
              <value>
                <![CDATA[Siva]]>
              </value>
            </param>
            <param index="2">
              <value>
                <![CDATA[Kumari]]>
              </value>
            </param>
            <param index="3">
              <value>
                <![CDATA[true]]>
              </value>
            </param>
            <param index="4">
              <value is-null="true"/>
            </param>
            <param index="5">
              <value>
                <![CDATA[24433234324]]>
              </value>
            </param>
            <param index="6">
              <value>
                <![CDATA[400]]>
              </value>
            </param>
            <param index="7">
              <value>
                <![CDATA[[Failed to create booking]]]>
              </value>
            </param>
            <param index="8">
              <value>
                <![CDATA[Validate Error Msg - Email Value is null]]>
              </value>
            </param>
          </params>
          <reporter-output>
          </reporter-output>
        </test-method> <!-- bookingFieldsErrorMsg -->
        <test-method signature="bookingFieldsErrorMsg(java.lang.Integer,java.lang.String,java.lang.String,java.lang.Boolean,java.lang.String,java.lang.String,int,java.util.List,java.lang.String)[pri:0, instance:com.booking.TesNGBooking.CreateBookingTest@41a0aa7d]" started-at="2025-07-14T18:57:17 IST" name="bookingFieldsErrorMsg" data-provider="CreateBookingNegativeCaseData" finished-at="2025-07-14T18:57:17 IST" duration-ms="391" status="PASS">
          <params>
            <param index="0">
              <value>
                <![CDATA[2]]>
              </value>
            </param>
            <param index="1">
              <value>
                <![CDATA[Siva]]>
              </value>
            </param>
            <param index="2">
              <value>
                <![CDATA[Kumari]]>
              </value>
            </param>
            <param index="3">
              <value>
                <![CDATA[true]]>
              </value>
            </param>
            <param index="4">
              <value>
                <![CDATA[test1@gmail.com]]>
              </value>
            </param>
            <param index="5">
              <value>
                <![CDATA[4433234324]]>
              </value>
            </param>
            <param index="6">
              <value>
                <![CDATA[400]]>
              </value>
            </param>
            <param index="7">
              <value>
                <![CDATA[[size must be between 11 and 21]]]>
              </value>
            </param>
            <param index="8">
              <value>
                <![CDATA[Validate Error Msg - Phone Value is less than 11 numbers]]>
              </value>
            </param>
          </params>
          <reporter-output>
          </reporter-output>
        </test-method> <!-- bookingFieldsErrorMsg -->
        <test-method signature="bookingFieldsErrorMsg(java.lang.Integer,java.lang.String,java.lang.String,java.lang.Boolean,java.lang.String,java.lang.String,int,java.util.List,java.lang.String)[pri:0, instance:com.booking.TesNGBooking.CreateBookingTest@41a0aa7d]" started-at="2025-07-14T18:57:17 IST" name="bookingFieldsErrorMsg" data-provider="CreateBookingNegativeCaseData" finished-at="2025-07-14T18:57:18 IST" duration-ms="617" status="PASS">
          <params>
            <param index="0">
              <value>
                <![CDATA[2]]>
              </value>
            </param>
            <param index="1">
              <value>
                <![CDATA[Siva]]>
              </value>
            </param>
            <param index="2">
              <value>
                <![CDATA[Kumari]]>
              </value>
            </param>
            <param index="3">
              <value>
                <![CDATA[true]]>
              </value>
            </param>
            <param index="4">
              <value>
                <![CDATA[test1@gmail.com]]>
              </value>
            </param>
            <param index="5">
              <value>
                <![CDATA[4433234324443323432422]]>
              </value>
            </param>
            <param index="6">
              <value>
                <![CDATA[400]]>
              </value>
            </param>
            <param index="7">
              <value>
                <![CDATA[[size must be between 11 and 21]]]>
              </value>
            </param>
            <param index="8">
              <value>
                <![CDATA[Validate Error Msg - Phone Value is more than 21 numbers]]>
              </value>
            </param>
          </params>
          <reporter-output>
          </reporter-output>
        </test-method> <!-- bookingFieldsErrorMsg -->
        <test-method signature="bookingFieldsErrorMsg(java.lang.Integer,java.lang.String,java.lang.String,java.lang.Boolean,java.lang.String,java.lang.String,int,java.util.List,java.lang.String)[pri:0, instance:com.booking.TesNGBooking.CreateBookingTest@41a0aa7d]" started-at="2025-07-14T18:57:18 IST" name="bookingFieldsErrorMsg" data-provider="CreateBookingNegativeCaseData" finished-at="2025-07-14T18:57:20 IST" duration-ms="2092" status="PASS">
          <params>
            <param index="0">
              <value>
                <![CDATA[4]]>
              </value>
            </param>
            <param index="1">
              <value>
                <![CDATA[Siva]]>
              </value>
            </param>
            <param index="2">
              <value>
                <![CDATA[Kumari]]>
              </value>
            </param>
            <param index="3">
              <value>
                <![CDATA[true]]>
              </value>
            </param>
            <param index="4">
              <value>
                <![CDATA[test1@gmail.com]]>
              </value>
            </param>
            <param index="5">
              <value>
                <![CDATA[44332343244]]>
              </value>
            </param>
            <param index="6">
              <value>
                <![CDATA[200]]>
              </value>
            </param>
            <param index="7">
              <value is-null="true"/>
            </param>
            <param index="8">
              <value>
                <![CDATA[Validate Success Booking - Phone Value size is 11]]>
              </value>
            </param>
          </params>
          <reporter-output>
          </reporter-output>
        </test-method> <!-- bookingFieldsErrorMsg -->
        <test-method signature="bookingFieldsErrorMsg(java.lang.Integer,java.lang.String,java.lang.String,java.lang.Boolean,java.lang.String,java.lang.String,int,java.util.List,java.lang.String)[pri:0, instance:com.booking.TesNGBooking.CreateBookingTest@41a0aa7d]" started-at="2025-07-14T18:57:20 IST" name="bookingFieldsErrorMsg" data-provider="CreateBookingNegativeCaseData" finished-at="2025-07-14T18:57:20 IST" duration-ms="232" status="PASS">
          <params>
            <param index="0">
              <value>
                <![CDATA[1]]>
              </value>
            </param>
            <param index="1">
              <value>
                <![CDATA[Siva]]>
              </value>
            </param>
            <param index="2">
              <value>
                <![CDATA[Kumari]]>
              </value>
            </param>
            <param index="3">
              <value>
                <![CDATA[true]]>
              </value>
            </param>
            <param index="4">
              <value>
                <![CDATA[test1@gmail.com]]>
              </value>
            </param>
            <param index="5">
              <value>
                <![CDATA[443323432444343536354]]>
              </value>
            </param>
            <param index="6">
              <value>
                <![CDATA[200]]>
              </value>
            </param>
            <param index="7">
              <value is-null="true"/>
            </param>
            <param index="8">
              <value>
                <![CDATA[Validate Success Booking - Phone Value size is 21]]>
              </value>
            </param>
          </params>
          <reporter-output>
          </reporter-output>
        </test-method> <!-- bookingFieldsErrorMsg -->
        <test-method signature="bookingFieldsErrorMsg(java.lang.Integer,java.lang.String,java.lang.String,java.lang.Boolean,java.lang.String,java.lang.String,int,java.util.List,java.lang.String)[pri:0, instance:com.booking.TesNGBooking.CreateBookingTest@41a0aa7d]" started-at="2025-07-14T18:57:20 IST" name="bookingFieldsErrorMsg" data-provider="CreateBookingNegativeCaseData" finished-at="2025-07-14T18:57:21 IST" duration-ms="557" status="PASS">
          <params>
            <param index="0">
              <value>
                <![CDATA[2]]>
              </value>
            </param>
            <param index="1">
              <value>
                <![CDATA[Siva]]>
              </value>
            </param>
            <param index="2">
              <value>
                <![CDATA[Kumari]]>
              </value>
            </param>
            <param index="3">
              <value>
                <![CDATA[true]]>
              </value>
            </param>
            <param index="4">
              <value>
                <![CDATA[test1@gmail.com]]>
              </value>
            </param>
            <param index="5">
              <value>
                <![CDATA[]]>
              </value>
            </param>
            <param index="6">
              <value>
                <![CDATA[400]]>
              </value>
            </param>
            <param index="7">
              <value>
                <![CDATA[[size must be between 11 and 21, must not be empty]]]>
              </value>
            </param>
            <param index="8">
              <value>
                <![CDATA[Validate Error Msg - Phone Value is empty]]>
              </value>
            </param>
          </params>
          <reporter-output>
          </reporter-output>
        </test-method> <!-- bookingFieldsErrorMsg -->
        <test-method signature="bookingFieldsErrorMsg(java.lang.Integer,java.lang.String,java.lang.String,java.lang.Boolean,java.lang.String,java.lang.String,int,java.util.List,java.lang.String)[pri:0, instance:com.booking.TesNGBooking.CreateBookingTest@41a0aa7d]" started-at="2025-07-14T18:57:21 IST" name="bookingFieldsErrorMsg" data-provider="CreateBookingNegativeCaseData" finished-at="2025-07-14T18:57:21 IST" duration-ms="252" status="PASS">
          <params>
            <param index="0">
              <value>
                <![CDATA[2]]>
              </value>
            </param>
            <param index="1">
              <value>
                <![CDATA[Siva]]>
              </value>
            </param>
            <param index="2">
              <value>
                <![CDATA[Kumari]]>
              </value>
            </param>
            <param index="3">
              <value>
                <![CDATA[true]]>
              </value>
            </param>
            <param index="4">
              <value>
                <![CDATA[test1@gmail.com]]>
              </value>
            </param>
            <param index="5">
              <value>
                <![CDATA[ ]]>
              </value>
            </param>
            <param index="6">
              <value>
                <![CDATA[400]]>
              </value>
            </param>
            <param index="7">
              <value>
                <![CDATA[[size must be between 11 and 21]]]>
              </value>
            </param>
            <param index="8">
              <value>
                <![CDATA[Validate Error Msg - Phone Value is empty spaces]]>
              </value>
            </param>
          </params>
          <reporter-output>
          </reporter-output>
        </test-method> <!-- bookingFieldsErrorMsg -->
        <test-method signature="bookingFieldsErrorMsg(java.lang.Integer,java.lang.String,java.lang.String,java.lang.Boolean,java.lang.String,java.lang.String,int,java.util.List,java.lang.String)[pri:0, instance:com.booking.TesNGBooking.CreateBookingTest@41a0aa7d]" started-at="2025-07-14T18:57:21 IST" name="bookingFieldsErrorMsg" data-provider="CreateBookingNegativeCaseData" finished-at="2025-07-14T18:57:21 IST" duration-ms="245" status="PASS">
          <params>
            <param index="0">
              <value>
                <![CDATA[3]]>
              </value>
            </param>
            <param index="1">
              <value>
                <![CDATA[admin]]>
              </value>
            </param>
            <param index="2">
              <value>
                <![CDATA[admin]]>
              </value>
            </param>
            <param index="3">
              <value>
                <![CDATA[true]]>
              </value>
            </param>
            <param index="4">
              <value>
                <![CDATA[test1@gmail.com]]>
              </value>
            </param>
            <param index="5">
              <value is-null="true"/>
            </param>
            <param index="6">
              <value>
                <![CDATA[400]]>
              </value>
            </param>
            <param index="7">
              <value>
                <![CDATA[[Failed to create booking]]]>
              </value>
            </param>
            <param index="8">
              <value>
                <![CDATA[Validate Error Msg - Phone Value is null]]>
              </value>
            </param>
          </params>
          <reporter-output>
          </reporter-output>
        </test-method> <!-- bookingFieldsErrorMsg -->
        <test-method signature="createBooking(java.lang.Integer,java.lang.String,java.lang.String,java.lang.Boolean,java.lang.String,java.lang.String,int,java.lang.String)[pri:0, instance:com.booking.TesNGBooking.CreateBookingTest@41a0aa7d]" started-at="2025-07-14T18:57:21 IST" name="createBooking" data-provider="CreateBookingDetails" finished-at="2025-07-14T18:57:21 IST" duration-ms="227" status="PASS">
          <params>
            <param index="0">
              <value>
                <![CDATA[1]]>
              </value>
            </param>
            <param index="1">
              <value>
                <![CDATA[Siva]]>
              </value>
            </param>
            <param index="2">
              <value>
                <![CDATA[Kumari]]>
              </value>
            </param>
            <param index="3">
              <value>
                <![CDATA[true]]>
              </value>
            </param>
            <param index="4">
              <value>
                <![CDATA[test1@gmail.com]]>
              </value>
            </param>
            <param index="5">
              <value>
                <![CDATA[24433234324]]>
              </value>
            </param>
            <param index="6">
              <value>
                <![CDATA[200]]>
              </value>
            </param>
            <param index="7">
              <value>
                <![CDATA[Create Booking With all Valid Input]]>
              </value>
            </param>
          </params>
          <reporter-output>
          </reporter-output>
        </test-method> <!-- createBooking -->
        <test-method signature="createBooking(java.lang.Integer,java.lang.String,java.lang.String,java.lang.Boolean,java.lang.String,java.lang.String,int,java.lang.String)[pri:0, instance:com.booking.TesNGBooking.CreateBookingTest@41a0aa7d]" started-at="2025-07-14T18:57:21 IST" name="createBooking" data-provider="CreateBookingDetails" finished-at="2025-07-14T18:57:22 IST" duration-ms="304" status="PASS">
          <params>
            <param index="0">
              <value>
                <![CDATA[2]]>
              </value>
            </param>
            <param index="1">
              <value>
                <![CDATA[Siva]]>
              </value>
            </param>
            <param index="2">
              <value>
                <![CDATA[Kumari]]>
              </value>
            </param>
            <param index="3">
              <value>
                <![CDATA[false]]>
              </value>
            </param>
            <param index="4">
              <value>
                <![CDATA[test1@gmail.com]]>
              </value>
            </param>
            <param index="5">
              <value>
                <![CDATA[24433234324]]>
              </value>
            </param>
            <param index="6">
              <value>
                <![CDATA[200]]>
              </value>
            </param>
            <param index="7">
              <value>
                <![CDATA[Create Booking when Deposit Paid is False]]>
              </value>
            </param>
          </params>
          <reporter-output>
          </reporter-output>
        </test-method> <!-- createBooking -->
        <test-method signature="createBookingInvalidEndpoint()[pri:0, instance:com.booking.TesNGBooking.CreateBookingTest@41a0aa7d]" started-at="2025-07-14T18:57:22 IST" name="createBookingInvalidEndpoint" finished-at="2025-07-14T18:57:22 IST" duration-ms="442" status="PASS">
          <reporter-output>
          </reporter-output>
        </test-method> <!-- createBookingInvalidEndpoint -->
        <test-method signature="createBookingInvalidRequestType()[pri:0, instance:com.booking.TesNGBooking.CreateBookingTest@41a0aa7d]" started-at="2025-07-14T18:57:22 IST" name="createBookingInvalidRequestType" finished-at="2025-07-14T18:57:22 IST" duration-ms="244" status="PASS">
          <reporter-output>
          </reporter-output>
        </test-method> <!-- createBookingInvalidRequestType -->
      </class> <!-- com.booking.TesNGBooking.CreateBookingTest -->
      <class name="com.booking.TesNGBooking.DeleteBookingTest">
        <test-method is-config="true" signature="suiteSetup()[pri:0, instance:com.booking.TesNGBooking.DeleteBookingTest@60099951]" started-at="2025-07-14T18:57:22 IST" name="suiteSetup" finished-at="2025-07-14T18:57:23 IST" duration-ms="228" status="PASS">
          <reporter-output>
          </reporter-output>
        </test-method> <!-- suiteSetup -->
        <test-method signature="deleteBooking()[pri:0, instance:com.booking.TesNGBooking.DeleteBookingTest@60099951]" started-at="2025-07-14T18:57:23 IST" name="deleteBooking" finished-at="2025-07-14T18:57:23 IST" duration-ms="622" status="PASS">
          <reporter-output>
          </reporter-output>
        </test-method> <!-- deleteBooking -->
        <test-method signature="deleteInvalidBooking()[pri:0, instance:com.booking.TesNGBooking.DeleteBookingTest@60099951]" started-at="2025-07-14T18:57:23 IST" name="deleteInvalidBooking" finished-at="2025-07-14T18:57:23 IST" duration-ms="234" status="PASS">
          <reporter-output>
          </reporter-output>
        </test-method> <!-- deleteInvalidBooking -->
      </class> <!-- com.booking.TesNGBooking.DeleteBookingTest -->
    </test> <!-- Booking API Tests -->
  </suite> <!-- Booking API Suite -->
</testng-results>
