<?xml version="1.0" encoding="UTF-8"?>
<!-- Generated by org.testng.reporters.JUnitXMLReporter -->
<testsuite ignored="0" hostname="Sivakumari" failures="6" tests="46" name="Booking API Tests" time="20.338" errors="0" timestamp="2025-07-14T18:57:24 IST">
  <testcase classname="com.booking.TesNGBooking.CreateBookingTest" name="bookingDatesErrorMsg" time="0.608"/>
  <testcase classname="com.booking.TesNGBooking.CreateBookingTest" name="bookingDatesErrorMsg" time="0.278"/>
  <testcase classname="com.booking.TesNGBooking.CreateBookingTest" name="bookingDatesErrorMsg" time="0.46"/>
  <testcase classname="com.booking.TesNGBooking.CreateBookingTest" name="bookingDatesErrorMsg" time="0.446"/>
  <testcase classname="com.booking.TesNGBooking.CreateBookingTest" name="bookingDatesErrorMsg" time="0.273"/>
  <testcase classname="com.booking.TesNGBooking.CreateBookingTest" name="bookingDatesErrorMsg" time="0.224">
    <failure type="java.lang.AssertionError" message="Status Code is Wrong expected [400] but found [500]">
      <![CDATA[java.lang.AssertionError: Status Code is Wrong expected [400] but found [500]
at com.booking.TesNGBooking.CreateBookingTest.bookingDatesErrorMsg(CreateBookingTest.java:79)
at java.base/java.util.ArrayList.forEach(ArrayList.java:1511)
... Removed 36 stack frames]]>
    </failure>
  </testcase> <!-- bookingDatesErrorMsg -->
  <testcase classname="com.booking.TesNGBooking.CreateBookingTest" name="bookingDatesErrorMsg" time="0.304">
    <failure type="java.lang.AssertionError" message="Status Code is Wrong expected [400] but found [500]">
      <![CDATA[java.lang.AssertionError: Status Code is Wrong expected [400] but found [500]
at com.booking.TesNGBooking.CreateBookingTest.bookingDatesErrorMsg(CreateBookingTest.java:79)
at java.base/java.util.ArrayList.forEach(ArrayList.java:1511)
... Removed 36 stack frames]]>
    </failure>
  </testcase> <!-- bookingDatesErrorMsg -->
  <testcase classname="com.booking.TesNGBooking.CreateBookingTest" name="bookingDatesErrorMsg" time="0.219">
    <failure type="java.lang.AssertionError" message="Status Code is Wrong expected [400] but found [500]">
      <![CDATA[java.lang.AssertionError: Status Code is Wrong expected [400] but found [500]
at com.booking.TesNGBooking.CreateBookingTest.bookingDatesErrorMsg(CreateBookingTest.java:79)
at java.base/java.util.ArrayList.forEach(ArrayList.java:1511)
... Removed 36 stack frames]]>
    </failure>
  </testcase> <!-- bookingDatesErrorMsg -->
  <testcase classname="com.booking.TesNGBooking.CreateBookingTest" name="bookingDatesErrorMsg" time="0.441">
    <failure type="java.lang.AssertionError" message="Status Code is Wrong expected [400] but found [500]">
      <![CDATA[java.lang.AssertionError: Status Code is Wrong expected [400] but found [500]
at com.booking.TesNGBooking.CreateBookingTest.bookingDatesErrorMsg(CreateBookingTest.java:79)
at java.base/java.util.ArrayList.forEach(ArrayList.java:1511)
... Removed 36 stack frames]]>
    </failure>
  </testcase> <!-- bookingDatesErrorMsg -->
  <testcase classname="com.booking.TesNGBooking.CreateBookingTest" name="bookingDatesErrorMsg" time="0.22">
    <failure type="java.lang.AssertionError" message="Status Code is Wrong expected [400] but found [200]">
      <![CDATA[java.lang.AssertionError: Status Code is Wrong expected [400] but found [200]
at com.booking.TesNGBooking.CreateBookingTest.bookingDatesErrorMsg(CreateBookingTest.java:79)
at java.base/java.util.ArrayList.forEach(ArrayList.java:1511)
... Removed 36 stack frames]]>
    </failure>
  </testcase> <!-- bookingDatesErrorMsg -->
  <testcase classname="com.booking.TesNGBooking.CreateBookingTest" name="bookingDatesErrorMsg" time="0.24"/>
  <testcase classname="com.booking.TesNGBooking.CreateBookingTest" name="bookingDatesErrorMsg" time="0.269"/>
  <testcase classname="com.booking.TesNGBooking.CreateBookingTest" name="bookingFieldsErrorMsg" time="0.221"/>
  <testcase classname="com.booking.TesNGBooking.CreateBookingTest" name="bookingFieldsErrorMsg" time="0.239"/>
  <testcase classname="com.booking.TesNGBooking.CreateBookingTest" name="bookingFieldsErrorMsg" time="0.267"/>
  <testcase classname="com.booking.TesNGBooking.CreateBookingTest" name="bookingFieldsErrorMsg" time="0.475"/>
  <testcase classname="com.booking.TesNGBooking.CreateBookingTest" name="bookingFieldsErrorMsg" time="0.231"/>
  <testcase classname="com.booking.TesNGBooking.CreateBookingTest" name="bookingFieldsErrorMsg" time="0.23"/>
  <testcase classname="com.booking.TesNGBooking.CreateBookingTest" name="bookingFieldsErrorMsg" time="0.237"/>
  <testcase classname="com.booking.TesNGBooking.CreateBookingTest" name="bookingFieldsErrorMsg" time="0.206"/>
  <testcase classname="com.booking.TesNGBooking.CreateBookingTest" name="bookingFieldsErrorMsg" time="0.344"/>
  <testcase classname="com.booking.TesNGBooking.CreateBookingTest" name="bookingFieldsErrorMsg" time="0.251"/>
  <testcase classname="com.booking.TesNGBooking.CreateBookingTest" name="bookingFieldsErrorMsg" time="0.244"/>
  <testcase classname="com.booking.TesNGBooking.CreateBookingTest" name="bookingFieldsErrorMsg" time="0.285"/>
  <testcase classname="com.booking.TesNGBooking.CreateBookingTest" name="bookingFieldsErrorMsg" time="0.23"/>
  <testcase classname="com.booking.TesNGBooking.CreateBookingTest" name="bookingFieldsErrorMsg" time="0.234"/>
  <testcase classname="com.booking.TesNGBooking.CreateBookingTest" name="bookingFieldsErrorMsg" time="0.591"/>
  <testcase classname="com.booking.TesNGBooking.CreateBookingTest" name="bookingFieldsErrorMsg" time="0.24">
    <failure type="java.lang.AssertionError" message="Wrong status code expected [400] but found [200]">
      <![CDATA[java.lang.AssertionError: Wrong status code expected [400] but found [200]
at com.booking.TesNGBooking.CreateBookingTest.bookingFieldsErrorMsg(CreateBookingTest.java:57)
at java.base/java.util.ArrayList.forEach(ArrayList.java:1511)
... Removed 36 stack frames]]>
    </failure>
  </testcase> <!-- bookingFieldsErrorMsg -->
  <testcase classname="com.booking.TesNGBooking.CreateBookingTest" name="bookingFieldsErrorMsg" time="1.309"/>
  <testcase classname="com.booking.TesNGBooking.CreateBookingTest" name="bookingFieldsErrorMsg" time="0.257"/>
  <testcase classname="com.booking.TesNGBooking.CreateBookingTest" name="bookingFieldsErrorMsg" time="0.631"/>
  <testcase classname="com.booking.TesNGBooking.CreateBookingTest" name="bookingFieldsErrorMsg" time="0.354"/>
  <testcase classname="com.booking.TesNGBooking.CreateBookingTest" name="bookingFieldsErrorMsg" time="0.26"/>
  <testcase classname="com.booking.TesNGBooking.CreateBookingTest" name="bookingFieldsErrorMsg" time="0.391"/>
  <testcase classname="com.booking.TesNGBooking.CreateBookingTest" name="bookingFieldsErrorMsg" time="0.617"/>
  <testcase classname="com.booking.TesNGBooking.CreateBookingTest" name="bookingFieldsErrorMsg" time="2.092"/>
  <testcase classname="com.booking.TesNGBooking.CreateBookingTest" name="bookingFieldsErrorMsg" time="0.232"/>
  <testcase classname="com.booking.TesNGBooking.CreateBookingTest" name="bookingFieldsErrorMsg" time="0.557"/>
  <testcase classname="com.booking.TesNGBooking.CreateBookingTest" name="bookingFieldsErrorMsg" time="0.252"/>
  <testcase classname="com.booking.TesNGBooking.CreateBookingTest" name="bookingFieldsErrorMsg" time="0.245"/>
  <testcase classname="com.booking.TesNGBooking.CreateBookingTest" name="createBooking" time="0.227"/>
  <testcase classname="com.booking.TesNGBooking.CreateBookingTest" name="createBooking" time="0.304"/>
  <testcase classname="com.booking.TesNGBooking.CreateBookingTest" name="createBookingInvalidEndpoint" time="0.442"/>
  <testcase classname="com.booking.TesNGBooking.CreateBookingTest" name="createBookingInvalidRequestType" time="0.244"/>
  <testcase classname="com.booking.TesNGBooking.DeleteBookingTest" name="deleteBooking" time="0.622"/>
  <testcase classname="com.booking.TesNGBooking.DeleteBookingTest" name="deleteInvalidBooking" time="0.234"/>
</testsuite> <!-- Booking API Tests -->
