<?xml version="1.0" encoding="UTF-8"?>
<!-- Generated by org.testng.reporters.JUnitReportReporter -->
<testsuite hostname="Sivakumari" failures="0" tests="2" name="com.booking.TesNGBooking.DeleteBookingTest" time="0.856" errors="0" timestamp="2025-07-14T18:57:24 IST" skipped="0">
  <testcase classname="com.booking.TesNGBooking.DeleteBookingTest" name="deleteInvalidBooking" time="0.234"/>
  <system-out/>
  <testcase classname="com.booking.TesNGBooking.DeleteBookingTest" name="deleteBooking" time="0.622"/>
  <system-out/>
</testsuite> <!-- com.booking.TesNGBooking.DeleteBookingTest -->
